 **** WARNING!!! Days until program expires :   0 ****
 **** CONTACT idssoftware@iconplc.com FOR RENEWAL ****
NONLINEAR MIXED EFFECTS MODEL PROGRAM (NONMEM) VERSION 7.4.1
ORIGINALLY DEVELOPED BY STUART BEAL, LEWIS SHEINER, AND ALISON BOECKMANN
CURRENT DEVELOPERS ARE ROBERT BAUER, ICON DEVELOPMENT SOLUTIONS,
AND ALISON BOECKMANN. IMPLEMENTATION, EFFICIENCY, AND STANDARDIZATION
PERFORMED BY NOUS INFOSYSTEMS.

PROBLEM NO.:         1
INDOBUFEN PKPD Simulation (R and S form PK and Platelet Aggregation)

DATA CHECKOUT RUN:              NO
DATA SET LOCATED ON UNIT NO.:    2
THIS UNIT TO BE REWOUND:        NO
NO. OF DATA RECS IN DATA SET:      386
NO. OF DATA ITEMS IN DATA SET:  12
ID DATA ITEM IS DATA ITEM NO.:   1
DEP VARIABLE IS DATA ITEM NO.:   5
MDV DATA ITEM IS DATA ITEM NO.:  9

INDICES PASSED TO SUBROUTINE PRED:
  8   2   3   4   0   0  10   0   0   0   0

LABELS FOR DATA ITEMS:
ID TIME AMT RATE DV MPA FLAG EVID MDV CMT BASE TRAC

(NONBLANK) LABELS FOR PRED-DEFINED ITEMS:
C50R C50S ISR GAM IMAX

FORMAT FOR DATA:
(E3.0,E5.0,E4.0,E3.0,E8.0,E3.0,4E2.0,E6.0,E2.0)

TOT. NO. OF OBS RECS:      288
TOT. NO. OF INDIVIDUALS:       12

LENGTH OF THETA:  29

DEFAULT THETA BOUNDARY TEST OMITTED:    NO

OMEGA HAS BLOCK FORM:
 1
 1  1
 0  0  2
 0  0  0  3
 0  0  0  0  4
 0  0  0  0  0  5
 0  0  0  0  0  0  6
 0  0  0  0  0  0  6  6
 0  0  0  0  0  0  0  0  7
 0  0  0  0  0  0  0  0  0  8
 0  0  0  0  0  0  0  0  0  0  9
 0  0  0  0  0  0  0  0  0  0  0 10
 0  0  0  0  0  0  0  0  0  0  0  0 11
 0  0  0  0  0  0  0  0  0  0  0  0 11 11
 0  0  0  0  0  0  0  0  0  0  0  0  0  0 12
 0  0  0  0  0  0  0  0  0  0  0  0  0  0  0 13

DEFAULT OMEGA BOUNDARY TEST OMITTED:    NO

SIGMA HAS SIMPLE DIAGONAL FORM WITH DIMENSION:   3

DEFAULT SIGMA BOUNDARY TEST OMITTED:    NO

INITIAL ESTIMATE OF THETA:
LOWER BOUND    INITIAL EST    UPPER BOUND
 0.2540E+01     0.2540E+01     0.2540E+01
 0.1980E+00     0.1980E+00     0.1980E+00
 0.1080E+01     0.1080E+01     0.1080E+01
 0.7370E+01     0.7370E+01     0.7370E+01
 0.4010E+00     0.4010E+00     0.4010E+00
 0.2250E+00     0.2250E+00     0.2250E+00
 0.7890E+00     0.7890E+00     0.7890E+00
 0.2900E+00     0.2900E+00     0.2900E+00
 0.9510E-01     0.9510E-01     0.9510E-01
 0.8440E+01     0.8440E+01     0.8440E+01
 0.3320E+00     0.3320E+00     0.3320E+00
 0.2010E+01     0.2010E+01     0.2010E+01
 0.4940E+00     0.4940E+00     0.4940E+00
 0.3810E+00     0.3810E+00     0.3810E+00
 0.1440E+01     0.1440E+01     0.1440E+01
 0.4090E+00     0.4090E+00     0.4090E+00
 0.2890E+00     0.2890E+00     0.2890E+00
 0.7260E+00     0.7260E+00     0.7260E+00
 0.6000E+00     0.6000E+00     0.6000E+00
 0.5890E-01     0.5890E-01     0.5890E-01
 0.2590E+01     0.2590E+01     0.2590E+01
 0.4390E+00     0.4390E+00     0.4390E+00
 0.0000E+00     0.6750E+01     0.1000E+07
 0.0000E+00     0.4870E+02     0.1000E+07
-0.1000E+07    -0.1000E+00     0.1000E+07
 0.0000E+00     0.2540E+01     0.1000E+07
 0.0000E+00     0.6380E+01     0.1000E+07
 0.0000E+00     0.1210E+02     0.1000E+07
 0.0000E+00     0.0000E+00     0.0000E+00

INITIAL ESTIMATE OF OMEGA:
BLOCK SET NO.   BLOCK                                                                    FIXED
       1                                                                                  YES
                 0.1300E+00
                 0.8570E-01   0.2370E+00
       2                                                                                  YES
                 0.5250E-01
       3                                                                                  YES
                 0.1340E+00
       4                                                                                  YES
                 0.9030E-01
       5                                                                                  YES
                 0.3020E+00
       6                                                                                  YES
                 0.1760E+00
                 0.1350E+00   0.1540E+00
       7                                                                                  YES
                 0.1950E-01
       8                                                                                  YES
                 0.4540E+00
       9                                                                                  YES
                 0.2770E-01
      10                                                                                  YES
                 0.4120E+00
      11                                                                                   NO
                 0.1610E+01
                -0.7360E+00   0.6770E+00
      12                                                                                   NO
                 0.1880E+00
      13                                                                                   NO
                 0.7090E-02

INITIAL ESTIMATE OF SIGMA:
0.1000E+01
0.0000E+00   0.1000E+01
0.0000E+00   0.0000E+00   0.1000E+01

SIGMA CONSTRAINED TO BE THIS INITIAL ESTIMATE

COVARIANCE STEP OMITTED:        NO
EIGENVLS. PRINTED:             YES
SPECIAL COMPUTATION:            NO
COMPRESSED FORMAT:              NO
GRADIENT METHOD USED:       SLOW
SIGDIGITS ETAHAT (SIGLO):                  -1
SIGDIGITS GRADIENTS (SIGL):                -1
EXCLUDE COV FOR FOCE (NOFCOV):              NO
TURN OFF Cholesky Transposition of R Matrix (CHOLROFF): NO
KNUTHSUMOFF:                                -1
RESUME COV ANALYSIS (RESUME):               NO
SIR SAMPLE SIZE (SIRSAMPLE):              -1
NON-LINEARLY TRANSFORM THETAS DURING COV (THBND): 1
PRECONDTIONING CYCLES (PRECOND):        0
PRECONDTIONING TYPES (PRECONDS):        TOS
FORCED PRECONDTIONING CYCLES (PFCOND):0
PRECONDTIONING TYPE (PRETYPE):        0
FORCED POS. DEFINITE SETTING: (FPOSDEF):0

TABLES STEP OMITTED:    NO
NO. OF TABLES:           3
SEED NUMBER (SEED):    11456
RANMETHOD:             3U
MC SAMPLES (ESAMPLE):    300
WRES SQUARE ROOT TYPE (WRESCHOL): EIGENVALUE

-- TABLE   1 --

RECORDS ONLY:    ALL

4 COLUMNS APPENDED:    YES
PRINTED:                NO
HEADER:                YES
FILE TO BE FORWARDED:   NO
FORMAT:                S1PE11.4
LFORMAT:
RFORMAT:
FIXED_EFFECT_ETAS:

USER-CHOSEN ITEMS:
ID TIME MDV CWRES NPDE

-- TABLE   2 --

RECORDS ONLY:    FIRSTONLY

4 COLUMNS APPENDED:    NO
PRINTED:                NO
HEADER:                YES
FILE TO BE FORWARDED:   NO
FORMAT:                S1PE11.4
LFORMAT:
RFORMAT:
FIXED_EFFECT_ETAS:

USER-CHOSEN ITEMS:
ID BASE ET13 ET14 ET15 ET16

-- TABLE   3 --

RECORDS ONLY:    FIRSTONLY

4 COLUMNS APPENDED:    NO
PRINTED:                NO
HEADER:                YES
FILE TO BE FORWARDED:   NO
FORMAT:                S1PE11.4
LFORMAT:
RFORMAT:
FIXED_EFFECT_ETAS:

USER-CHOSEN ITEMS:
ID C50R C50S ISR GAM IMAX
DOUBLE PRECISION PREDPP VERSION 7.4.1

GENERAL NONLINEAR KINETICS MODEL WITH STIFF/NONSTIFF EQUATIONS (LSODA, ADVAN13)

MODEL SUBROUTINE USER-SUPPLIED - ID NO. 9999

MAXIMUM NO. OF BASIC PK PARAMETERS:  10

COMPARTMENT ATTRIBUTES
COMPT. NO.   FUNCTION   INITIAL    ON/OFF      DOSE      DEFAULT    DEFAULT
                        STATUS     ALLOWED    ALLOWED    FOR DOSE   FOR OBS.
   1         GUT          ON         YES        YES        YES        NO
   2         CENTRAL      ON         YES        YES        NO         YES
   3         PERI         ON         YES        YES        NO         NO
   4         GUT2         ON         YES        YES        NO         NO
   5         CENTRAL2     ON         YES        YES        NO         NO
   6         PERI2        ON         YES        YES        NO         NO
   7         OUTPUT       OFF        YES        NO         NO         NO
INITIAL (BASE) TOLERANCE SETTINGS:
NRD (RELATIVE) VALUE(S) OF TOLERANCE:   6
ANRD (ABSOLUTE) VALUE(S) OF TOLERANCE:  12

ADDITIONAL PK PARAMETERS - ASSIGNMENT OF ROWS IN GG
COMPT. NO.                             INDICES
             SCALE      BIOAVAIL.   ZERO-ORDER  ZERO-ORDER  ABSORB
                        FRACTION    RATE        DURATION    LAG
   1            *          13           *           *           *
   2           15          14           *          11          12
   3            *           *           *           *           *
   4            *          18           *           *           *
   5           20          19           *          16          17
   6            *           *           *           *           *
   7            *           -           -           -           -
            - PARAMETER IS NOT ALLOWED FOR THIS MODEL
            * PARAMETER IS NOT SUPPLIED BY PK SUBROUTINE;
              WILL DEFAULT TO ONE IF APPLICABLE

DATA ITEM INDICES USED BY PRED ARE:
  EVENT ID DATA ITEM IS DATA ITEM NO.:      8
  TIME DATA ITEM IS DATA ITEM NO.:          2
  DOSE AMOUNT DATA ITEM IS DATA ITEM NO.:   3
  DOSE RATE DATA ITEM IS DATA ITEM NO.:     4
  COMPT. NO. DATA ITEM IS DATA ITEM NO.:   10


PK SUBROUTINE CALLED WITH EVERY EVENT RECORD.
PK SUBROUTINE NOT CALLED AT NONEVENT (ADDITIONAL OR LAGGED) DOSE TIMES.

ERROR SUBROUTINE CALLED WITH EVERY EVENT RECORD.

ERROR SUBROUTINE INDICATES THAT DERIVATIVES OF COMPARTMENT AMOUNTS ARE USED.

DES SUBROUTINE USES COMPACT STORAGE MODE.



#TBLN:      1
#METH: First Order Conditional Estimation with Interaction

ESTIMATION STEP OMITTED:                 NO
ANALYSIS TYPE:                           POPULATION
NUMBER OF SADDLE POINT RESET ITERATIONS:      0
GRADIENT METHOD USED:               SLOW
CONDITIONAL ESTIMATES USED:              YES
CENTERED ETA:                            NO
EPS-ETA INTERACTION:                     YES
LAPLACIAN OBJ. FUNC.:                    NO
NO. OF FUNCT. EVALS. ALLOWED:            9999
NO. OF SIG. FIGURES REQUIRED:            3
INTERMEDIATE PRINTOUT:                   YES
ESTIMATE OUTPUT TO MSF:                  YES
IND. OBJ. FUNC. VALUES SORTED:           YES
NUMERICAL DERIVATIVE
      FILE REQUEST (NUMDER):               NONE
MAP (ETAHAT) ESTIMATION METHOD (OPTMAP):   0
ETA HESSIAN EVALUATION METHOD (ETADER):    0
INITIAL ETA FOR MAP ESTIMATION (MCETA):    0
SIGDIGITS FOR MAP ESTIMATION (SIGLO):      100
GRADIENT SIGDIGITS OF
      FIXED EFFECTS PARAMETERS (SIGL):     100
NOPRIOR SETTING (NOPRIOR):                 OFF
NOCOV SETTING (NOCOV):                     OFF
DERCONT SETTING (DERCONT):                 OFF
FINAL ETA RE-EVALUATION (FNLETA):          ON
EXCLUDE NON-INFLUENTIAL (NON-INFL.) ETAS
      IN SHRINKAGE (ETASTYPE):             NO
NON-INFL. ETA CORRECTION (NONINFETA):      OFF
RAW OUTPUT FILE (FILE): 3201B101.ext
EXCLUDE TITLE (NOTITLE):                   NO
EXCLUDE COLUMN LABELS (NOLABEL):           NO
FORMAT FOR ADDITIONAL FILES (FORMAT):      S1PE12.5
PARAMETER ORDER FOR OUTPUTS (ORDER):       TSOL
WISHART PRIOR DF INTERPRETATION (WISHTYPE):0
KNUTHSUMOFF:                               0
INCLUDE LNTWOPI:                           NO
INCLUDE CONSTANT TERM TO PRIOR (PRIORC):   NO
INCLUDE CONSTANT TERM TO OMEGA (ETA) (OLNTWOPI):NO
ADDITIONAL CONVERGENCE TEST (CTYPE=4)?:    NO
EM OR BAYESIAN METHOD USED:                 NONE

TOLERANCES FOR ESTIMATION/EVALUATION STEP:
NRD (RELATIVE) VALUE(S) OF TOLERANCE:   6
ANRD (ABSOLUTE) VALUE(S) OF TOLERANCE:  12
TOLERANCES FOR COVARIANCE STEP:
NRD (RELATIVE) VALUE(S) OF TOLERANCE:   6
ANRD (ABSOLUTE) VALUE(S) OF TOLERANCE:  12
TOLERANCES FOR TABLE/SCATTER STEP:
NRD (RELATIVE) VALUE(S) OF TOLERANCE:   6
ANRD (ABSOLUTE) VALUE(S) OF TOLERANCE:  12

THE FOLLOWING LABELS ARE EQUIVALENT
PRED=PREDI
RES=RESI
WRES=WRESI
IWRS=IWRESI
IPRD=IPREDI
IRS=IRESI

MONITORING OF SEARCH:



ITERATION NO.:    0    OBJECTIVE VALUE:   687.677396771195        NO. OF FUNC. EVALS.:  12
CUMULATIVE NO. OF FUNC. EVALS.:       12
NPARAMETR:  6.7500E+00  4.8700E+01 -1.0000E-01  2.5400E+00  6.3800E+00  1.2100E+01  1.6100E+00 -7.3600E-01  6.7700E-01  1.8800E-01
            7.0900E-03
PARAMETER:  1.0000E-01  1.0000E-01 -1.0000E-01  1.0000E-01  1.0000E-01  1.0000E-01  1.0000E-01 -1.0000E-01  1.0000E-01  1.0000E-01
            1.0000E-01
GRADIENT:   0.0000E+00  0.0000E+00  0.0000E+00  0.0000E+00  0.0000E+00  0.0000E+00  0.0000E+00  0.0000E+00  0.0000E+00  0.0000E+00
            0.0000E+00


ITERATION NO.:    2    OBJECTIVE VALUE:   687.677396771195        NO. OF FUNC. EVALS.:  22
CUMULATIVE NO. OF FUNC. EVALS.:       34
NPARAMETR:  6.7500E+00  4.8700E+01 -1.0000E-01  2.5400E+00  6.3800E+00  1.2100E+01  1.6100E+00 -7.3600E-01  6.7700E-01  1.8800E-01
            7.0900E-03
PARAMETER:  1.0000E-01  1.0000E-01 -1.0000E-01  1.0000E-01  1.0000E-01  1.0000E-01  1.0000E-01 -1.0000E-01  1.0000E-01  1.0000E-01
            1.0000E-01
GRADIENT:   0.0000E+00  0.0000E+00  0.0000E+00  0.0000E+00  0.0000E+00  0.0000E+00  0.0000E+00  0.0000E+00  0.0000E+00  0.0000E+00
            0.0000E+00

#TERM:

MINIMIZATION TERMINATED
DUE TO ZERO GRADIENT

NO. OF SIG. DIGITS IS EFFECTIVELY INFINITE
HOWEVER, IT IS ADVISABLE TO REGARD THESE RESULTS CAREFULLY BEFORE ACCEPTING THEM
NO. OF FUNCTION EVALUATIONS USED:       34
NO. OF SIG. DIGITS UNREPORTABLE

ETABAR IS THE ARITHMETIC MEAN OF THE ETA-ESTIMATES,
AND THE P-VALUE IS GIVEN FOR THE NULL HYPOTHESIS THAT THE TRUE MEAN IS 0.

ETABAR:        -1.3115E-02 -4.4518E-02  2.0959E-02 -1.2133E-01 -1.1106E-01  1.0501E-01 -2.1712E-01 -1.6333E-02  1.0755E-02  1.0239E-
               -7.1810E-03  1.5585E-02  0.0000E+00  0.0000E+00  0.0000E+00  0.0000E+00
SE:             8.5822E-02  1.0848E-01  4.4387E-02  1.1354E-01  5.3697E-02  1.3297E-01  1.1825E-01  1.1096E-01  1.6052E-02  1.8163E-
                4.5100E-02  1.7284E-01  0.0000E+00  0.0000E+00  0.0000E+00  0.0000E+00
N:                      12          12          12          12          12          12          12          12          12
                        12          12          12          12          12          12

P VAL.:         8.7854E-01  6.8152E-01  6.3679E-01  2.8527E-01  3.8608E-02  4.2969E-01  6.6337E-02  8.8298E-01  5.0284E-01  9.5505E-
                8.7349E-01  9.2815E-01  1.0000E+00  1.0000E+00  1.0000E+00  1.0000E+00

ETASHRINKSD(%)  1.3878E+01  1.9380E+01  2.9909E+01  1.0000E-10  3.5346E+01  1.2456E+01  1.0000E-10  1.0000E-10  5.8410E+01  2.4684E+
                1.9551E+00  2.5745E+00  1.0000E+02  1.0000E+02  1.0000E+02  1.0000E+02
ETASHRINKVR(%)  2.5831E+01  3.5004E+01  5.0873E+01  1.0000E-10  5.8199E+01  2.3360E+01  1.0000E-10  1.0000E-10  8.2703E+01  4.8759E+
                3.8721E+00  5.0827E+00  1.0000E+02  1.0000E+02  1.0000E+02  1.0000E+02
EBVSHRINKSD(%)  2.1822E+00  5.0900E+00  4.7003E+01  1.1798E+01  1.3751E+01  7.5136E+00  2.2721E+00  1.4300E+00  6.0321E+01  2.1904E+
                6.9317E+00  6.5088E+00  1.0000E+02  1.0000E+02  1.0000E+02  1.0000E+02
EBVSHRINKVR(%)  4.3168E+00  9.9208E+00  7.1913E+01  2.2205E+01  2.5611E+01  1.4463E+01  4.4926E+00  2.8395E+00  8.4255E+01  4.3328E+
                1.3383E+01  1.2594E+01  1.0000E+02  1.0000E+02  1.0000E+02  1.0000E+02
EPSSHRINKSD(%)  1.5490E+01  1.9629E+01  1.0000E+02
EPSSHRINKVR(%)  2.8581E+01  3.5406E+01  1.0000E+02


TOTAL DATA POINTS NORMALLY DISTRIBUTED (N):          288
N*LOG(2PI) CONSTANT TO OBJECTIVE FUNCTION:    529.30859512589143
OBJECTIVE FUNCTION VALUE WITHOUT CONSTANT:    687.67739677119528
OBJECTIVE FUNCTION VALUE WITH CONSTANT:       1216.9859918970867
REPORTED OBJECTIVE FUNCTION DOES NOT CONTAIN CONSTANT

TOTAL EFFECTIVE ETAS (NIND*NETA):                           144

#TERE:
Elapsed estimation  time in seconds:    38.00
Elapsed postprocess time in seconds:     3.57





















************************************************************************************************************************
********************                                                                                ********************
********************               FIRST ORDER CONDITIONAL ESTIMATION WITH INTERACTION              ********************
#OBJT:**************                       MINIMUM VALUE OF OBJECTIVE FUNCTION                      ********************
********************                                                                                ********************
************************************************************************************************************************






#OBJV:********************************************      687.677       **************************************************

************************************************************************************************************************
********************                                                                                ********************
********************               FIRST ORDER CONDITIONAL ESTIMATION WITH INTERACTION              ********************
********************                             FINAL PARAMETER ESTIMATE                           ********************
********************                                                                                ********************
************************************************************************************************************************



THETA - VECTOR OF FIXED EFFECTS PARAMETERS   *********


        TH 1      TH 2      TH 3      TH 4      TH 5      TH 6      TH 7      TH 8      TH 9      TH10      TH11      TH12
         TH13      TH14      TH15      TH16      TH17      TH18      TH19      TH20      TH21      TH22      TH23      TH24
        TH25      TH26      TH27      TH28      TH29

        2.54E+00  1.98E-01  1.08E+00  7.37E+00  4.01E-01  2.25E-01  7.89E-01  2.90E-01  9.51E-02  8.44E+00  3.32E-01  2.01E+00
         4.94E-01  3.81E-01  1.44E+00  4.09E-01  2.89E-01  7.26E-01  6.00E-01  5.89E-02  2.59E+00  4.39E-01  6.75E+00  4.87E+01
       -1.00E-01  2.54E+00  6.38E+00  1.21E+01  0.00E+00



OMEGA - COV MATRIX FOR RANDOM EFFECTS - ETAS  ********


        ETA1      ETA2      ETA3      ETA4      ETA5      ETA6      ETA7      ETA8      ETA9      ET10      ET11      ET12
         ET13      ET14      ET15      ET16

ETA1    1.30E-01

ETA2    8.57E-02  2.37E-01

ETA3    0.00E+00  0.00E+00  5.25E-02

ETA4    0.00E+00  0.00E+00  0.00E+00  1.34E-01

ETA5    0.00E+00  0.00E+00  0.00E+00  0.00E+00  9.03E-02

ETA6    0.00E+00  0.00E+00  0.00E+00  0.00E+00  0.00E+00  3.02E-01

ETA7    0.00E+00  0.00E+00  0.00E+00  0.00E+00  0.00E+00  0.00E+00  1.76E-01

ETA8    0.00E+00  0.00E+00  0.00E+00  0.00E+00  0.00E+00  0.00E+00  1.35E-01  1.54E-01

ETA9    0.00E+00  0.00E+00  0.00E+00  0.00E+00  0.00E+00  0.00E+00  0.00E+00  0.00E+00  1.95E-02

ET10    0.00E+00  0.00E+00  0.00E+00  0.00E+00  0.00E+00  0.00E+00  0.00E+00  0.00E+00  0.00E+00  4.54E-01

ET11    0.00E+00  0.00E+00  0.00E+00  0.00E+00  0.00E+00  0.00E+00  0.00E+00  0.00E+00  0.00E+00  0.00E+00  2.77E-02

ET12    0.00E+00  0.00E+00  0.00E+00  0.00E+00  0.00E+00  0.00E+00  0.00E+00  0.00E+00  0.00E+00  0.00E+00  0.00E+00  4.12E-01

ET13    0.00E+00  0.00E+00  0.00E+00  0.00E+00  0.00E+00  0.00E+00  0.00E+00  0.00E+00  0.00E+00  0.00E+00  0.00E+00  0.00E+00
         1.61E+00

ET14    0.00E+00  0.00E+00  0.00E+00  0.00E+00  0.00E+00  0.00E+00  0.00E+00  0.00E+00  0.00E+00  0.00E+00  0.00E+00  0.00E+00
        -7.36E-01  6.77E-01



        ETA1      ETA2      ETA3      ETA4      ETA5      ETA6      ETA7      ETA8      ETA9      ET10      ET11      ET12
         ET13      ET14      ET15      ET16

ET15    0.00E+00  0.00E+00  0.00E+00  0.00E+00  0.00E+00  0.00E+00  0.00E+00  0.00E+00  0.00E+00  0.00E+00  0.00E+00  0.00E+00
         0.00E+00  0.00E+00  1.88E-01

ET16    0.00E+00  0.00E+00  0.00E+00  0.00E+00  0.00E+00  0.00E+00  0.00E+00  0.00E+00  0.00E+00  0.00E+00  0.00E+00  0.00E+00
         0.00E+00  0.00E+00  0.00E+00  7.09E-03



SIGMA - COV MATRIX FOR RANDOM EFFECTS - EPSILONS  ****


        EPS1      EPS2      EPS3

EPS1    1.00E+00

EPS2    0.00E+00  1.00E+00

EPS3    0.00E+00  0.00E+00  1.00E+00




OMEGA - CORR MATRIX FOR RANDOM EFFECTS - ETAS  *******


        ETA1      ETA2      ETA3      ETA4      ETA5      ETA6      ETA7      ETA8      ETA9      ET10      ET11      ET12
         ET13      ET14      ET15      ET16

ETA1    3.61E-01

ETA2    4.88E-01  4.87E-01

ETA3    0.00E+00  0.00E+00  2.29E-01

ETA4    0.00E+00  0.00E+00  0.00E+00  3.66E-01

ETA5    0.00E+00  0.00E+00  0.00E+00  0.00E+00  3.00E-01

ETA6    0.00E+00  0.00E+00  0.00E+00  0.00E+00  0.00E+00  5.50E-01

ETA7    0.00E+00  0.00E+00  0.00E+00  0.00E+00  0.00E+00  0.00E+00  4.20E-01

ETA8    0.00E+00  0.00E+00  0.00E+00  0.00E+00  0.00E+00  0.00E+00  8.20E-01  3.92E-01

ETA9    0.00E+00  0.00E+00  0.00E+00  0.00E+00  0.00E+00  0.00E+00  0.00E+00  0.00E+00  1.40E-01

ET10    0.00E+00  0.00E+00  0.00E+00  0.00E+00  0.00E+00  0.00E+00  0.00E+00  0.00E+00  0.00E+00  6.74E-01

ET11    0.00E+00  0.00E+00  0.00E+00  0.00E+00  0.00E+00  0.00E+00  0.00E+00  0.00E+00  0.00E+00  0.00E+00  1.66E-01

ET12    0.00E+00  0.00E+00  0.00E+00  0.00E+00  0.00E+00  0.00E+00  0.00E+00  0.00E+00  0.00E+00  0.00E+00  0.00E+00  6.42E-01

ET13    0.00E+00  0.00E+00  0.00E+00  0.00E+00  0.00E+00  0.00E+00  0.00E+00  0.00E+00  0.00E+00  0.00E+00  0.00E+00  0.00E+00
         1.27E+00

ET14    0.00E+00  0.00E+00  0.00E+00  0.00E+00  0.00E+00  0.00E+00  0.00E+00  0.00E+00  0.00E+00  0.00E+00  0.00E+00  0.00E+00
        -7.05E-01  8.23E-01

ET15    0.00E+00  0.00E+00  0.00E+00  0.00E+00  0.00E+00  0.00E+00  0.00E+00  0.00E+00  0.00E+00  0.00E+00  0.00E+00  0.00E+00
         0.00E+00  0.00E+00  4.34E-01

ET16    0.00E+00  0.00E+00  0.00E+00  0.00E+00  0.00E+00  0.00E+00  0.00E+00  0.00E+00  0.00E+00  0.00E+00  0.00E+00  0.00E+00
         0.00E+00  0.00E+00  0.00E+00  8.42E-02



SIGMA - CORR MATRIX FOR RANDOM EFFECTS - EPSILONS  ***


        EPS1      EPS2      EPS3

EPS1    1.00E+00

EPS2    0.00E+00  1.00E+00

EPS3    0.00E+00  0.00E+00  1.00E+00

Elapsed finaloutput time in seconds:     0.08
#CPUT: Total CPU Time in Seconds,       41.668
