NONLINEAR MIXED EFFECTS MODEL PROGRAM (NONMEM) VERSION 7.4.1
ORIGINALLY DEVELOPED BY STUART BEAL, LEWIS SHEINER, AND ALISON BOECKMANN
CURRENT DEVELOPERS ARE ROBERT BAUER, ICON DEVELOPMENT SOLUTIONS,
AND ALISON BOECKMANN. IMPLEMENTATION, EFFICIENCY, AND STANDARDIZATION
PERFORMED BY NOUS INFOSYSTEMS.

PROBLEM NO.:         1
THEOPHYLLINE ORAL

DATA CHECKOUT RUN:              NO
DATA SET LOCATED ON UNIT NO.:    2
THIS UNIT TO BE REWOUND:        NO
NO. OF DATA RECS IN DATA SET:      132
NO. OF DATA ITEMS IN DATA SET:   4
ID DATA ITEM IS DATA ITEM NO.:   1
DEP VARIABLE IS DATA ITEM NO.:   3

LABELS FOR DATA ITEMS:
ID TIME DV BWT

(NONBLANK) LABELS FOR PRED-DEFINED ITEMS:
IPRE G11 G21 G31 H11 H21

FORMAT FOR DATA:
(4E6.0)

TOT. NO. OF OBS RECS:      132
TOT. NO. OF INDIVIDUALS:       12

LENGTH OF THETA:   3

DEFAULT THETA BOUNDARY TEST OMITTED:    NO

OMEGA HAS BLOCK FORM:
 1
 1  1
 1  1  1

DEFAULT OMEGA BOUNDARY TEST OMITTED:    NO

SIGMA HAS SIMPLE DIAGONAL FORM WITH DIMENSION:   2

DEFAULT SIGMA BOUNDARY TEST OMITTED:    NO

INITIAL ESTIMATE OF THETA:
LOWER BOUND    INITIAL EST    UPPER BOUND
 0.0000E+00     0.5000E+02     0.5000E+03
 0.0000E+00     0.1000E+01     0.1000E+02
 0.0000E+00     0.5000E+01     0.5000E+02

INITIAL ESTIMATE OF OMEGA:
BLOCK SET NO.   BLOCK                                                                    FIXED
       1                                                                                   NO
                 0.2000E+00
                 0.1000E+00   0.2000E+00
                 0.1000E+00   0.1000E+00   0.2000E+00

INITIAL ESTIMATE OF SIGMA:
0.1000E+00
0.0000E+00   0.1000E+00

COVARIANCE STEP OMITTED:        NO
EIGENVLS. PRINTED:              NO
SPECIAL COMPUTATION:            NO
COMPRESSED FORMAT:              NO
GRADIENT METHOD USED:     NOSLOW
SIGDIGITS ETAHAT (SIGLO):                  -1
SIGDIGITS GRADIENTS (SIGL):                -1
EXCLUDE COV FOR FOCE (NOFCOV):              NO
TURN OFF Cholesky Transposition of R Matrix (CHOLROFF): NO
KNUTHSUMOFF:                                -1
RESUME COV ANALYSIS (RESUME):               NO
SIR SAMPLE SIZE (SIRSAMPLE):              -1
NON-LINEARLY TRANSFORM THETAS DURING COV (THBND): 1
PRECONDTIONING CYCLES (PRECOND):        0
PRECONDTIONING TYPES (PRECONDS):        TOS
FORCED PRECONDTIONING CYCLES (PFCOND):0
PRECONDTIONING TYPE (PRETYPE):        0
FORCED POS. DEFINITE SETTING: (FPOSDEF):0

TABLES STEP OMITTED:    NO
NO. OF TABLES:           2
SEED NUMBER (SEED):    11456
RANMETHOD:             3U
MC SAMPLES (ESAMPLE):    300
WRES SQUARE ROOT TYPE (WRESCHOL): EIGENVALUE

-- TABLE   1 --

RECORDS ONLY:    ALL

4 COLUMNS APPENDED:    YES
PRINTED:                NO
HEADER:                YES
FILE TO BE FORWARDED:   NO
FORMAT:                S1PE11.4
LFORMAT:
RFORMAT:
FIXED_EFFECT_ETAS:

USER-CHOSEN ITEMS:
ID TIME IPRE CPRED CPREDI CWRES G11 G21 G31 H11 H21

-- TABLE   2 --

RECORDS ONLY:    FIRSTONLY

4 COLUMNS APPENDED:    NO
PRINTED:                NO
HEADER:                YES
FILE TO BE FORWARDED:   NO
FORMAT:                S1PE11.4
LFORMAT:
RFORMAT:
FIXED_EFFECT_ETAS:

USER-CHOSEN ITEMS:
ID ETA1 ETA2 ETA3



#TBLN:      1
#METH: First Order Conditional Estimation with Interaction

ESTIMATION STEP OMITTED:                 NO
ANALYSIS TYPE:                           POPULATION
NUMBER OF SADDLE POINT RESET ITERATIONS:      0
GRADIENT METHOD USED:               NOSLOW
CONDITIONAL ESTIMATES USED:              YES
CENTERED ETA:                            NO
EPS-ETA INTERACTION:                     YES
LAPLACIAN OBJ. FUNC.:                    NO
NO. OF FUNCT. EVALS. ALLOWED:            9999
NO. OF SIG. FIGURES REQUIRED:            3
INTERMEDIATE PRINTOUT:                   YES
ESTIMATE OUTPUT TO MSF:                  NO
IND. OBJ. FUNC. VALUES SORTED:           NO
NUMERICAL DERIVATIVE
      FILE REQUEST (NUMDER):               NONE
MAP (ETAHAT) ESTIMATION METHOD (OPTMAP):   0
ETA HESSIAN EVALUATION METHOD (ETADER):    0
INITIAL ETA FOR MAP ESTIMATION (MCETA):    0
SIGDIGITS FOR MAP ESTIMATION (SIGLO):      100
GRADIENT SIGDIGITS OF
      FIXED EFFECTS PARAMETERS (SIGL):     100
NOPRIOR SETTING (NOPRIOR):                 OFF
NOCOV SETTING (NOCOV):                     OFF
DERCONT SETTING (DERCONT):                 OFF
FINAL ETA RE-EVALUATION (FNLETA):          ON
EXCLUDE NON-INFLUENTIAL (NON-INFL.) ETAS
      IN SHRINKAGE (ETASTYPE):             NO
NON-INFL. ETA CORRECTION (NONINFETA):      OFF
RAW OUTPUT FILE (FILE): C02-2.ext
EXCLUDE TITLE (NOTITLE):                   NO
EXCLUDE COLUMN LABELS (NOLABEL):           NO
FORMAT FOR ADDITIONAL FILES (FORMAT):      S1PE12.5
PARAMETER ORDER FOR OUTPUTS (ORDER):       TSOL
WISHART PRIOR DF INTERPRETATION (WISHTYPE):0
KNUTHSUMOFF:                               0
INCLUDE LNTWOPI:                           NO
INCLUDE CONSTANT TERM TO PRIOR (PRIORC):   NO
INCLUDE CONSTANT TERM TO OMEGA (ETA) (OLNTWOPI):NO
ADDITIONAL CONVERGENCE TEST (CTYPE=4)?:    NO
EM OR BAYESIAN METHOD USED:                 NONE


THE FOLLOWING LABELS ARE EQUIVALENT
PRED=PREDI
RES=RESI
WRES=WRESI
IWRS=IWRESI
IPRD=IPREDI
IRS=IRESI

MONITORING OF SEARCH:



ITERATION NO.:    0    OBJECTIVE VALUE:   535.205647073452        NO. OF FUNC. EVALS.:   7
CUMULATIVE NO. OF FUNC. EVALS.:        7
NPARAMETR:  5.0000E+01  1.0000E+00  5.0000E+00  2.0000E-01  1.0000E-01  1.0000E-01  2.0000E-01  1.0000E-01  2.0000E-01  1.0000E-01
            1.0000E-01
PARAMETER:  1.0000E-01  1.0000E-01  1.0000E-01  1.0000E-01  1.0000E-01  1.0000E-01  1.0000E-01  1.0000E-01  1.0000E-01  1.0000E-01
            1.0000E-01
GRADIENT:  -8.7591E+01  2.2882E+02  8.0668E+01  7.9695E+01 -7.6750E+02 -2.9292E+02 -4.3761E+02 -5.2394E+02 -5.0486E+01  8.6339E+01
           -2.0991E+01


ITERATION NO.:   41    OBJECTIVE VALUE:   92.8308692213077        NO. OF FUNC. EVALS.: 398
CUMULATIVE NO. OF FUNC. EVALS.:      405
NPARAMETR:  3.2447E+01  8.7287E-02  1.4907E+00  1.9397E-02  1.2087E-02  5.6908E-02  2.0234E-02 -6.4680E-03  4.3465E-01  1.7038E-02
            8.2858E-02
PARAMETER: -3.7069E-01 -2.4351E+00 -1.1853E+00 -1.0666E+00  3.8813E-02  1.8274E-01 -1.1344E+00 -2.8819E-01  8.4507E-02 -7.8486E-01
            5.9814E-03
GRADIENT:  -1.3020E-03 -4.3969E-03 -1.2925E-05  3.4113E-04  6.5447E-03 -1.2545E-03 -1.1814E-03 -1.5948E-05  3.9284E-04  2.8892E-04
            1.4825E-03

#TERM:

MINIMIZATION SUCCESSFUL
NO. OF FUNCTION EVALUATIONS USED:      405
NO. OF SIG. DIGITS IN FINAL EST.:  3.2

ETABAR IS THE ARITHMETIC MEAN OF THE ETA-ESTIMATES,
AND THE P-VALUE IS GIVEN FOR THE NULL HYPOTHESIS THAT THE TRUE MEAN IS 0.

ETABAR:        -2.2284E-03  1.4270E-03 -1.2102E-02
SE:             3.7870E-02  3.7341E-02  1.7979E-01
N:                      12          12          12

P VAL.:         9.5308E-01  9.6952E-01  9.4633E-01

ETASHRINKSD(%)  1.6181E+00  5.0222E+00  1.3290E+00
ETASHRINKVR(%)  3.2100E+00  9.7923E+00  2.6403E+00
EBVSHRINKSD(%)  5.2196E+00  8.9478E+00  3.6408E+00
EBVSHRINKVR(%)  1.0167E+01  1.7095E+01  7.1490E+00
EPSSHRINKSD(%)  7.9529E+00  9.0257E+00
EPSSHRINKVR(%)  1.5273E+01  1.7237E+01


TOTAL DATA POINTS NORMALLY DISTRIBUTED (N):          132
N*LOG(2PI) CONSTANT TO OBJECTIVE FUNCTION:    242.59977276603360
OBJECTIVE FUNCTION VALUE WITHOUT CONSTANT:    92.830869221307665
OBJECTIVE FUNCTION VALUE WITH CONSTANT:       335.43064198734123
REPORTED OBJECTIVE FUNCTION DOES NOT CONTAIN CONSTANT

TOTAL EFFECTIVE ETAS (NIND*NETA):                            36

#TERE:
Elapsed estimation  time in seconds:     1.71
Elapsed covariance  time in seconds:     0.43
Elapsed postprocess time in seconds:     0.02





















************************************************************************************************************************
********************                                                                                ********************
********************               FIRST ORDER CONDITIONAL ESTIMATION WITH INTERACTION              ********************
#OBJT:**************                       MINIMUM VALUE OF OBJECTIVE FUNCTION                      ********************
********************                                                                                ********************
************************************************************************************************************************






#OBJV:********************************************       92.831       **************************************************

************************************************************************************************************************
********************                                                                                ********************
********************               FIRST ORDER CONDITIONAL ESTIMATION WITH INTERACTION              ********************
********************                             FINAL PARAMETER ESTIMATE                           ********************
********************                                                                                ********************
************************************************************************************************************************



THETA - VECTOR OF FIXED EFFECTS PARAMETERS   *********


        TH 1      TH 2      TH 3

        3.24E+01  8.73E-02  1.49E+00



OMEGA - COV MATRIX FOR RANDOM EFFECTS - ETAS  ********


        ETA1      ETA2      ETA3

ETA1    1.94E-02

ETA2    1.21E-02  2.02E-02

ETA3    5.69E-02 -6.47E-03  4.35E-01



SIGMA - COV MATRIX FOR RANDOM EFFECTS - EPSILONS  ****


        EPS1      EPS2

EPS1    1.70E-02

EPS2    0.00E+00  8.29E-02




OMEGA - CORR MATRIX FOR RANDOM EFFECTS - ETAS  *******


        ETA1      ETA2      ETA3

ETA1    1.39E-01

ETA2    6.10E-01  1.42E-01

ETA3    6.20E-01 -6.90E-02  6.59E-01



SIGMA - CORR MATRIX FOR RANDOM EFFECTS - EPSILONS  ***


        EPS1      EPS2

EPS1    1.31E-01

EPS2    0.00E+00  2.88E-01


************************************************************************************************************************
********************                                                                                ********************
********************               FIRST ORDER CONDITIONAL ESTIMATION WITH INTERACTION              ********************
********************                            STANDARD ERROR OF ESTIMATE                          ********************
********************                                                                                ********************
************************************************************************************************************************



THETA - VECTOR OF FIXED EFFECTS PARAMETERS   *********


        TH 1      TH 2      TH 3

        1.68E+00  4.24E-03  3.02E-01



OMEGA - COV MATRIX FOR RANDOM EFFECTS - ETAS  ********


        ETA1      ETA2      ETA3

ETA1    8.49E-03

ETA2    7.48E-03  2.07E-02

ETA3    3.60E-02  2.21E-02  2.23E-01



SIGMA - COV MATRIX FOR RANDOM EFFECTS - EPSILONS  ****


        EPS1      EPS2

EPS1    1.21E-02

EPS2   .........  1.18E-01




OMEGA - CORR MATRIX FOR RANDOM EFFECTS - ETAS  *******


        ETA1      ETA2      ETA3

ETA1    3.05E-02

ETA2    3.64E-01  7.27E-02

ETA3    2.45E-01  2.26E-01  1.69E-01



SIGMA - CORR MATRIX FOR RANDOM EFFECTS - EPSILONS  ***


        EPS1      EPS2

EPS1    4.64E-02

EPS2   .........  2.04E-01


************************************************************************************************************************
********************                                                                                ********************
********************               FIRST ORDER CONDITIONAL ESTIMATION WITH INTERACTION              ********************
********************                          COVARIANCE MATRIX OF ESTIMATE                         ********************
********************                                                                                ********************
************************************************************************************************************************


           TH 1      TH 2      TH 3      OM11      OM12      OM13      OM22      OM23      OM33      SG11      SG12      SG22


TH 1    2.84E+00

TH 2    1.32E-03  1.80E-05

TH 3    2.72E-01 -2.67E-04  9.12E-02

OM11   -5.48E-04  1.34E-05 -3.41E-04  7.21E-05

OM12    1.30E-03 -2.36E-05  1.53E-04 -2.60E-05  5.59E-05

OM13   -6.09E-03  1.10E-05  5.56E-03  1.34E-04 -1.02E-04  1.30E-03

OM22   -1.24E-02 -6.72E-05  1.83E-04 -5.92E-05  9.05E-05 -1.01E-04  4.27E-04

OM23    3.50E-03 -1.52E-05  2.60E-04 -1.77E-05  8.09E-05 -9.34E-05 -9.41E-05  4.86E-04

OM33    1.21E-01  7.90E-05  4.25E-02  5.45E-04 -4.15E-04  6.64E-03 -8.35E-04 -1.37E-03  4.96E-02

SG11    5.49E-03  3.18E-05 -1.70E-04  5.87E-06 -3.57E-05 -5.52E-05 -2.01E-04  6.93E-05 -2.49E-04  1.46E-04

SG12   ......... ......... ......... ......... ......... ......... ......... ......... ......... ......... .........

SG22   -8.76E-02 -3.49E-04 -2.73E-03 -2.56E-04  4.02E-04 -3.73E-04  2.35E-03 -7.80E-04 -4.45E-03 -1.27E-03 .........  1.38E-02


************************************************************************************************************************
********************                                                                                ********************
********************               FIRST ORDER CONDITIONAL ESTIMATION WITH INTERACTION              ********************
********************                          CORRELATION MATRIX OF ESTIMATE                        ********************
********************                                                                                ********************
************************************************************************************************************************


           TH 1      TH 2      TH 3      OM11      OM12      OM13      OM22      OM23      OM33      SG11      SG12      SG22


TH 1    1.68E+00

TH 2    1.85E-01  4.24E-03

TH 3    5.35E-01 -2.08E-01  3.02E-01

OM11   -3.83E-02  3.71E-01 -1.33E-01  8.49E-03

OM12    1.03E-01 -7.45E-01  6.79E-02 -4.09E-01  7.48E-03

OM13   -1.00E-01  7.17E-02  5.11E-01  4.39E-01 -3.80E-01  3.60E-02

OM22   -3.55E-01 -7.67E-01  2.94E-02 -3.37E-01  5.86E-01 -1.35E-01  2.07E-02

OM23    9.41E-02 -1.62E-01  3.90E-02 -9.44E-02  4.91E-01 -1.18E-01 -2.06E-01  2.21E-02

OM33    3.22E-01  8.36E-02  6.32E-01  2.88E-01 -2.49E-01  8.28E-01 -1.81E-01 -2.78E-01  2.23E-01

SG11    2.69E-01  6.19E-01 -4.66E-02  5.72E-02 -3.94E-01 -1.27E-01 -8.04E-01  2.60E-01 -9.24E-02  1.21E-02

SG12   ......... ......... ......... ......... ......... ......... ......... ......... ......... ......... .........

SG22   -4.42E-01 -6.99E-01 -7.68E-02 -2.56E-01  4.57E-01 -8.79E-02  9.68E-01 -3.01E-01 -1.70E-01 -8.93E-01 .........  1.18E-01


************************************************************************************************************************
********************                                                                                ********************
********************               FIRST ORDER CONDITIONAL ESTIMATION WITH INTERACTION              ********************
********************                      INVERSE COVARIANCE MATRIX OF ESTIMATE                     ********************
********************                                                                                ********************
************************************************************************************************************************


           TH 1      TH 2      TH 3      OM11      OM12      OM13      OM22      OM23      OM33      SG11      SG12      SG22


TH 1    8.00E+00

TH 2   -9.85E+02  4.71E+05

TH 3   -5.07E+01  1.01E+04  4.71E+02

OM11   -9.37E+02  1.48E+05  8.21E+03  1.87E+05

OM12    3.72E+02  2.97E+05  4.68E+03 -3.68E+04  1.11E+06

OM13    8.87E+02 -8.98E+04 -5.93E+03 -1.39E+05  1.90E+05  1.42E+05

OM22    1.94E+03 -5.75E+05 -2.51E+04 -4.39E+05 -6.16E+05  2.50E+05  1.81E+06

OM23   -5.79E+02  4.86E+04  3.73E+03  1.06E+05 -2.41E+05 -1.19E+05 -1.60E+05  1.18E+05

OM33   -1.19E+02  1.27E+04  8.08E+02  1.99E+04 -2.89E+04 -2.06E+04 -3.78E+04  1.81E+04  3.09E+03

SG11   -1.60E+03  4.42E+05  2.00E+04  4.01E+05  2.53E+05 -2.62E+05 -1.43E+06  2.10E+05  4.13E+04  1.27E+06

SG12   ......... ......... ......... ......... ......... ......... ......... ......... ......... ......... .........

SG22   -5.36E+02  1.45E+05  6.47E+03  1.24E+05  8.80E+04 -8.20E+04 -4.52E+05  6.30E+04  1.26E+04  3.84E+05 .........  1.19E+05

Elapsed finaloutput time in seconds:     0.07
#CPUT: Total CPU Time in Seconds,        1.201
