2018-08-21 
오후 02:14
$PROB THEOPHYLLINE ORAL P:ROOT F:BASE
$INPUT ID AMT TIME DV BWT
$DATA THEOPP
$SUBR ADVAN2 TRANS2
$PK
  TVCL  = THETA(1)
  TVV   = THETA(2)
  TVKA  = THETA(3)
  CL    = TVCL * EXP(ETA(1))
  V     = TVV  * EXP(ETA(2))
  KA    = TVKA * EXP(ETA(3))
  S2    = V
  K     = CL / V

$ERROR
  IPRED  = F
  W     = SQRT(THETA(4)**2 + THETA(5)**2 * IPRED**2)
  IRES  = DV - IPRED
  IWRES  = IRES / W
  Y     = IPRED + W * EPS(1)

$THETA
  (0, 0.1)
  (0, 1)
  (0, 10)
  (0, 1)
  (0, 0.5)

$OMEGA
  0.2
  0.2
  0.2

$SIGMA 1 FIX
$EST MAXEVAL=9999 PRINT=5 METHOD=COND INTER 
     NOTBT NOOBT NOSBT NOABORT MSFO=THIS.MSF
$COV UNCOND PRINT=E
$TAB ID TIME MDV IPRED IWRES CWRES
     FILE=sdtabC07-3 NOPRINT ONEHEADER
$TAB ID CL V KA K ETA(1) ETA(2) ETA(3)
     FILE=patabC07-3 NOPRINT ONEHEADER NOAPPEND
$TAB ID BWT
     FILE=cotabC07-3 NOPRINT ONEHEADER NOAPPEND
$TAB ID
     FILE=catabC07-3 NOPRINT ONEHEADER NOAPPEND

  
NM-TRAN MESSAGES 
  
 WARNINGS AND ERRORS (IF ANY) FOR PROBLEM    1
             
 (WARNING  2) NM-TRAN INFERS THAT THE DATA ARE POPULATION.
  
License Registered to: Asan Medical Center
Expiration Date:    14 DEC 2018
Current Date:       21 AUG 2018
Days until program expires : 113
1NONLINEAR MIXED EFFECTS MODEL PROGRAM (NONMEM) VERSION 7.4.1
 ORIGINALLY DEVELOPED BY STUART BEAL, LEWIS SHEINER, AND ALISON BOECKMANN
 CURRENT DEVELOPERS ARE ROBERT BAUER, ICON DEVELOPMENT SOLUTIONS,
 AND ALISON BOECKMANN. IMPLEMENTATION, EFFICIENCY, AND STANDARDIZATION
 PERFORMED BY NOUS INFOSYSTEMS.

 PROBLEM NO.:         1
 THEOPHYLLINE ORAL P:ROOT F:BASE
0DATA CHECKOUT RUN:              NO
 DATA SET LOCATED ON UNIT NO.:    2
 THIS UNIT TO BE REWOUND:        NO
 NO. OF DATA RECS IN DATA SET:      144
 NO. OF DATA ITEMS IN DATA SET:   7
 ID DATA ITEM IS DATA ITEM NO.:   1
 DEP VARIABLE IS DATA ITEM NO.:   4
 MDV DATA ITEM IS DATA ITEM NO.:  7
0INDICES PASSED TO SUBROUTINE PRED:
   6   3   2   0   0   0   0   0   0   0   0
0LABELS FOR DATA ITEMS:
 ID AMT TIME DV BWT EVID MDV
0(NONBLANK) LABELS FOR PRED-DEFINED ITEMS:
 CL V KA K IPRED IWRES
0FORMAT FOR DATA:
 (5E6.0,2F2.0)

 TOT. NO. OF OBS RECS:      132
 TOT. NO. OF INDIVIDUALS:       12
0LENGTH OF THETA:   5
0DEFAULT THETA BOUNDARY TEST OMITTED:   YES
0OMEGA HAS SIMPLE DIAGONAL FORM WITH DIMENSION:   3
0DEFAULT OMEGA BOUNDARY TEST OMITTED:   YES
0SIGMA HAS SIMPLE DIAGONAL FORM WITH DIMENSION:   1
0DEFAULT SIGMA BOUNDARY TEST OMITTED:   YES
0INITIAL ESTIMATE OF THETA:
 LOWER BOUND    INITIAL EST    UPPER BOUND
  0.0000E+00     0.1000E+00     0.1000E+07
  0.0000E+00     0.1000E+01     0.1000E+07
  0.0000E+00     0.1000E+02     0.1000E+07
  0.0000E+00     0.1000E+01     0.1000E+07
  0.0000E+00     0.5000E+00     0.1000E+07
0INITIAL ESTIMATE OF OMEGA:
 0.2000E+00
 0.0000E+00   0.2000E+00
 0.0000E+00   0.0000E+00   0.2000E+00
0INITIAL ESTIMATE OF SIGMA:
 0.1000E+01
0SIGMA CONSTRAINED TO BE THIS INITIAL ESTIMATE
0COVARIANCE STEP OMITTED:        NO
 EIGENVLS. PRINTED:             YES
 SPECIAL COMPUTATION:            NO
 COMPRESSED FORMAT:              NO
 GRADIENT METHOD USED:     NOSLOW
 SIGDIGITS ETAHAT (SIGLO):                  -1
 SIGDIGITS GRADIENTS (SIGL):                -1
 EXCLUDE COV FOR FOCE (NOFCOV):              NO
 TURN OFF Cholesky Transposition of R Matrix (CHOLROFF): NO
 KNUTHSUMOFF:                                -1
 RESUME COV ANALYSIS (RESUME):               NO
 SIR SAMPLE SIZE (SIRSAMPLE):              -1
 NON-LINEARLY TRANSFORM THETAS DURING COV (THBND): 1
 PRECONDTIONING CYCLES (PRECOND):        0
 PRECONDTIONING TYPES (PRECONDS):        TOS
 FORCED PRECONDTIONING CYCLES (PFCOND):0
 PRECONDTIONING TYPE (PRETYPE):        0
 FORCED POS. DEFINITE SETTING: (FPOSDEF):0
0TABLES STEP OMITTED:    NO
 NO. OF TABLES:           4
 SEED NUMBER (SEED):    11456
 RANMETHOD:             3U
 MC SAMPLES (ESAMPLE):    300
 WRES SQUARE ROOT TYPE (WRESCHOL): EIGENVALUE
0-- TABLE   1 --
0RECORDS ONLY:    ALL
04 COLUMNS APPENDED:    YES
 PRINTED:                NO
 HEADER:                YES
 FILE TO BE FORWARDED:   NO
 FORMAT:                S1PE11.4
 LFORMAT:
 RFORMAT:
 FIXED_EFFECT_ETAS:
0USER-CHOSEN ITEMS:
 ID TIME MDV IPRED IWRES CWRES
0-- TABLE   2 --
0RECORDS ONLY:    ALL
04 COLUMNS APPENDED:    NO
 PRINTED:                NO
 HEADER:                YES
 FILE TO BE FORWARDED:   NO
 FORMAT:                S1PE11.4
 LFORMAT:
 RFORMAT:
 FIXED_EFFECT_ETAS:
0USER-CHOSEN ITEMS:
 ID CL V KA K ETA1 ETA2 ETA3
0-- TABLE   3 --
0RECORDS ONLY:    ALL
04 COLUMNS APPENDED:    NO
 PRINTED:                NO
 HEADER:                YES
 FILE TO BE FORWARDED:   NO
 FORMAT:                S1PE11.4
 LFORMAT:
 RFORMAT:
 FIXED_EFFECT_ETAS:
0USER-CHOSEN ITEMS:
 ID BWT
0-- TABLE   4 --
0RECORDS ONLY:    ALL
04 COLUMNS APPENDED:    NO
 PRINTED:                NO
 HEADER:                YES
 FILE TO BE FORWARDED:   NO
 FORMAT:                S1PE11.4
 LFORMAT:
 RFORMAT:
 FIXED_EFFECT_ETAS:
0USER-CHOSEN ITEMS:
 ID
1DOUBLE PRECISION PREDPP VERSION 7.4.1

 ONE COMPARTMENT MODEL WITH FIRST-ORDER ABSORPTION (ADVAN2)
0MAXIMUM NO. OF BASIC PK PARAMETERS:   3
0BASIC PK PARAMETERS (AFTER TRANSLATION):
   ELIMINATION RATE (K) IS BASIC PK PARAMETER NO.:  1
   ABSORPTION RATE (KA) IS BASIC PK PARAMETER NO.:  3

 TRANSLATOR WILL CONVERT PARAMETERS
 CLEARANCE (CL) AND VOLUME (V) TO K (TRANS2)
0COMPARTMENT ATTRIBUTES
 COMPT. NO.   FUNCTION   INITIAL    ON/OFF      DOSE      DEFAULT    DEFAULT
                         STATUS     ALLOWED    ALLOWED    FOR DOSE   FOR OBS.
    1         DEPOT        OFF        YES        YES        YES        NO
    2         CENTRAL      ON         NO         YES        NO         YES
    3         OUTPUT       OFF        YES        NO         NO         NO
1
 ADDITIONAL PK PARAMETERS - ASSIGNMENT OF ROWS IN GG
 COMPT. NO.                             INDICES
              SCALE      BIOAVAIL.   ZERO-ORDER  ZERO-ORDER  ABSORB
                         FRACTION    RATE        DURATION    LAG
    1            *           *           *           *           *
    2            4           *           *           *           *
    3            *           -           -           -           -
             - PARAMETER IS NOT ALLOWED FOR THIS MODEL
             * PARAMETER IS NOT SUPPLIED BY PK SUBROUTINE;
               WILL DEFAULT TO ONE IF APPLICABLE
0DATA ITEM INDICES USED BY PRED ARE:
   EVENT ID DATA ITEM IS DATA ITEM NO.:      6
   TIME DATA ITEM IS DATA ITEM NO.:          3
   DOSE AMOUNT DATA ITEM IS DATA ITEM NO.:   2

0PK SUBROUTINE CALLED WITH EVERY EVENT RECORD.
 PK SUBROUTINE NOT CALLED AT NONEVENT (ADDITIONAL OR LAGGED) DOSE TIMES.
0ERROR SUBROUTINE CALLED WITH EVERY EVENT RECORD.
1


 #TBLN:      1
 #METH: First Order Conditional Estimation with Interaction

 ESTIMATION STEP OMITTED:                 NO
 ANALYSIS TYPE:                           POPULATION
 NUMBER OF SADDLE POINT RESET ITERATIONS:      0
 GRADIENT METHOD USED:               NOSLOW
 CONDITIONAL ESTIMATES USED:              YES
 CENTERED ETA:                            NO
 EPS-ETA INTERACTION:                     YES
 LAPLACIAN OBJ. FUNC.:                    NO
 NO. OF FUNCT. EVALS. ALLOWED:            9999
 NO. OF SIG. FIGURES REQUIRED:            3
 INTERMEDIATE PRINTOUT:                   YES
 ESTIMATE OUTPUT TO MSF:                  YES
 ABORT WITH PRED EXIT CODE 1:             NO
 IND. OBJ. FUNC. VALUES SORTED:           NO
 NUMERICAL DERIVATIVE
       FILE REQUEST (NUMDER):               NONE
 MAP (ETAHAT) ESTIMATION METHOD (OPTMAP):   0
 ETA HESSIAN EVALUATION METHOD (ETADER):    0
 INITIAL ETA FOR MAP ESTIMATION (MCETA):    0
 SIGDIGITS FOR MAP ESTIMATION (SIGLO):      100
 GRADIENT SIGDIGITS OF
       FIXED EFFECTS PARAMETERS (SIGL):     100
 NOPRIOR SETTING (NOPRIOR):                 OFF
 NOCOV SETTING (NOCOV):                     OFF
 DERCONT SETTING (DERCONT):                 OFF
 FINAL ETA RE-EVALUATION (FNLETA):          ON
 EXCLUDE NON-INFLUENTIAL (NON-INFL.) ETAS
       IN SHRINKAGE (ETASTYPE):             NO
 NON-INFL. ETA CORRECTION (NONINFETA):      OFF
 RAW OUTPUT FILE (FILE): C07-3.ext
 EXCLUDE TITLE (NOTITLE):                   NO
 EXCLUDE COLUMN LABELS (NOLABEL):           NO
 FORMAT FOR ADDITIONAL FILES (FORMAT):      S1PE12.5
 PARAMETER ORDER FOR OUTPUTS (ORDER):       TSOL
 WISHART PRIOR DF INTERPRETATION (WISHTYPE):0
 KNUTHSUMOFF:                               0
 INCLUDE LNTWOPI:                           NO
 INCLUDE CONSTANT TERM TO PRIOR (PRIORC):   NO
 INCLUDE CONSTANT TERM TO OMEGA (ETA) (OLNTWOPI):NO
 ADDITIONAL CONVERGENCE TEST (CTYPE=4)?:    NO
 EM OR BAYESIAN METHOD USED:                 NONE


 THE FOLLOWING LABELS ARE EQUIVALENT
 PRED=PREDI
 RES=RESI
 WRES=WRESI
 IWRS=IWRESI
 IPRD=IPREDI
 IRS=IRESI

 MONITORING OF SEARCH:


0ITERATION NO.:    0    OBJECTIVE VALUE:   355.522592826530        NO. OF FUNC. EVALS.:   7
 CUMULATIVE NO. OF FUNC. EVALS.:        7
 NPARAMETR:  1.0000E-01  1.0000E+00  1.0000E+01  1.0000E+00  5.0000E-01  2.0000E-01  2.0000E-01  2.0000E-01
 PARAMETER:  1.0000E-01  1.0000E-01  1.0000E-01  1.0000E-01  1.0000E-01  1.0000E-01  1.0000E-01  1.0000E-01
 GRADIENT:   7.7534E+01  4.1519E+01  8.6059E+00  4.0497E+01  3.9053E+01 -3.9742E+01  2.3471E+00  2.5937E-01

0ITERATION NO.:    5    OBJECTIVE VALUE:   200.685672285784        NO. OF FUNC. EVALS.:  42
 CUMULATIVE NO. OF FUNC. EVALS.:       49
 NPARAMETR:  3.1524E-02  4.7514E-01  4.4137E+00  1.3727E-01  1.1128E-01  9.5292E-02  2.5388E-02  2.2316E-01
 PARAMETER: -1.0544E+00 -6.4415E-01 -7.1787E-01 -1.8858E+00 -1.4026E+00 -2.7069E-01 -9.3203E-01  1.5478E-01
 GRADIENT:  -5.3368E+01  4.0477E-01  1.0603E+02 -6.4003E+01 -1.1425E+02 -7.5841E+00  5.3688E+00 -1.2854E+02

0ITERATION NO.:   10    OBJECTIVE VALUE:   140.709584647001        NO. OF FUNC. EVALS.:  48
 CUMULATIVE NO. OF FUNC. EVALS.:       97
 NPARAMETR:  4.1860E-02  4.5168E-01  1.6728E+00  2.4320E-01  1.4539E-01  8.4316E-02  3.5937E-02  4.6241E-02
 PARAMETER: -7.7083E-01 -6.9479E-01 -1.6881E+00 -1.3139E+00 -1.1352E+00 -3.3188E-01 -7.5827E-01 -6.3223E-01
 GRADIENT:   1.2637E+01 -3.0274E+01  4.8998E+01 -1.0474E+01 -1.7317E+01  3.8980E+00  4.2870E+00 -5.6994E+01

0ITERATION NO.:   15    OBJECTIVE VALUE:   104.623466392614        NO. OF FUNC. EVALS.:  40
 CUMULATIVE NO. OF FUNC. EVALS.:      137
 NPARAMETR:  3.9385E-02  4.5753E-01  1.5726E+00  2.9464E-01  1.2943E-01  8.4942E-02  1.5264E-02  3.5359E-01
 PARAMETER: -8.3179E-01 -6.8192E-01 -1.7499E+00 -1.1220E+00 -1.2515E+00 -3.2817E-01 -1.1864E+00  3.8491E-01
 GRADIENT:  -5.0728E+00 -9.9871E+00  5.5296E+00  1.3238E+00  1.3683E+00  3.3060E+00 -2.5064E-02 -4.4366E+00

0ITERATION NO.:   20    OBJECTIVE VALUE:   103.960157271715        NO. OF FUNC. EVALS.:  40
 CUMULATIVE NO. OF FUNC. EVALS.:      177
 NPARAMETR:  4.0223E-02  4.6114E-01  1.4652E+00  2.8603E-01  1.2992E-01  7.1423E-02  1.5501E-02  4.3113E-01
 PARAMETER: -8.1072E-01 -6.7405E-01 -1.8206E+00 -1.1517E+00 -1.2477E+00 -4.1485E-01 -1.1787E+00  4.8404E-01
 GRADIENT:   2.1574E-01  1.1374E+00  8.4628E-01  4.3865E-01 -3.1922E-01  3.5246E-01  1.0004E-01 -1.1694E-01

0ITERATION NO.:   25    OBJECTIVE VALUE:   103.949262911501        NO. OF FUNC. EVALS.:  61
 CUMULATIVE NO. OF FUNC. EVALS.:      238
 NPARAMETR:  4.0320E-02  4.6173E-01  1.4680E+00  2.8312E-01  1.3051E-01  7.0023E-02  1.5422E-02  4.3315E-01
 PARAMETER: -8.0831E-01 -6.7277E-01 -1.8187E+00 -1.1619E+00 -1.2432E+00 -4.2475E-01 -1.1812E+00  4.8638E-01
 GRADIENT:  -5.9522E-01  1.5718E-01 -4.0813E-01  2.1988E-01 -3.6123E-01 -1.2485E-02  2.5677E-02 -3.5259E-02

0ITERATION NO.:   30    OBJECTIVE VALUE:   103.944628835951        NO. OF FUNC. EVALS.:  78
 CUMULATIVE NO. OF FUNC. EVALS.:      316
 NPARAMETR:  4.0399E-02  4.6180E-01  1.4789E+00  2.7953E-01  1.3127E-01  6.9998E-02  1.5356E-02  4.3424E-01
 PARAMETER: -8.0636E-01 -6.7263E-01 -1.8113E+00 -1.1746E+00 -1.2373E+00 -4.2493E-01 -1.1834E+00  4.8763E-01
 GRADIENT:   2.5451E-03 -7.5610E-03 -3.8028E-03 -7.8228E-04 -7.8793E-03  1.4543E-03 -2.2891E-03 -8.2350E-03

 #TERM:
0MINIMIZATION SUCCESSFUL
 NO. OF FUNCTION EVALUATIONS USED:      316
 NO. OF SIG. DIGITS IN FINAL EST.:  3.4

 ETABAR IS THE ARITHMETIC MEAN OF THE ETA-ESTIMATES,
 AND THE P-VALUE IS GIVEN FOR THE NULL HYPOTHESIS THAT THE TRUE MEAN IS 0.

 ETABAR:         1.6271E-03 -5.2793E-03 -1.3911E-02
 SE:             7.2515E-02  2.8891E-02  1.7851E-01
 N:                      12          12          12

 P VAL.:         9.8210E-01  8.5501E-01  9.3789E-01

 ETASHRINKSD(%)  8.3166E-01  1.5647E+01  1.9847E+00
 ETASHRINKVR(%)  1.6564E+00  2.8846E+01  3.9300E+00
 EBVSHRINKSD(%)  4.5320E+00  1.9321E+01  4.2451E+00
 EBVSHRINKVR(%)  8.8585E+00  3.4910E+01  8.3099E+00
 EPSSHRINKSD(%)  1.1530E+01
 EPSSHRINKVR(%)  2.1731E+01

  
 TOTAL DATA POINTS NORMALLY DISTRIBUTED (N):          132
 N*LOG(2PI) CONSTANT TO OBJECTIVE FUNCTION:    242.59977276603360     
 OBJECTIVE FUNCTION VALUE WITHOUT CONSTANT:    103.94462883595088     
 OBJECTIVE FUNCTION VALUE WITH CONSTANT:       346.54440160198448     
 REPORTED OBJECTIVE FUNCTION DOES NOT CONTAIN CONSTANT
  
 TOTAL EFFECTIVE ETAS (NIND*NETA):                            36
  
 #TERE:
 Elapsed estimation  time in seconds:     0.74
 Elapsed covariance  time in seconds:     0.25
 Elapsed postprocess time in seconds:     0.01
1
 
 
 
 
 
 
 
 
 
 
 
 
 
 
 
 
 
 
 
 
 ************************************************************************************************************************
 ********************                                                                                ********************
 ********************               FIRST ORDER CONDITIONAL ESTIMATION WITH INTERACTION              ********************
 #OBJT:**************                       MINIMUM VALUE OF OBJECTIVE FUNCTION                      ********************
 ********************                                                                                ********************
 ************************************************************************************************************************
 





 #OBJV:********************************************      103.945       **************************************************
1
 ************************************************************************************************************************
 ********************                                                                                ********************
 ********************               FIRST ORDER CONDITIONAL ESTIMATION WITH INTERACTION              ********************
 ********************                             FINAL PARAMETER ESTIMATE                           ********************
 ********************                                                                                ********************
 ************************************************************************************************************************
 


 THETA - VECTOR OF FIXED EFFECTS PARAMETERS   *********


         TH 1      TH 2      TH 3      TH 4      TH 5     
 
         4.04E-02  4.62E-01  1.48E+00  2.80E-01  1.31E-01
 


 OMEGA - COV MATRIX FOR RANDOM EFFECTS - ETAS  ********


         ETA1      ETA2      ETA3     
 
 ETA1
+        7.00E-02
 
 ETA2
+        0.00E+00  1.54E-02
 
 ETA3
+        0.00E+00  0.00E+00  4.34E-01
 


 SIGMA - COV MATRIX FOR RANDOM EFFECTS - EPSILONS  ****


         EPS1     
 
 EPS1
+        1.00E+00
 
1


 OMEGA - CORR MATRIX FOR RANDOM EFFECTS - ETAS  *******


         ETA1      ETA2      ETA3     
 
 ETA1
+        2.65E-01
 
 ETA2
+        0.00E+00  1.24E-01
 
 ETA3
+        0.00E+00  0.00E+00  6.59E-01
 


 SIGMA - CORR MATRIX FOR RANDOM EFFECTS - EPSILONS  ***


         EPS1     
 
 EPS1
+        1.00E+00
 
1
 ************************************************************************************************************************
 ********************                                                                                ********************
 ********************               FIRST ORDER CONDITIONAL ESTIMATION WITH INTERACTION              ********************
 ********************                            STANDARD ERROR OF ESTIMATE                          ********************
 ********************                                                                                ********************
 ************************************************************************************************************************
 


 THETA - VECTOR OF FIXED EFFECTS PARAMETERS   *********


         TH 1      TH 2      TH 3      TH 4      TH 5     
 
         3.25E-03  2.07E-02  3.02E-01  1.68E-01  3.99E-02
 


 OMEGA - COV MATRIX FOR RANDOM EFFECTS - ETAS  ********


         ETA1      ETA2      ETA3     
 
 ETA1
+        4.51E-02
 
 ETA2
+       .........  6.56E-03
 
 ETA3
+       ......... .........  2.43E-01
 


 SIGMA - COV MATRIX FOR RANDOM EFFECTS - EPSILONS  ****


         EPS1     
 
 EPS1
+       .........
 
1


 OMEGA - CORR MATRIX FOR RANDOM EFFECTS - ETAS  *******


         ETA1      ETA2      ETA3     
 
 ETA1
+        8.53E-02
 
 ETA2
+       .........  2.65E-02
 
 ETA3
+       ......... .........  1.84E-01
 


 SIGMA - CORR MATRIX FOR RANDOM EFFECTS - EPSILONS  ***


         EPS1     
 
 EPS1
+       .........
 
1
 ************************************************************************************************************************
 ********************                                                                                ********************
 ********************               FIRST ORDER CONDITIONAL ESTIMATION WITH INTERACTION              ********************
 ********************                          COVARIANCE MATRIX OF ESTIMATE                         ********************
 ********************                                                                                ********************
 ************************************************************************************************************************
 

            TH 1      TH 2      TH 3      TH 4      TH 5      OM11      OM12      OM13      OM22      OM23      OM33      SG11  

 
 TH 1
+        1.06E-05
 
 TH 2
+        5.56E-05  4.28E-04
 
 TH 3
+       -1.51E-04 -2.34E-04  9.13E-02
 
 TH 4
+       -4.33E-04 -2.05E-03 -4.94E-03  2.84E-02
 
 TH 5
+        8.36E-05  3.43E-04 -8.12E-04 -5.75E-03  1.59E-03
 
 OM11
+       -1.10E-04 -3.95E-04  2.26E-03  6.96E-03 -1.36E-03  2.04E-03
 
 OM12
+       ......... ......... ......... ......... ......... ......... .........
 
 OM13
+       ......... ......... ......... ......... ......... ......... ......... .........
 
 OM22
+       -5.82E-06 -4.69E-06  1.11E-03  5.14E-04 -1.67E-04  1.89E-04 ......... .........  4.30E-05
 
 OM23
+       ......... ......... ......... ......... ......... ......... ......... ......... ......... .........
 
 OM33
+       -7.74E-05 -1.17E-03  4.49E-02 -6.56E-03 -1.32E-03 -1.08E-03 ......... .........  6.94E-04 .........  5.88E-02
 
 SG11
+       ......... ......... ......... ......... ......... ......... ......... ......... ......... ......... ......... .........
 
1
 ************************************************************************************************************************
 ********************                                                                                ********************
 ********************               FIRST ORDER CONDITIONAL ESTIMATION WITH INTERACTION              ********************
 ********************                          CORRELATION MATRIX OF ESTIMATE                        ********************
 ********************                                                                                ********************
 ************************************************************************************************************************
 

            TH 1      TH 2      TH 3      TH 4      TH 5      OM11      OM12      OM13      OM22      OM23      OM33      SG11  

 
 TH 1
+        3.25E-03
 
 TH 2
+        8.28E-01  2.07E-02
 
 TH 3
+       -1.54E-01 -3.74E-02  3.02E-01
 
 TH 4
+       -7.91E-01 -5.89E-01 -9.71E-02  1.68E-01
 
 TH 5
+        6.45E-01  4.16E-01 -6.74E-02 -8.56E-01  3.99E-02
 
 OM11
+       -7.47E-01 -4.23E-01  1.65E-01  9.16E-01 -7.59E-01  4.51E-02
 
 OM12
+       ......... ......... ......... ......... ......... ......... .........
 
 OM13
+       ......... ......... ......... ......... ......... ......... ......... .........
 
 OM22
+       -2.73E-01 -3.45E-02  5.61E-01  4.66E-01 -6.37E-01  6.38E-01 ......... .........  6.56E-03
 
 OM23
+       ......... ......... ......... ......... ......... ......... ......... ......... ......... .........
 
 OM33
+       -9.82E-02 -2.33E-01  6.12E-01 -1.61E-01 -1.36E-01 -9.83E-02 ......... .........  4.36E-01 .........  2.43E-01
 
 SG11
+       ......... ......... ......... ......... ......... ......... ......... ......... ......... ......... ......... .........
 
1
 ************************************************************************************************************************
 ********************                                                                                ********************
 ********************               FIRST ORDER CONDITIONAL ESTIMATION WITH INTERACTION              ********************
 ********************                      INVERSE COVARIANCE MATRIX OF ESTIMATE                     ********************
 ********************                                                                                ********************
 ************************************************************************************************************************
 

            TH 1      TH 2      TH 3      TH 4      TH 5      OM11      OM12      OM13      OM22      OM23      OM33      SG11  

 
 TH 1
+        1.61E+06
 
 TH 2
+       -1.99E+05  5.08E+04
 
 TH 3
+       -8.65E+01  7.48E+02  5.72E+01
 
 TH 4
+       -4.40E+04  1.40E+04  3.42E+02  5.07E+03
 
 TH 5
+       -9.72E+04  2.38E+04  3.90E+02  8.39E+03  1.66E+04
 
 OM11
+        1.64E+05 -3.27E+04 -7.12E+02 -1.17E+04 -1.98E+04  3.40E+04
 
 OM12
+       ......... ......... ......... ......... ......... ......... .........
 
 OM13
+       ......... ......... ......... ......... ......... ......... ......... .........
 
 OM22
+       -3.41E+05  1.29E+03 -1.16E+03  2.58E+03  1.77E+04 -3.92E+04 ......... .........  2.60E+05
 
 OM23
+       ......... ......... ......... ......... ......... ......... ......... ......... ......... .........
 
 OM33
+       -1.85E+03  1.65E+03  1.85E+01  4.67E+02  7.83E+02 -5.60E+02 ......... ......... -2.64E+03 .........  1.24E+02
 
 SG11
+       ......... ......... ......... ......... ......... ......... ......... ......... ......... ......... ......... .........
 
1
 
 
 
 
 
 
 
 
 
 
 
 
 
 
 
 
 
 
 
 
 ************************************************************************************************************************
 ********************                                                                                ********************
 ********************               FIRST ORDER CONDITIONAL ESTIMATION WITH INTERACTION              ********************
 ********************                      EIGENVALUES OF COR MATRIX OF ESTIMATE                     ********************
 ********************                                                                                ********************
 ************************************************************************************************************************
 

             1         2         3         4         5         6         7         8
 
         3.96E-03  3.64E-02  8.60E-02  1.52E-01  4.93E-01  1.13E+00  1.94E+00  4.16E+00
 
 Elapsed finaloutput time in seconds:     0.07
 #CPUT: Total CPU Time in Seconds,        1.014
Stop Time: 
2018-08-21 
오후 02:14
