2018-08-21 
오후 02:14
$PROB THEOPHYLLINE ORAL
$INPUT ID AMT=DROP TIME DV BWT
$DATA THEO
$PRED
  DOSE = 320
  V    = THETA(1) * EXP(ETA(1))
  K    = THETA(2) * EXP(ETA(2))
  KA   = THETA(3) * EXP(ETA(3))
  F    = DOSE / V * KA / (KA - K) * (EXP(-K*TIME) - EXP(-KA*TIME))
  IPRED= F
  Y    = F + F * EPS(1) + EPS(2)

  CL   = V * K

$THETA (0, 50, 500) (0, 1, 10) (0, 5, 50)
$OMEGA BLOCK(3)
  0.2
  0.1  0.2
  0.1  0.1  0.2
$SIGMA 0.1  0.1
$EST MAX=9999 PRINT=5 METHOD=COND INTER 
     NOTBT NOOBT NOSBT NOABORT MSFO=THIS.MSF
$COV UNCOND PRINT=ERS
$TAB ID TIME IPRED CWRES
     FILE=sdtabC07-1 NOPRINT ONEHEADER
$TAB ID V K KA CL ETA(1) ETA(2) ETA(3)
     FILE=patabC07-1 NOPRINT ONEHEADER NOAPPEND
$TAB ID BWT
     FILE=cotabC07-1 NOPRINT ONEHEADER NOAPPEND
$TAB ID
     FILE=catabC07-1 NOPRINT ONEHEADER NOAPPEND

  
NM-TRAN MESSAGES 
  
 WARNINGS AND ERRORS (IF ANY) FOR PROBLEM    1
             
 (WARNING  2) NM-TRAN INFERS THAT THE DATA ARE POPULATION.
             
 (WARNING  13) WITH USER-WRITTEN PRED OR $PRED, NM-TRAN CANNOT APPEND THE
 MDV DATA ITEM.
  
License Registered to: Asan Medical Center
Expiration Date:    14 DEC 2018
Current Date:       21 AUG 2018
Days until program expires : 113
1NONLINEAR MIXED EFFECTS MODEL PROGRAM (NONMEM) VERSION 7.4.1
 ORIGINALLY DEVELOPED BY STUART BEAL, LEWIS SHEINER, AND ALISON BOECKMANN
 CURRENT DEVELOPERS ARE ROBERT BAUER, ICON DEVELOPMENT SOLUTIONS,
 AND ALISON BOECKMANN. IMPLEMENTATION, EFFICIENCY, AND STANDARDIZATION
 PERFORMED BY NOUS INFOSYSTEMS.

 PROBLEM NO.:         1
 THEOPHYLLINE ORAL
0DATA CHECKOUT RUN:              NO
 DATA SET LOCATED ON UNIT NO.:    2
 THIS UNIT TO BE REWOUND:        NO
 NO. OF DATA RECS IN DATA SET:      132
 NO. OF DATA ITEMS IN DATA SET:   4
 ID DATA ITEM IS DATA ITEM NO.:   1
 DEP VARIABLE IS DATA ITEM NO.:   3
0LABELS FOR DATA ITEMS:
 ID TIME DV BWT
0(NONBLANK) LABELS FOR PRED-DEFINED ITEMS:
 V K KA IPRED CL
0FORMAT FOR DATA:
 (4E6.0)

 TOT. NO. OF OBS RECS:      132
 TOT. NO. OF INDIVIDUALS:       12
0LENGTH OF THETA:   3
0DEFAULT THETA BOUNDARY TEST OMITTED:   YES
0OMEGA HAS BLOCK FORM:
  1
  1  1
  1  1  1
0DEFAULT OMEGA BOUNDARY TEST OMITTED:   YES
0SIGMA HAS SIMPLE DIAGONAL FORM WITH DIMENSION:   2
0DEFAULT SIGMA BOUNDARY TEST OMITTED:   YES
0INITIAL ESTIMATE OF THETA:
 LOWER BOUND    INITIAL EST    UPPER BOUND
  0.0000E+00     0.5000E+02     0.5000E+03
  0.0000E+00     0.1000E+01     0.1000E+02
  0.0000E+00     0.5000E+01     0.5000E+02
0INITIAL ESTIMATE OF OMEGA:
 BLOCK SET NO.   BLOCK                                                                    FIXED
        1                                                                                   NO
                  0.2000E+00
                  0.1000E+00   0.2000E+00
                  0.1000E+00   0.1000E+00   0.2000E+00
0INITIAL ESTIMATE OF SIGMA:
 0.1000E+00
 0.0000E+00   0.1000E+00
0COVARIANCE STEP OMITTED:        NO
 R MATRIX PRINTED:              YES
 S MATRIX PRINTED:              YES
 EIGENVLS. PRINTED:             YES
 SPECIAL COMPUTATION:            NO
 COMPRESSED FORMAT:              NO
 GRADIENT METHOD USED:     NOSLOW
 SIGDIGITS ETAHAT (SIGLO):                  -1
 SIGDIGITS GRADIENTS (SIGL):                -1
 EXCLUDE COV FOR FOCE (NOFCOV):              NO
 TURN OFF Cholesky Transposition of R Matrix (CHOLROFF): NO
 KNUTHSUMOFF:                                -1
 RESUME COV ANALYSIS (RESUME):               NO
 SIR SAMPLE SIZE (SIRSAMPLE):              -1
 NON-LINEARLY TRANSFORM THETAS DURING COV (THBND): 1
 PRECONDTIONING CYCLES (PRECOND):        0
 PRECONDTIONING TYPES (PRECONDS):        TOS
 FORCED PRECONDTIONING CYCLES (PFCOND):0
 PRECONDTIONING TYPE (PRETYPE):        0
 FORCED POS. DEFINITE SETTING: (FPOSDEF):0
0TABLES STEP OMITTED:    NO
 NO. OF TABLES:           4
 SEED NUMBER (SEED):    11456
 RANMETHOD:             3U
 MC SAMPLES (ESAMPLE):    300
 WRES SQUARE ROOT TYPE (WRESCHOL): EIGENVALUE
0-- TABLE   1 --
0RECORDS ONLY:    ALL
04 COLUMNS APPENDED:    YES
 PRINTED:                NO
 HEADER:                YES
 FILE TO BE FORWARDED:   NO
 FORMAT:                S1PE11.4
 LFORMAT:
 RFORMAT:
 FIXED_EFFECT_ETAS:
0USER-CHOSEN ITEMS:
 ID TIME IPRED CWRES
0-- TABLE   2 --
0RECORDS ONLY:    ALL
04 COLUMNS APPENDED:    NO
 PRINTED:                NO
 HEADER:                YES
 FILE TO BE FORWARDED:   NO
 FORMAT:                S1PE11.4
 LFORMAT:
 RFORMAT:
 FIXED_EFFECT_ETAS:
0USER-CHOSEN ITEMS:
 ID V K KA CL ETA1 ETA2 ETA3
0-- TABLE   3 --
0RECORDS ONLY:    ALL
04 COLUMNS APPENDED:    NO
 PRINTED:                NO
 HEADER:                YES
 FILE TO BE FORWARDED:   NO
 FORMAT:                S1PE11.4
 LFORMAT:
 RFORMAT:
 FIXED_EFFECT_ETAS:
0USER-CHOSEN ITEMS:
 ID BWT
0-- TABLE   4 --
0RECORDS ONLY:    ALL
04 COLUMNS APPENDED:    NO
 PRINTED:                NO
 HEADER:                YES
 FILE TO BE FORWARDED:   NO
 FORMAT:                S1PE11.4
 LFORMAT:
 RFORMAT:
 FIXED_EFFECT_ETAS:
0USER-CHOSEN ITEMS:
 ID
1


 #TBLN:      1
 #METH: First Order Conditional Estimation with Interaction

 ESTIMATION STEP OMITTED:                 NO
 ANALYSIS TYPE:                           POPULATION
 NUMBER OF SADDLE POINT RESET ITERATIONS:      0
 GRADIENT METHOD USED:               NOSLOW
 CONDITIONAL ESTIMATES USED:              YES
 CENTERED ETA:                            NO
 EPS-ETA INTERACTION:                     YES
 LAPLACIAN OBJ. FUNC.:                    NO
 NO. OF FUNCT. EVALS. ALLOWED:            9999
 NO. OF SIG. FIGURES REQUIRED:            3
 INTERMEDIATE PRINTOUT:                   YES
 ESTIMATE OUTPUT TO MSF:                  YES
 ABORT WITH PRED EXIT CODE 1:             NO
 IND. OBJ. FUNC. VALUES SORTED:           NO
 NUMERICAL DERIVATIVE
       FILE REQUEST (NUMDER):               NONE
 MAP (ETAHAT) ESTIMATION METHOD (OPTMAP):   0
 ETA HESSIAN EVALUATION METHOD (ETADER):    0
 INITIAL ETA FOR MAP ESTIMATION (MCETA):    0
 SIGDIGITS FOR MAP ESTIMATION (SIGLO):      100
 GRADIENT SIGDIGITS OF
       FIXED EFFECTS PARAMETERS (SIGL):     100
 NOPRIOR SETTING (NOPRIOR):                 OFF
 NOCOV SETTING (NOCOV):                     OFF
 DERCONT SETTING (DERCONT):                 OFF
 FINAL ETA RE-EVALUATION (FNLETA):          ON
 EXCLUDE NON-INFLUENTIAL (NON-INFL.) ETAS
       IN SHRINKAGE (ETASTYPE):             NO
 NON-INFL. ETA CORRECTION (NONINFETA):      OFF
 RAW OUTPUT FILE (FILE): C07-1.ext
 EXCLUDE TITLE (NOTITLE):                   NO
 EXCLUDE COLUMN LABELS (NOLABEL):           NO
 FORMAT FOR ADDITIONAL FILES (FORMAT):      S1PE12.5
 PARAMETER ORDER FOR OUTPUTS (ORDER):       TSOL
 WISHART PRIOR DF INTERPRETATION (WISHTYPE):0
 KNUTHSUMOFF:                               0
 INCLUDE LNTWOPI:                           NO
 INCLUDE CONSTANT TERM TO PRIOR (PRIORC):   NO
 INCLUDE CONSTANT TERM TO OMEGA (ETA) (OLNTWOPI):NO
 ADDITIONAL CONVERGENCE TEST (CTYPE=4)?:    NO
 EM OR BAYESIAN METHOD USED:                 NONE


 THE FOLLOWING LABELS ARE EQUIVALENT
 PRED=PREDI
 RES=RESI
 WRES=WRESI
 IWRS=IWRESI
 IPRD=IPREDI
 IRS=IRESI

 MONITORING OF SEARCH:


0ITERATION NO.:    0    OBJECTIVE VALUE:   535.205647073452        NO. OF FUNC. EVALS.:   7
 CUMULATIVE NO. OF FUNC. EVALS.:        7
 NPARAMETR:  5.0000E+01  1.0000E+00  5.0000E+00  2.0000E-01  1.0000E-01  1.0000E-01  2.0000E-01  1.0000E-01  2.0000E-01  1.0000E-01
             1.0000E-01
 PARAMETER:  1.0000E-01  1.0000E-01  1.0000E-01  1.0000E-01  1.0000E-01  1.0000E-01  1.0000E-01  1.0000E-01  1.0000E-01  1.0000E-01
             1.0000E-01
 GRADIENT:  -8.7591E+01  2.2882E+02  8.0668E+01  7.9695E+01 -7.6750E+02 -2.9292E+02 -4.3761E+02 -5.2394E+02 -5.0486E+01  8.6339E+01
            -2.0991E+01

0ITERATION NO.:    5    OBJECTIVE VALUE:   153.627737579160        NO. OF FUNC. EVALS.:  41
 CUMULATIVE NO. OF FUNC. EVALS.:       48
 NPARAMETR:  4.2083E+01  5.1852E-01  4.7011E+00  1.7138E-01  8.8500E-01  7.0836E-01  4.9363E+00  3.4891E+00  3.2714E+00  1.2099E-02
             1.0699E-01
 PARAMETER: -8.9830E-02 -6.0889E-01  3.1732E-02  2.2787E-02  9.5605E-01  7.6523E-01  5.4620E-01 -2.1617E-01  4.4472E-01 -9.5603E-01
             1.3380E-01
 GRADIENT:  -5.7793E+01  1.6765E+01  4.4301E+00  1.0639E+01 -2.1377E+00  2.0410E+00 -2.9500E+00 -1.5023E+01  2.8007E+00 -2.5036E+01
            -1.3501E+01

0ITERATION NO.:   10    OBJECTIVE VALUE:   130.709469523965        NO. OF FUNC. EVALS.:  41
 CUMULATIVE NO. OF FUNC. EVALS.:       89
 NPARAMETR:  4.1989E+01  5.7008E-02  4.5886E+00  1.3743E-01 -8.2156E-02  4.7295E-01  2.6081E-01 -4.6506E-01  2.1736E+00  7.0879E-03
             3.2612E-01
 PARAMETER: -9.2255E-02 -2.8642E+00  5.0251E-03 -8.7608E-02 -9.9109E-02  5.7055E-01  2.7226E-01 -3.0695E-01  6.3529E-01 -1.2234E+00
             6.9104E-01
 GRADIENT:   2.3681E+01 -2.3019E+01  3.3995E-01  8.8926E+00  3.3438E+01  4.5907E+00  1.0445E+01 -2.5901E-01  6.3694E+00  2.8766E+00
             2.1298E+01

0ITERATION NO.:   15    OBJECTIVE VALUE:   109.336546675737        NO. OF FUNC. EVALS.:  43
 CUMULATIVE NO. OF FUNC. EVALS.:      132
 NPARAMETR:  3.3077E+01  8.1676E-02  1.4345E+00  2.9329E-02 -1.1589E-02  4.8745E-02  5.3484E-02  7.1725E-03  3.7730E-01  1.5997E-02
             2.7855E-01
 PARAMETER: -3.5010E-01 -2.5022E+00 -1.2248E+00 -8.5987E-01 -3.0263E-02  1.2729E-01 -4.6037E-01  9.2587E-02  4.7452E-01 -8.1637E-01
             6.1222E-01
 GRADIENT:   4.0231E+00 -1.1711E+01 -3.7028E+00  2.8878E-01 -6.3534E+01 -3.3939E+00  3.3134E+00  7.7180E+00 -3.8267E-01  3.1882E+01
             3.6636E+01

0ITERATION NO.:   20    OBJECTIVE VALUE:   93.8714436115826        NO. OF FUNC. EVALS.:  40
 CUMULATIVE NO. OF FUNC. EVALS.:      172
 NPARAMETR:  3.2230E+01  8.6148E-02  1.5877E+00  2.4723E-02  8.5863E-03  6.4500E-02  2.2752E-02 -1.4558E-02  4.7225E-01  1.3706E-02
             1.0752E-01
 PARAMETER: -3.7786E-01 -2.4484E+00 -1.1202E+00 -9.4530E-01  2.4421E-02  1.8345E-01 -9.1324E-01 -2.0361E-01  3.8312E-01 -8.9366E-01
             1.3624E-01
 GRADIENT:  -1.1228E+01 -1.6880E-01  5.0887E+00  2.2277E+00 -1.6825E+01 -3.0719E+00  7.1290E-01 -4.8585E-01  1.1744E+00 -7.8336E+00
            -9.7749E-01

0ITERATION NO.:   25    OBJECTIVE VALUE:   92.9307564941604        NO. OF FUNC. EVALS.:  40
 CUMULATIVE NO. OF FUNC. EVALS.:      212
 NPARAMETR:  3.2160E+01  8.6717E-02  1.4519E+00  2.1993E-02  1.2297E-02  6.2276E-02  1.9465E-02 -4.1993E-03  4.4342E-01  1.7184E-02
             7.9187E-02
 PARAMETER: -3.8019E-01 -2.4418E+00 -1.2125E+00 -1.0038E+00  3.7083E-02  1.8780E-01 -1.1389E+00 -2.6938E-01  1.4583E-01 -7.8060E-01
            -1.6677E-02
 GRADIENT:  -3.3102E+00  6.9635E-01  2.4437E-01  1.4560E+00 -1.9157E+00 -3.1807E-01 -1.9080E-01  3.5590E-01 -1.1388E-01 -1.9960E-01
            -5.7805E-01

0ITERATION NO.:   30    OBJECTIVE VALUE:   92.8593983446637        NO. OF FUNC. EVALS.:  44
 CUMULATIVE NO. OF FUNC. EVALS.:      256
 NPARAMETR:  3.2274E+01  8.6717E-02  1.4627E+00  1.9484E-02  1.2061E-02  5.7032E-02  2.0302E-02 -6.4622E-03  4.3493E-01  1.7033E-02
             8.2633E-02
 PARAMETER: -3.7638E-01 -2.4418E+00 -1.2048E+00 -1.0644E+00  3.8643E-02  1.8272E-01 -1.1292E+00 -2.8557E-01  9.5230E-02 -7.8501E-01
             4.6207E-03
 GRADIENT:  -1.1717E-01  1.1713E-01 -6.6788E-03  1.8596E-02 -2.4302E-01 -8.8235E-03  3.2430E-02 -1.1143E-02  8.0755E-04  2.1402E-02
            -3.2688E-02

0ITERATION NO.:   35    OBJECTIVE VALUE:   92.8309343296075        NO. OF FUNC. EVALS.:  64
 CUMULATIVE NO. OF FUNC. EVALS.:      320
 NPARAMETR:  3.2441E+01  8.7307E-02  1.4892E+00  1.9386E-02  1.2058E-02  5.6985E-02  2.0235E-02 -6.5553E-03  4.3477E-01  1.7022E-02
             8.3010E-02
 PARAMETER: -3.7088E-01 -2.4349E+00 -1.1863E+00 -1.0669E+00  3.8731E-02  1.8303E-01 -1.1332E+00 -2.8830E-01  8.2436E-02 -7.8534E-01
             6.8975E-03
 GRADIENT:  -8.3256E-03  8.0529E-02 -4.3421E-02 -1.1993E-02 -1.9357E-01  4.2887E-02 -4.9297E-04  2.9226E-02 -9.7536E-03 -3.4587E-02
             9.9228E-03

0ITERATION NO.:   40    OBJECTIVE VALUE:   92.8308692213077        NO. OF FUNC. EVALS.:  75
 CUMULATIVE NO. OF FUNC. EVALS.:      395
 NPARAMETR:  3.2447E+01  8.7287E-02  1.4907E+00  1.9397E-02  1.2087E-02  5.6908E-02  2.0234E-02 -6.4680E-03  4.3465E-01  1.7038E-02
             8.2858E-02
 PARAMETER: -3.7069E-01 -2.4351E+00 -1.1853E+00 -1.0666E+00  3.8813E-02  1.8274E-01 -1.1344E+00 -2.8819E-01  8.4507E-02 -7.8486E-01
             5.9814E-03
 GRADIENT:  -1.3020E-03 -4.3969E-03 -1.2925E-05  3.4113E-04  6.5447E-03 -1.2545E-03 -1.1814E-03 -1.5948E-05  3.9284E-04  2.8892E-04
             1.4825E-03

0ITERATION NO.:   41    OBJECTIVE VALUE:   92.8308692213077        NO. OF FUNC. EVALS.:  10
 CUMULATIVE NO. OF FUNC. EVALS.:      405
 NPARAMETR:  3.2447E+01  8.7287E-02  1.4907E+00  1.9397E-02  1.2087E-02  5.6908E-02  2.0234E-02 -6.4680E-03  4.3465E-01  1.7038E-02
             8.2858E-02
 PARAMETER: -3.7069E-01 -2.4351E+00 -1.1853E+00 -1.0666E+00  3.8813E-02  1.8274E-01 -1.1344E+00 -2.8819E-01  8.4507E-02 -7.8486E-01
             5.9814E-03
 GRADIENT:  -1.3020E-03 -4.3969E-03 -1.2925E-05  3.4113E-04  6.5447E-03 -1.2545E-03 -1.1814E-03 -1.5948E-05  3.9284E-04  2.8892E-04
             1.4825E-03

 #TERM:
0MINIMIZATION SUCCESSFUL
 NO. OF FUNCTION EVALUATIONS USED:      405
 NO. OF SIG. DIGITS IN FINAL EST.:  3.2

 ETABAR IS THE ARITHMETIC MEAN OF THE ETA-ESTIMATES,
 AND THE P-VALUE IS GIVEN FOR THE NULL HYPOTHESIS THAT THE TRUE MEAN IS 0.

 ETABAR:        -2.2284E-03  1.4270E-03 -1.2102E-02
 SE:             3.7870E-02  3.7341E-02  1.7979E-01
 N:                      12          12          12

 P VAL.:         9.5308E-01  9.6952E-01  9.4633E-01

 ETASHRINKSD(%)  1.6181E+00  5.0222E+00  1.3290E+00
 ETASHRINKVR(%)  3.2100E+00  9.7923E+00  2.6403E+00
 EBVSHRINKSD(%)  5.2196E+00  8.9478E+00  3.6408E+00
 EBVSHRINKVR(%)  1.0167E+01  1.7095E+01  7.1490E+00
 EPSSHRINKSD(%)  7.9529E+00  9.0257E+00
 EPSSHRINKVR(%)  1.5273E+01  1.7237E+01

  
 TOTAL DATA POINTS NORMALLY DISTRIBUTED (N):          132
 N*LOG(2PI) CONSTANT TO OBJECTIVE FUNCTION:    242.59977276603360     
 OBJECTIVE FUNCTION VALUE WITHOUT CONSTANT:    92.830869221307665     
 OBJECTIVE FUNCTION VALUE WITH CONSTANT:       335.43064198734123     
 REPORTED OBJECTIVE FUNCTION DOES NOT CONTAIN CONSTANT
  
 TOTAL EFFECTIVE ETAS (NIND*NETA):                            36
  
 #TERE:
 Elapsed estimation  time in seconds:     0.72
 Elapsed covariance  time in seconds:     0.25
 Elapsed postprocess time in seconds:     0.01
1
 
 
 
 
 
 
 
 
 
 
 
 
 
 
 
 
 
 
 
 
 ************************************************************************************************************************
 ********************                                                                                ********************
 ********************               FIRST ORDER CONDITIONAL ESTIMATION WITH INTERACTION              ********************
 #OBJT:**************                       MINIMUM VALUE OF OBJECTIVE FUNCTION                      ********************
 ********************                                                                                ********************
 ************************************************************************************************************************
 





 #OBJV:********************************************       92.831       **************************************************
1
 ************************************************************************************************************************
 ********************                                                                                ********************
 ********************               FIRST ORDER CONDITIONAL ESTIMATION WITH INTERACTION              ********************
 ********************                             FINAL PARAMETER ESTIMATE                           ********************
 ********************                                                                                ********************
 ************************************************************************************************************************
 


 THETA - VECTOR OF FIXED EFFECTS PARAMETERS   *********


         TH 1      TH 2      TH 3     
 
         3.24E+01  8.73E-02  1.49E+00
 


 OMEGA - COV MATRIX FOR RANDOM EFFECTS - ETAS  ********


         ETA1      ETA2      ETA3     
 
 ETA1
+        1.94E-02
 
 ETA2
+        1.21E-02  2.02E-02
 
 ETA3
+        5.69E-02 -6.47E-03  4.35E-01
 


 SIGMA - COV MATRIX FOR RANDOM EFFECTS - EPSILONS  ****


         EPS1      EPS2     
 
 EPS1
+        1.70E-02
 
 EPS2
+        0.00E+00  8.29E-02
 
1


 OMEGA - CORR MATRIX FOR RANDOM EFFECTS - ETAS  *******


         ETA1      ETA2      ETA3     
 
 ETA1
+        1.39E-01
 
 ETA2
+        6.10E-01  1.42E-01
 
 ETA3
+        6.20E-01 -6.90E-02  6.59E-01
 


 SIGMA - CORR MATRIX FOR RANDOM EFFECTS - EPSILONS  ***


         EPS1      EPS2     
 
 EPS1
+        1.31E-01
 
 EPS2
+        0.00E+00  2.88E-01
 
1
 ************************************************************************************************************************
 ********************                                                                                ********************
 ********************               FIRST ORDER CONDITIONAL ESTIMATION WITH INTERACTION              ********************
 ********************                            STANDARD ERROR OF ESTIMATE                          ********************
 ********************                                                                                ********************
 ************************************************************************************************************************
 


 THETA - VECTOR OF FIXED EFFECTS PARAMETERS   *********


         TH 1      TH 2      TH 3     
 
         1.68E+00  4.24E-03  3.02E-01
 


 OMEGA - COV MATRIX FOR RANDOM EFFECTS - ETAS  ********


         ETA1      ETA2      ETA3     
 
 ETA1
+        8.49E-03
 
 ETA2
+        7.48E-03  2.07E-02
 
 ETA3
+        3.60E-02  2.21E-02  2.23E-01
 


 SIGMA - COV MATRIX FOR RANDOM EFFECTS - EPSILONS  ****


         EPS1      EPS2     
 
 EPS1
+        1.21E-02
 
 EPS2
+       .........  1.18E-01
 
1


 OMEGA - CORR MATRIX FOR RANDOM EFFECTS - ETAS  *******


         ETA1      ETA2      ETA3     
 
 ETA1
+        3.05E-02
 
 ETA2
+        3.64E-01  7.27E-02
 
 ETA3
+        2.45E-01  2.26E-01  1.69E-01
 


 SIGMA - CORR MATRIX FOR RANDOM EFFECTS - EPSILONS  ***


         EPS1      EPS2     
 
 EPS1
+        4.64E-02
 
 EPS2
+       .........  2.04E-01
 
1
 ************************************************************************************************************************
 ********************                                                                                ********************
 ********************               FIRST ORDER CONDITIONAL ESTIMATION WITH INTERACTION              ********************
 ********************                          COVARIANCE MATRIX OF ESTIMATE                         ********************
 ********************                                                                                ********************
 ************************************************************************************************************************
 

            TH 1      TH 2      TH 3      OM11      OM12      OM13      OM22      OM23      OM33      SG11      SG12      SG22  

 
 TH 1
+        2.84E+00
 
 TH 2
+        1.32E-03  1.80E-05
 
 TH 3
+        2.72E-01 -2.67E-04  9.12E-02
 
 OM11
+       -5.48E-04  1.34E-05 -3.41E-04  7.21E-05
 
 OM12
+        1.30E-03 -2.36E-05  1.53E-04 -2.60E-05  5.59E-05
 
 OM13
+       -6.09E-03  1.10E-05  5.56E-03  1.34E-04 -1.02E-04  1.30E-03
 
 OM22
+       -1.24E-02 -6.72E-05  1.83E-04 -5.92E-05  9.05E-05 -1.01E-04  4.27E-04
 
 OM23
+        3.50E-03 -1.52E-05  2.60E-04 -1.77E-05  8.09E-05 -9.34E-05 -9.41E-05  4.86E-04
 
 OM33
+        1.21E-01  7.90E-05  4.25E-02  5.45E-04 -4.15E-04  6.64E-03 -8.35E-04 -1.37E-03  4.96E-02
 
 SG11
+        5.49E-03  3.18E-05 -1.70E-04  5.87E-06 -3.57E-05 -5.52E-05 -2.01E-04  6.93E-05 -2.49E-04  1.46E-04
 
 SG12
+       ......... ......... ......... ......... ......... ......... ......... ......... ......... ......... .........
 
 SG22
+       -8.76E-02 -3.49E-04 -2.73E-03 -2.56E-04  4.02E-04 -3.73E-04  2.35E-03 -7.80E-04 -4.45E-03 -1.27E-03 .........  1.38E-02
 
1
 ************************************************************************************************************************
 ********************                                                                                ********************
 ********************               FIRST ORDER CONDITIONAL ESTIMATION WITH INTERACTION              ********************
 ********************                          CORRELATION MATRIX OF ESTIMATE                        ********************
 ********************                                                                                ********************
 ************************************************************************************************************************
 

            TH 1      TH 2      TH 3      OM11      OM12      OM13      OM22      OM23      OM33      SG11      SG12      SG22  

 
 TH 1
+        1.68E+00
 
 TH 2
+        1.85E-01  4.24E-03
 
 TH 3
+        5.35E-01 -2.08E-01  3.02E-01
 
 OM11
+       -3.83E-02  3.71E-01 -1.33E-01  8.49E-03
 
 OM12
+        1.03E-01 -7.45E-01  6.79E-02 -4.09E-01  7.48E-03
 
 OM13
+       -1.00E-01  7.17E-02  5.11E-01  4.39E-01 -3.80E-01  3.60E-02
 
 OM22
+       -3.55E-01 -7.67E-01  2.94E-02 -3.37E-01  5.86E-01 -1.35E-01  2.07E-02
 
 OM23
+        9.41E-02 -1.62E-01  3.90E-02 -9.44E-02  4.91E-01 -1.18E-01 -2.06E-01  2.21E-02
 
 OM33
+        3.22E-01  8.36E-02  6.32E-01  2.88E-01 -2.49E-01  8.28E-01 -1.81E-01 -2.78E-01  2.23E-01
 
 SG11
+        2.69E-01  6.19E-01 -4.66E-02  5.72E-02 -3.94E-01 -1.27E-01 -8.04E-01  2.60E-01 -9.24E-02  1.21E-02
 
 SG12
+       ......... ......... ......... ......... ......... ......... ......... ......... ......... ......... .........
 
 SG22
+       -4.42E-01 -6.99E-01 -7.68E-02 -2.56E-01  4.57E-01 -8.79E-02  9.68E-01 -3.01E-01 -1.70E-01 -8.93E-01 .........  1.18E-01
 
1
 ************************************************************************************************************************
 ********************                                                                                ********************
 ********************               FIRST ORDER CONDITIONAL ESTIMATION WITH INTERACTION              ********************
 ********************                      INVERSE COVARIANCE MATRIX OF ESTIMATE                     ********************
 ********************                                                                                ********************
 ************************************************************************************************************************
 

            TH 1      TH 2      TH 3      OM11      OM12      OM13      OM22      OM23      OM33      SG11      SG12      SG22  

 
 TH 1
+        8.00E+00
 
 TH 2
+       -9.85E+02  4.71E+05
 
 TH 3
+       -5.07E+01  1.01E+04  4.71E+02
 
 OM11
+       -9.37E+02  1.48E+05  8.21E+03  1.87E+05
 
 OM12
+        3.72E+02  2.97E+05  4.68E+03 -3.68E+04  1.11E+06
 
 OM13
+        8.87E+02 -8.98E+04 -5.93E+03 -1.39E+05  1.90E+05  1.42E+05
 
 OM22
+        1.94E+03 -5.75E+05 -2.51E+04 -4.39E+05 -6.16E+05  2.50E+05  1.81E+06
 
 OM23
+       -5.79E+02  4.86E+04  3.73E+03  1.06E+05 -2.41E+05 -1.19E+05 -1.60E+05  1.18E+05
 
 OM33
+       -1.19E+02  1.27E+04  8.08E+02  1.99E+04 -2.89E+04 -2.06E+04 -3.78E+04  1.81E+04  3.09E+03
 
 SG11
+       -1.60E+03  4.42E+05  2.00E+04  4.01E+05  2.53E+05 -2.62E+05 -1.43E+06  2.10E+05  4.13E+04  1.27E+06
 
 SG12
+       ......... ......... ......... ......... ......... ......... ......... ......... ......... ......... .........
 
 SG22
+       -5.36E+02  1.45E+05  6.47E+03  1.24E+05  8.80E+04 -8.20E+04 -4.52E+05  6.30E+04  1.26E+04  3.84E+05 .........  1.19E+05
 
1
 
 
 
 
 
 
 
 
 
 
 
 
 
 
 
 
 
 
 
 
 ************************************************************************************************************************
 ********************                                                                                ********************
 ********************               FIRST ORDER CONDITIONAL ESTIMATION WITH INTERACTION              ********************
 ********************                      EIGENVALUES OF COR MATRIX OF ESTIMATE                     ********************
 ********************                                                                                ********************
 ************************************************************************************************************************
 

             1         2         3         4         5         6         7         8         9        10        11
 
         3.60E-04  3.18E-03  2.60E-02  1.31E-01  2.28E-01  2.53E-01  6.74E-01  1.05E+00  1.96E+00  2.53E+00  4.14E+00
 
1
 ************************************************************************************************************************
 ********************                                                                                ********************
 ********************               FIRST ORDER CONDITIONAL ESTIMATION WITH INTERACTION              ********************
 ********************                                     R MATRIX                                   ********************
 ********************                                                                                ********************
 ************************************************************************************************************************
 

            TH 1      TH 2      TH 3      OM11      OM12      OM13      OM22      OM23      OM33      SG11      SG12      SG22  

 
 TH 1
+        6.89E-01
 
 TH 2
+       -3.69E+01  4.36E+04
 
 TH 3
+       -2.29E+00  2.39E+02  1.93E+01
 
 OM11
+       -1.20E+01  2.53E+03  3.32E+01  1.74E+04
 
 OM12
+        5.02E+00 -5.94E+02 -1.33E+01 -3.58E+03  2.08E+04
 
 OM13
+        6.60E+00 -1.58E+03 -1.59E+01 -5.19E+03  2.07E+03  3.27E+03
 
 OM22
+        2.21E+00 -1.00E+03 -6.29E+00  7.12E+02 -4.42E+03 -4.77E+02  5.87E+03
 
 OM23
+       -3.05E+00  6.66E+02  7.90E+00  3.71E+02 -3.34E+03 -5.74E+02  1.19E+03  1.33E+03
 
 OM33
+       -5.59E-01  1.66E+02  2.15E-01  3.95E+02 -2.37E+02 -3.66E+02  6.57E+01  1.08E+02  7.02E+01
 
 SG11
+       -2.88E+01  3.24E+03  1.14E+02  6.60E+03 -7.97E+03 -2.00E+03  3.34E+03  1.21E+03  1.97E+02  9.23E+04
 
 SG12
+       ......... ......... ......... ......... ......... ......... ......... ......... ......... ......... .........
 
 SG22
+       -5.00E-01  8.17E+01 -3.09E-01  6.71E+02 -9.03E+02 -2.24E+02  2.90E+02  1.45E+02  2.51E+01  6.73E+03 .........  9.23E+02
 
1
 ************************************************************************************************************************
 ********************                                                                                ********************
 ********************               FIRST ORDER CONDITIONAL ESTIMATION WITH INTERACTION              ********************
 ********************                                     S MATRIX                                   ********************
 ********************                                                                                ********************
 ************************************************************************************************************************
 

            TH 1      TH 2      TH 3      OM11      OM12      OM13      OM22      OM23      OM33      SG11      SG12      SG22  

 
 TH 1
+        6.79E-01
 
 TH 2
+       -3.42E+01  4.28E+04
 
 TH 3
+       -2.25E+00  2.30E+02  1.90E+01
 
 OM11
+        2.50E+01  8.98E+03 -3.01E+02  1.85E+04
 
 OM12
+        4.09E+01 -5.96E+03 -6.50E+01 -3.79E+03  7.39E+03
 
 OM13
+       -2.43E+01 -2.38E+03  1.42E+02 -6.04E+03 -6.87E+01  2.67E+03
 
 OM22
+       -5.60E+00 -1.60E+04 -4.61E+01 -2.50E+03 -1.28E+03  1.03E+03  9.72E+03
 
 OM23
+       -5.44E+00 -7.69E+02  2.06E+01 -6.50E+02 -2.78E+02  3.80E+02  6.86E+02  1.51E+02
 
 OM33
+        3.10E+00  2.64E+02 -4.17E+00  2.53E+02  2.42E+02 -1.98E+02 -2.26E+02 -5.19E+01  4.49E+01
 
 SG11
+       -1.76E+02  3.91E+04  3.89E+02  1.96E+04 -2.48E+04 -5.24E+03 -1.69E+03  1.55E+03 -8.84E+02  2.88E+05
 
 SG12
+       ......... ......... ......... ......... ......... ......... ......... ......... ......... ......... .........
 
 SG22
+       -1.06E+01 -5.29E+03 -3.01E+01  3.49E+02 -2.13E+03  5.71E+01  4.34E+03  3.16E+02 -1.45E+02  1.19E+04 .........  2.62E+03
 
 Elapsed finaloutput time in seconds:     0.09
 #CPUT: Total CPU Time in Seconds,        0.827
Stop Time: 
2018-08-21 
오후 02:14
