2019-01-28 
오후 05:44
$PROBLEM    PHENOBARBITAL IV P:ROOT F:BASE
$INPUT      ID TIME AMT BWT APGA DV MDV EVID
$DATA      PHENO
$SUBROUTINE ADVAN1 TRANS2
$PK
  CL = THETA(1) * EXP(ETA(1))
  V  = THETA(2) * EXP(ETA(2))
  S1 = V

$ERROR
  IPRE = F
  W = SQRT(THETA(3)**2*IPRE**2 + THETA(4)**2)
  Y = IPRE + W*EPS(1)
  IRES = DV-IPRE
  IWRE = IRES/W

$THETA  (0,1) ; CL
 (0,1) ; V
 (0,.1) ; Prop.RE (sd)
 (0,1) ; Add.RE (sd)
$OMEGA  0.1
 0.1
$SIGMA  1  FIX
$ESTIMATION MAX=9999 PRINT=5 METHOD=COND INTER MSFO=THIS2006.MSF NOTBT
            NOOBT NOSBT NOABORT
$COVARIANCE UNCOND
$TABLE      ID TIME DV MDV EVID IPRE IWRE CWRES FILE=sdtab2006 NOPRINT
            ONEHEADER
$TABLE      CL V ETA(1) ETA(2) FILE=patab2006 NOPRINT ONEHEADER
            NOAPPEND
$TABLE      ID BWT APGA FILE=cotab2006 NOPRINT ONEHEADER NOAPPEND
$TABLE      ID APGA FILE=catab2006 NOPRINT ONEHEADER NOAPPEND

  
NM-TRAN MESSAGES 
  
 WARNINGS AND ERRORS (IF ANY) FOR PROBLEM    1
             
 (WARNING  2) NM-TRAN INFERS THAT THE DATA ARE POPULATION.
  
License Registered to: Uppsala University - Dept. of Pharmaceutical Biosciences
Expiration Date:    14 MAR 2019
Current Date:       28 JAN 2019
Days until program expires :  46
1NONLINEAR MIXED EFFECTS MODEL PROGRAM (NONMEM) VERSION 7.4.3
 ORIGINALLY DEVELOPED BY STUART BEAL, LEWIS SHEINER, AND ALISON BOECKMANN
 CURRENT DEVELOPERS ARE ROBERT BAUER, ICON DEVELOPMENT SOLUTIONS,
 AND ALISON BOECKMANN. IMPLEMENTATION, EFFICIENCY, AND STANDARDIZATION
 PERFORMED BY NOUS INFOSYSTEMS.
 
 PROBLEM NO.:         1
 PHENOBARBITAL IV P:ROOT F:BASE                                          
0DATA CHECKOUT RUN:              NO 
 DATA SET LOCATED ON UNIT NO.:    2
 THIS UNIT TO BE REWOUND:        NO 
 NO. OF DATA RECS IN DATA SET:      744
 NO. OF DATA ITEMS IN DATA SET:   8
 ID DATA ITEM IS DATA ITEM NO.:   1
 DEP VARIABLE IS DATA ITEM NO.:   6
 MDV DATA ITEM IS DATA ITEM NO.:  7
0INDICES PASSED TO SUBROUTINE PRED:
   8   2   3   0   0   0   0   0   0   0   0
0LABELS FOR DATA ITEMS:
 ID TIME AMT BWT APGA DV MDV EVID
0(NONBLANK) LABELS FOR PRED-DEFINED ITEMS:
 CL V IPRE IWRE
0FORMAT FOR DATA:
 (8E6.0)                                                                         
 
 TOT. NO. OF OBS RECS:      155
 TOT. NO. OF INDIVIDUALS:       59
0LENGTH OF THETA:   4
0DEFAULT THETA BOUNDARY TEST OMITTED:   YES 
0OMEGA HAS SIMPLE DIAGONAL FORM WITH DIMENSION:   2
0DEFAULT OMEGA BOUNDARY TEST OMITTED:   YES 
0SIGMA HAS SIMPLE DIAGONAL FORM WITH DIMENSION:   1
0DEFAULT SIGMA BOUNDARY TEST OMITTED:   YES 
0INITIAL ESTIMATE OF THETA:
 LOWER BOUND    INITIAL EST    UPPER BOUND
  0.0000E+00     0.1000E+01     0.1000E+07
  0.0000E+00     0.1000E+01     0.1000E+07
  0.0000E+00     0.1000E+00     0.1000E+07
  0.0000E+00     0.1000E+01     0.1000E+07
0INITIAL ESTIMATE OF OMEGA:
 0.1000E+00
 0.0000E+00   0.1000E+00
0INITIAL ESTIMATE OF SIGMA:
 0.1000E+01
0SIGMA CONSTRAINED TO BE THIS INITIAL ESTIMATE
0COVARIANCE STEP OMITTED:        NO 
 EIGENVLS. PRINTED:              NO 
 SPECIAL COMPUTATION:            NO 
 COMPRESSED FORMAT:              NO 
 GRADIENT METHOD USED:     NOSLOW
 SIGDIGITS ETAHAT (SIGLO):                  -1          
 SIGDIGITS GRADIENTS (SIGL):                -1          
 EXCLUDE COV FOR FOCE (NOFCOV):              NO   
 TURN OFF Cholesky Transposition of R Matrix (CHOLROFF): NO   
 KNUTHSUMOFF:                                -1          
 RESUME COV ANALYSIS (RESUME):               NO   
 SIR SAMPLE SIZE (SIRSAMPLE):              -1          
 NON-LINEARLY TRANSFORM THETAS DURING COV (THBND): 1           
 PRECONDTIONING CYCLES (PRECOND):        0           
 PRECONDTIONING TYPES (PRECONDS):        TOS       
 FORCED PRECONDTIONING CYCLES (PFCOND):0           
 PRECONDTIONING TYPE (PRETYPE):        0           
 FORCED POS. DEFINITE SETTING: (FPOSDEF):0           
0TABLES STEP OMITTED:    NO 
 NO. OF TABLES:           4
 SEED NUMBER (SEED):    11456       
 RANMETHOD:             3U                  
 MC SAMPLES (ESAMPLE):    300         
 WRES SQUARE ROOT TYPE (WRESCHOL): EIGENVALUE
0-- TABLE   1 --
0RECORDS ONLY:    ALL                 
04 COLUMNS APPENDED:    YES 
 PRINTED:                NO 
 HEADER:                YES
 FILE TO BE FORWARDED:   NO 
 FORMAT:                S1PE11.4
 LFORMAT:               
 RFORMAT:               
 FIXED_EFFECT_ETAS:     
0USER-CHOSEN ITEMS:
 ID TIME DV MDV EVID IPRE IWRE CWRES
0-- TABLE   2 --
0RECORDS ONLY:    ALL                 
04 COLUMNS APPENDED:    NO  
 PRINTED:                NO 
 HEADER:                YES
 FILE TO BE FORWARDED:   NO 
 FORMAT:                S1PE11.4
 LFORMAT:               
 RFORMAT:               
 FIXED_EFFECT_ETAS:     
0USER-CHOSEN ITEMS:
 CL V ETA1 ETA2
0-- TABLE   3 --
0RECORDS ONLY:    ALL                 
04 COLUMNS APPENDED:    NO  
 PRINTED:                NO 
 HEADER:                YES
 FILE TO BE FORWARDED:   NO 
 FORMAT:                S1PE11.4
 LFORMAT:               
 RFORMAT:               
 FIXED_EFFECT_ETAS:     
0USER-CHOSEN ITEMS:
 ID BWT APGA
0-- TABLE   4 --
0RECORDS ONLY:    ALL                 
04 COLUMNS APPENDED:    NO  
 PRINTED:                NO 
 HEADER:                YES
 FILE TO BE FORWARDED:   NO 
 FORMAT:                S1PE11.4
 LFORMAT:               
 RFORMAT:               
 FIXED_EFFECT_ETAS:     
0USER-CHOSEN ITEMS:
 ID APGA
1DOUBLE PRECISION PREDPP VERSION 7.4.3
 
 ONE COMPARTMENT MODEL (ADVAN1)
0MAXIMUM NO. OF BASIC PK PARAMETERS:   2
0BASIC PK PARAMETERS (AFTER TRANSLATION):
   ELIMINATION RATE (K) IS BASIC PK PARAMETER NO.:  1
 
 TRANSLATOR WILL CONVERT PARAMETERS 
 CLEARANCE (CL) AND VOLUME (V) TO K (TRANS2)
0COMPARTMENT ATTRIBUTES 
 COMPT. NO.   FUNCTION   INITIAL    ON/OFF      DOSE      DEFAULT    DEFAULT
                         STATUS     ALLOWED    ALLOWED    FOR DOSE   FOR OBS.
    1         CENTRAL      ON         NO         YES        YES        YES
    2         OUTPUT       OFF        YES        NO         NO         NO 
1
 ADDITIONAL PK PARAMETERS - ASSIGNMENT OF ROWS IN GG
 COMPT. NO.                             INDICES
              SCALE      BIOAVAIL.   ZERO-ORDER  ZERO-ORDER  ABSORB
                         FRACTION    RATE        DURATION    LAG  
    1            3           *           *           *           *
    2            *           -           -           -           -
             - PARAMETER IS NOT ALLOWED FOR THIS MODEL
             * PARAMETER IS NOT SUPPLIED BY PK SUBROUTINE;
               WILL DEFAULT TO ONE IF APPLICABLE
0DATA ITEM INDICES USED BY PRED ARE:
   EVENT ID DATA ITEM IS DATA ITEM NO.:      8
   TIME DATA ITEM IS DATA ITEM NO.:          2
   DOSE AMOUNT DATA ITEM IS DATA ITEM NO.:   3
 
0PK SUBROUTINE CALLED WITH EVERY EVENT RECORD.
 PK SUBROUTINE NOT CALLED AT NONEVENT (ADDITIONAL OR LAGGED) DOSE TIMES.
0ERROR SUBROUTINE CALLED WITH EVERY EVENT RECORD.
1


 #TBLN:      1
 #METH: First Order Conditional Estimation with Interaction

 ESTIMATION STEP OMITTED:                 NO  
 ANALYSIS TYPE:                           POPULATION
 NUMBER OF SADDLE POINT RESET ITERATIONS:      0
 GRADIENT METHOD USED:               NOSLOW
 CONDITIONAL ESTIMATES USED:              YES 
 CENTERED ETA:                            NO  
 EPS-ETA INTERACTION:                     YES 
 LAPLACIAN OBJ. FUNC.:                    NO  
 NO. OF FUNCT. EVALS. ALLOWED:            9999
 NO. OF SIG. FIGURES REQUIRED:            3
 INTERMEDIATE PRINTOUT:                   YES 
 ESTIMATE OUTPUT TO MSF:                  YES 
 ABORT WITH PRED EXIT CODE 1:             NO  
 IND. OBJ. FUNC. VALUES SORTED:           NO  
 NUMERICAL DERIVATIVE 
       FILE REQUEST (NUMDER):               NONE
 MAP (ETAHAT) ESTIMATION METHOD (OPTMAP):   0           
 ETA HESSIAN EVALUATION METHOD (ETADER):    0           
 INITIAL ETA FOR MAP ESTIMATION (MCETA):    0           
 SIGDIGITS FOR MAP ESTIMATION (SIGLO):      100         
 GRADIENT SIGDIGITS OF 
       FIXED EFFECTS PARAMETERS (SIGL):     100         
 NOPRIOR SETTING (NOPRIOR):                 OFF       
 NOCOV SETTING (NOCOV):                     OFF       
 DERCONT SETTING (DERCONT):                 OFF       
 FINAL ETA RE-EVALUATION (FNLETA):          ON        
 EXCLUDE NON-INFLUENTIAL (NON-INFL.) ETAS   
       IN SHRINKAGE (ETASTYPE):             NO        
 NON-INFL. ETA CORRECTION (NONINFETA):      OFF       
 RAW OUTPUT FILE (FILE): psn.ext                                                                                                                                                                                                                                                         
 EXCLUDE TITLE (NOTITLE):                   NO        
 EXCLUDE COLUMN LABELS (NOLABEL):           NO        
 FORMAT FOR ADDITIONAL FILES (FORMAT):      S1PE12.5
 PARAMETER ORDER FOR OUTPUTS (ORDER):       TSOL
 WISHART PRIOR DF INTERPRETATION (WISHTYPE):0           
 KNUTHSUMOFF:                               0           
 INCLUDE LNTWOPI:                           NO        
 INCLUDE CONSTANT TERM TO PRIOR (PRIORC):   NO        
 INCLUDE CONSTANT TERM TO OMEGA (ETA) (OLNTWOPI):NO        
 ADDITIONAL CONVERGENCE TEST (CTYPE=4)?:    NO
 EM OR BAYESIAN METHOD USED:                 NONE


 THE FOLLOWING LABELS ARE EQUIVALENT
 PRED=PREDI
 RES=RESI
 WRES=WRESI
 IWRS=IWRESI
 IPRD=IPREDI
 IRS=IRESI

 MONITORING OF SEARCH:


0ITERATION NO.:    0    OBJECTIVE VALUE:   16840.1723540539        NO. OF FUNC. EVALS.:   6
 CUMULATIVE NO. OF FUNC. EVALS.:        6
 NPARAMETR:  1.0000E+00  1.0000E+00  1.0000E-01  1.0000E+00  1.0000E-01  1.0000E-01
 PARAMETER:  1.0000E-01  1.0000E-01  1.0000E-01  1.0000E-01  1.0000E-01  1.0000E-01
 GRADIENT:   4.2086E+03  3.3246E+01 -1.4707E+03 -1.2933E+04 -1.7736E+04 -2.5411E+02

0ITERATION NO.:    5    OBJECTIVE VALUE:   1082.19452067253        NO. OF FUNC. EVALS.:  37
 CUMULATIVE NO. OF FUNC. EVALS.:       43
 NPARAMETR:  3.4732E-01  3.1740E+00  9.9918E-02  1.2052E+00  5.3570E+00  1.6751E+00
 PARAMETER: -9.5752E-01  1.2550E+00  9.9184E-02  2.8666E-01  2.0905E+00  1.5092E+00
 GRADIENT:   8.4512E+01  6.7589E+01 -4.2050E+00 -4.7309E+00 -2.2627E+02  5.0649E+01

0ITERATION NO.:   10    OBJECTIVE VALUE:   741.821698510701        NO. OF FUNC. EVALS.:  44
 CUMULATIVE NO. OF FUNC. EVALS.:       87
 NPARAMETR:  5.7319E-03  1.4933E+00  8.5160E-02  1.9038E+00  6.2951E-01  1.4044E-01
 PARAMETER: -5.0617E+00  5.0101E-01 -6.0643E-02  7.4384E-01  1.0199E+00  2.6979E-01
 GRADIENT:   5.3589E+00  2.6506E+01  5.4535E+00 -5.5458E-01  3.5274E+01 -2.2742E+01

0ITERATION NO.:   15    OBJECTIVE VALUE:   731.769394724791        NO. OF FUNC. EVALS.:  36
 CUMULATIVE NO. OF FUNC. EVALS.:      123
 NPARAMETR:  5.3032E-03  1.4922E+00  5.6804E-02  2.7325E+00  3.6824E-01  1.8625E-01
 PARAMETER: -5.1394E+00  5.0028E-01 -4.6557E-01  1.1052E+00  7.5178E-01  4.1096E-01
 GRADIENT:  -7.0856E+00  1.4057E+01  5.1887E+00  1.6634E+01  2.3000E+01 -2.2560E+00

0ITERATION NO.:   20    OBJECTIVE VALUE:   725.698544225091        NO. OF FUNC. EVALS.:  37
 CUMULATIVE NO. OF FUNC. EVALS.:      160
 NPARAMETR:  5.7439E-03  1.4418E+00  1.2816E-02  2.7607E+00  1.9602E-01  2.0101E-01
 PARAMETER: -5.0596E+00  4.6586E-01 -1.9545E+00  1.1155E+00  4.3652E-01  4.4909E-01
 GRADIENT:   9.3159E-01  2.7363E+00 -4.4118E-02 -1.4008E+00 -1.0095E+00 -2.8122E-01

0ITERATION NO.:   25    OBJECTIVE VALUE:   725.588325335480        NO. OF FUNC. EVALS.:  75
 CUMULATIVE NO. OF FUNC. EVALS.:      235            RESET HESSIAN, TYPE II
 NPARAMETR:  5.8940E-03  1.4410E+00  1.5024E-02  2.7708E+00  1.9560E-01  2.0098E-01
 PARAMETER: -5.0338E+00  4.6532E-01 -1.7955E+00  1.1191E+00  4.3544E-01  4.4901E-01
 GRADIENT:   8.5756E+00  3.5374E+00 -2.5616E-02  2.7770E-01 -4.5508E-01 -1.7694E-01

0ITERATION NO.:   30    OBJECTIVE VALUE:   725.573365719681        NO. OF FUNC. EVALS.:  45
 CUMULATIVE NO. OF FUNC. EVALS.:      280
 NPARAMETR:  5.8996E-03  1.4405E+00  2.9054E-02  2.7012E+00  1.9494E-01  2.0058E-01
 PARAMETER: -5.0329E+00  4.6499E-01 -1.1360E+00  1.0937E+00  4.3377E-01  4.4801E-01
 GRADIENT:   8.5551E+00  3.2423E+00 -2.8723E-03  1.7045E-01 -4.0331E-01 -1.8311E-01

0ITERATION NO.:   35    OBJECTIVE VALUE:   725.573142935494        NO. OF FUNC. EVALS.:  37
 CUMULATIVE NO. OF FUNC. EVALS.:      317
 NPARAMETR:  5.8948E-03  1.4416E+00  2.7575E-02  2.7095E+00  1.9500E-01  2.0072E-01
 PARAMETER: -5.0337E+00  4.6573E-01 -1.1883E+00  1.0968E+00  4.3392E-01  4.4837E-01
 GRADIENT:   8.3798E+00  3.6439E+00 -1.9532E-02  8.3772E-02 -4.3537E-01 -1.4062E-01

0ITERATION NO.:   40    OBJECTIVE VALUE:   725.571902180717        NO. OF FUNC. EVALS.:  74
 CUMULATIVE NO. OF FUNC. EVALS.:      391
 NPARAMETR:  5.8944E-03  1.4422E+00  2.8286E-02  2.7069E+00  1.9681E-01  2.0082E-01
 PARAMETER: -5.0337E+00  4.6619E-01 -1.1628E+00  1.0958E+00  4.3852E-01  4.4863E-01
 GRADIENT:   7.5978E-02  6.5709E-02  3.0452E-04  1.6494E-02 -6.9695E-03 -9.6868E-04

0ITERATION NO.:   41    OBJECTIVE VALUE:   725.571902180717        NO. OF FUNC. EVALS.:   8
 CUMULATIVE NO. OF FUNC. EVALS.:      399
 NPARAMETR:  5.8944E-03  1.4422E+00  2.8286E-02  2.7069E+00  1.9681E-01  2.0082E-01
 PARAMETER: -5.0337E+00  4.6619E-01 -1.1628E+00  1.0958E+00  4.3852E-01  4.4863E-01
 GRADIENT:   7.5978E-02  6.5709E-02  3.0452E-04  1.6494E-02 -6.9695E-03 -9.6868E-04

 #TERM:
0MINIMIZATION SUCCESSFUL
 NO. OF FUNCTION EVALUATIONS USED:      399
 NO. OF SIG. DIGITS IN FINAL EST.:  3.3

 ETABAR IS THE ARITHMETIC MEAN OF THE ETA-ESTIMATES,
 AND THE P-VALUE IS GIVEN FOR THE NULL HYPOTHESIS THAT THE TRUE MEAN IS 0.

 ETABAR:         1.9182E-02 -1.7808E-02
 SE:             4.1520E-02  5.6507E-02
 N:                      59          59

 P VAL.:         6.4408E-01  7.5265E-01

 ETASHRINKSD(%)  2.7493E+01  2.3143E+00
 ETASHRINKVR(%)  4.7428E+01  4.5750E+00
 EBVSHRINKSD(%)  2.8005E+01  3.4960E+00
 EBVSHRINKVR(%)  4.8167E+01  6.8698E+00
 EPSSHRINKSD(%)  3.3359E+01
 EPSSHRINKVR(%)  5.5590E+01

  
 TOTAL DATA POINTS NORMALLY DISTRIBUTED (N):          155
 N*LOG(2PI) CONSTANT TO OBJECTIVE FUNCTION:    284.87094529344853     
 OBJECTIVE FUNCTION VALUE WITHOUT CONSTANT:    725.57190218071742     
 OBJECTIVE FUNCTION VALUE WITH CONSTANT:       1010.4428474741660     
 REPORTED OBJECTIVE FUNCTION DOES NOT CONTAIN CONSTANT
  
 TOTAL EFFECTIVE ETAS (NIND*NETA):                           118
  
 #TERE:
 Elapsed estimation  time in seconds:     1.79
 Elapsed covariance  time in seconds:     0.40
 Elapsed postprocess time in seconds:     0.02
1
 
 
 
 
 
 
 
 
 
 
 
 
 
 
 
 
 
 
 
 
 ************************************************************************************************************************
 ********************                                                                                ********************
 ********************               FIRST ORDER CONDITIONAL ESTIMATION WITH INTERACTION              ********************
 #OBJT:**************                       MINIMUM VALUE OF OBJECTIVE FUNCTION                      ********************
 ********************                                                                                ********************
 ************************************************************************************************************************
 





 #OBJV:********************************************      725.572       **************************************************
1
 ************************************************************************************************************************
 ********************                                                                                ********************
 ********************               FIRST ORDER CONDITIONAL ESTIMATION WITH INTERACTION              ********************
 ********************                             FINAL PARAMETER ESTIMATE                           ********************
 ********************                                                                                ********************
 ************************************************************************************************************************
 


 THETA - VECTOR OF FIXED EFFECTS PARAMETERS   *********


         TH 1      TH 2      TH 3      TH 4     
 
         5.89E-03  1.44E+00  2.83E-02  2.71E+00
 


 OMEGA - COV MATRIX FOR RANDOM EFFECTS - ETAS  ********


         ETA1      ETA2     
 
 ETA1
+        1.97E-01
 
 ETA2
+        0.00E+00  2.01E-01
 


 SIGMA - COV MATRIX FOR RANDOM EFFECTS - EPSILONS  ****


         EPS1     
 
 EPS1
+        1.00E+00
 
1


 OMEGA - CORR MATRIX FOR RANDOM EFFECTS - ETAS  *******


         ETA1      ETA2     
 
 ETA1
+        4.44E-01
 
 ETA2
+        0.00E+00  4.48E-01
 


 SIGMA - CORR MATRIX FOR RANDOM EFFECTS - EPSILONS  ***


         EPS1     
 
 EPS1
+        1.00E+00
 
1
 ************************************************************************************************************************
 ********************                                                                                ********************
 ********************               FIRST ORDER CONDITIONAL ESTIMATION WITH INTERACTION              ********************
 ********************                            STANDARD ERROR OF ESTIMATE                          ********************
 ********************                                                                                ********************
 ************************************************************************************************************************
 


 THETA - VECTOR OF FIXED EFFECTS PARAMETERS   *********


         TH 1      TH 2      TH 3      TH 4     
 
         4.60E-04  8.34E-02  9.19E-02  5.75E-01
 


 OMEGA - COV MATRIX FOR RANDOM EFFECTS - ETAS  ********


         ETA1      ETA2     
 
 ETA1
+        8.98E-02
 
 ETA2
+       .........  5.00E-02
 


 SIGMA - COV MATRIX FOR RANDOM EFFECTS - EPSILONS  ****


         EPS1     
 
 EPS1
+       .........
 
1


 OMEGA - CORR MATRIX FOR RANDOM EFFECTS - ETAS  *******


         ETA1      ETA2     
 
 ETA1
+        1.01E-01
 
 ETA2
+       .........  5.58E-02
 


 SIGMA - CORR MATRIX FOR RANDOM EFFECTS - EPSILONS  ***


         EPS1     
 
 EPS1
+       .........
 
1
 ************************************************************************************************************************
 ********************                                                                                ********************
 ********************               FIRST ORDER CONDITIONAL ESTIMATION WITH INTERACTION              ********************
 ********************                          COVARIANCE MATRIX OF ESTIMATE                         ********************
 ********************                                                                                ********************
 ************************************************************************************************************************
 

            TH 1      TH 2      TH 3      TH 4      OM11      OM12      OM22      SG11  
 
 TH 1
+        2.12E-07
 
 TH 2
+        1.47E-05  6.95E-03
 
 TH 3
+        1.07E-05 -5.63E-05  8.44E-03
 
 TH 4
+       -9.42E-05  2.45E-04 -4.83E-02  3.31E-01
 
 OM11
+        1.20E-06  1.54E-03 -4.48E-03  2.67E-02  8.07E-03
 
 OM12
+       ......... ......... ......... ......... ......... .........
 
 OM22
+        2.05E-06  2.23E-03 -4.31E-04  4.63E-03  4.88E-04 .........  2.50E-03
 
 SG11
+       ......... ......... ......... ......... ......... ......... ......... .........
 
1
 ************************************************************************************************************************
 ********************                                                                                ********************
 ********************               FIRST ORDER CONDITIONAL ESTIMATION WITH INTERACTION              ********************
 ********************                          CORRELATION MATRIX OF ESTIMATE                        ********************
 ********************                                                                                ********************
 ************************************************************************************************************************
 

            TH 1      TH 2      TH 3      TH 4      OM11      OM12      OM22      SG11  
 
 TH 1
+        4.60E-04
 
 TH 2
+        3.84E-01  8.34E-02
 
 TH 3
+        2.53E-01 -7.35E-03  9.19E-02
 
 TH 4
+       -3.56E-01  5.11E-03 -9.14E-01  5.75E-01
 
 OM11
+        2.90E-02  2.06E-01 -5.42E-01  5.17E-01  8.98E-02
 
 OM12
+       ......... ......... ......... ......... ......... .........
 
 OM22
+        8.89E-02  5.35E-01 -9.39E-02  1.61E-01  1.09E-01 .........  5.00E-02
 
 SG11
+       ......... ......... ......... ......... ......... ......... ......... .........
 
1
 ************************************************************************************************************************
 ********************                                                                                ********************
 ********************               FIRST ORDER CONDITIONAL ESTIMATION WITH INTERACTION              ********************
 ********************                      INVERSE COVARIANCE MATRIX OF ESTIMATE                     ********************
 ********************                                                                                ********************
 ************************************************************************************************************************
 

            TH 1      TH 2      TH 3      TH 4      OM11      OM12      OM22      SG11  
 
 TH 1
+        6.97E+06
 
 TH 2
+       -1.45E+04  2.49E+02
 
 TH 3
+        1.22E+04 -8.38E+00  7.86E+02
 
 TH 4
+        4.19E+03  5.12E-01  1.14E+02  2.19E+01
 
 OM11
+       -5.51E+03 -3.93E+01  6.28E+01 -8.33E+00  1.93E+02
 
 OM12
+       ......... ......... ......... ......... ......... .........
 
 OM22
+        2.64E+03 -2.05E+02 -9.08E+01 -2.30E+01  2.82E+01 .........  6.02E+02
 
 SG11
+       ......... ......... ......... ......... ......... ......... ......... .........
 
 Elapsed finaloutput time in seconds:     0.23
 #CPUT: Total CPU Time in Seconds,        2.434
Stop Time: 
2019-01-28 
오후 05:44
