2018-10-19 
¿ÀÈÄ 06:00
$PROBLEM    THEOPHYLLINE ORAL P:ROOT F:BASE
$INPUT      ID AMT TIME DV BWT
$DATA      THEOPP
$SUBROUTINE ADVAN2 TRANS2
$PK
  TVCL  = THETA(1)
  TVV   = THETA(2)
  TVKA  = THETA(3)
  CL    = TVCL * EXP(ETA(1))
  V     = TVV  * EXP(ETA(2))
  KA    = TVKA * EXP(ETA(3))
  S2    = V
  K     = CL / V

$ERROR
  IPRED  = F
  W     = SQRT(THETA(4)**2 + THETA(5)**2 * IPRED**2)
  IRES  = DV - IPRED
  IWRES  = IRES / W
  Y     = IPRED + W * EPS(1)

$THETA  (0,0.1)
 (0,1)
 (0,10)
 0.1 FIX
 (0,0.5)
$OMEGA  BLOCK(3)
 0.2
 0.1 0.2
 0.1 0.1 0.2
$SIGMA  1  FIX
$SIMULATION (537995038) ONLYSIMULATION NSUBPROBLEMS=200
$TABLE      ID MDV DV ONEHEADER NOPRINT NOAPPEND FILE=npctab.dta

  
NM-TRAN MESSAGES 
  
 WARNINGS AND ERRORS (IF ANY) FOR PROBLEM    1
             
 (WARNING  2) NM-TRAN INFERS THAT THE DATA ARE POPULATION.
  
License Registered to: Asan Medical Center
Expiration Date:    14 DEC 2018
Current Date:       19 OCT 2018
Days until program expires :  55
1NONLINEAR MIXED EFFECTS MODEL PROGRAM (NONMEM) VERSION 7.4.3
 ORIGINALLY DEVELOPED BY STUART BEAL, LEWIS SHEINER, AND ALISON BOECKMANN
 CURRENT DEVELOPERS ARE ROBERT BAUER, ICON DEVELOPMENT SOLUTIONS,
 AND ALISON BOECKMANN. IMPLEMENTATION, EFFICIENCY, AND STANDARDIZATION
 PERFORMED BY NOUS INFOSYSTEMS.

 PROBLEM NO.:         1
 THEOPHYLLINE ORAL P:ROOT F:BASE
0DATA CHECKOUT RUN:              NO
 DATA SET LOCATED ON UNIT NO.:    2
 THIS UNIT TO BE REWOUND:        NO
 NO. OF DATA RECS IN DATA SET:      144
 NO. OF DATA ITEMS IN DATA SET:   7
 ID DATA ITEM IS DATA ITEM NO.:   1
 DEP VARIABLE IS DATA ITEM NO.:   4
 MDV DATA ITEM IS DATA ITEM NO.:  7
0INDICES PASSED TO SUBROUTINE PRED:
   6   3   2   0   0   0   0   0   0   0   0
0LABELS FOR DATA ITEMS:
 ID AMT TIME DV BWT EVID MDV
0FORMAT FOR DATA:
 (5E6.0,2F2.0)

 TOT. NO. OF OBS RECS:      132
 TOT. NO. OF INDIVIDUALS:       12
0LENGTH OF THETA:   5
0DEFAULT THETA BOUNDARY TEST OMITTED:    NO
0OMEGA HAS BLOCK FORM:
  1
  1  1
  1  1  1
0DEFAULT OMEGA BOUNDARY TEST OMITTED:    NO
0SIGMA HAS SIMPLE DIAGONAL FORM WITH DIMENSION:   1
0DEFAULT SIGMA BOUNDARY TEST OMITTED:    NO
0INITIAL ESTIMATE OF THETA:
 LOWER BOUND    INITIAL EST    UPPER BOUND
  0.0000E+00     0.1000E+00     0.1000E+07
  0.0000E+00     0.1000E+01     0.1000E+07
  0.0000E+00     0.1000E+02     0.1000E+07
  0.1000E+00     0.1000E+00     0.1000E+00
  0.0000E+00     0.5000E+00     0.1000E+07
0INITIAL ESTIMATE OF OMEGA:
 BLOCK SET NO.   BLOCK                                                                    FIXED
        1                                                                                   NO
                  0.2000E+00
                  0.1000E+00   0.2000E+00
                  0.1000E+00   0.1000E+00   0.2000E+00
0INITIAL ESTIMATE OF SIGMA:
 0.1000E+01
0SIGMA CONSTRAINED TO BE THIS INITIAL ESTIMATE
0SIMULATION STEP OMITTED:    NO
 OBJ FUNC EVALUATED:         NO
 ORIGINAL DATA USED ON EACH NEW SIMULATION:         NO
 SEEDS RESET ON EACH NEW SUPERSET ITERATION:        YES
0SIMULATION RANDOM METHOD SELECTED (RANMETHOD): 4U
SEED   1 RESET TO INITIAL: YES
 SOURCE   1:
   SEED1:     537995038   SEED2:             0   PSEUDO-NORMAL
 NUMBER OF SUBPROBLEMS:  200
0TABLES STEP OMITTED:    NO
 NO. OF TABLES:           1
 SEED NUMBER (SEED):    11456
 RANMETHOD:             3U
 MC SAMPLES (ESAMPLE):    300
 WRES SQUARE ROOT TYPE (WRESCHOL): EIGENVALUE
0-- TABLE   1 --
0RECORDS ONLY:    ALL
04 COLUMNS APPENDED:    NO
 PRINTED:                NO
 HEADER:                YES
 FILE TO BE FORWARDED:   NO
 FORMAT:                S1PE11.4
 LFORMAT:
 RFORMAT:
 FIXED_EFFECT_ETAS:
0USER-CHOSEN ITEMS:
 ID MDV DV
1DOUBLE PRECISION PREDPP VERSION 7.4.3

 ONE COMPARTMENT MODEL WITH FIRST-ORDER ABSORPTION (ADVAN2)
0MAXIMUM NO. OF BASIC PK PARAMETERS:   3
0BASIC PK PARAMETERS (AFTER TRANSLATION):
   ELIMINATION RATE (K) IS BASIC PK PARAMETER NO.:  1
   ABSORPTION RATE (KA) IS BASIC PK PARAMETER NO.:  3

 TRANSLATOR WILL CONVERT PARAMETERS
 CLEARANCE (CL) AND VOLUME (V) TO K (TRANS2)
0COMPARTMENT ATTRIBUTES
 COMPT. NO.   FUNCTION   INITIAL    ON/OFF      DOSE      DEFAULT    DEFAULT
                         STATUS     ALLOWED    ALLOWED    FOR DOSE   FOR OBS.
    1         DEPOT        OFF        YES        YES        YES        NO
    2         CENTRAL      ON         NO         YES        NO         YES
    3         OUTPUT       OFF        YES        NO         NO         NO
1
 ADDITIONAL PK PARAMETERS - ASSIGNMENT OF ROWS IN GG
 COMPT. NO.                             INDICES
              SCALE      BIOAVAIL.   ZERO-ORDER  ZERO-ORDER  ABSORB
                         FRACTION    RATE        DURATION    LAG
    1            *           *           *           *           *
    2            4           *           *           *           *
    3            *           -           -           -           -
             - PARAMETER IS NOT ALLOWED FOR THIS MODEL
             * PARAMETER IS NOT SUPPLIED BY PK SUBROUTINE;
               WILL DEFAULT TO ONE IF APPLICABLE
0DATA ITEM INDICES USED BY PRED ARE:
   EVENT ID DATA ITEM IS DATA ITEM NO.:      6
   TIME DATA ITEM IS DATA ITEM NO.:          3
   DOSE AMOUNT DATA ITEM IS DATA ITEM NO.:   2

0PK SUBROUTINE CALLED WITH EVERY EVENT RECORD.
 PK SUBROUTINE NOT CALLED AT NONEVENT (ADDITIONAL OR LAGGED) DOSE TIMES.
0ERROR SUBROUTINE CALLED WITH EVERY EVENT RECORD.
1
 PROBLEM NO.:           1      SUBPROBLEM NO.:           1

 SIMULATION STEP PERFORMED
 SOURCE  1:
    SEED1:    1331206813   SEED2:             0
 Elapsed simulation  time in seconds:     0.01
 ESTIMATION STEP OMITTED:                 YES
 Elapsed finaloutput time in seconds:     0.01
  
1
 PROBLEM NO.:           1      SUBPROBLEM NO.:           2

 SIMULATION STEP PERFORMED
 SOURCE  1:
    SEED1:    1340691685   SEED2:             0
 Elapsed simulation  time in seconds:     0.01
 ESTIMATION STEP OMITTED:                 YES
 Elapsed finaloutput time in seconds:     0.01
  
1
 PROBLEM NO.:           1      SUBPROBLEM NO.:           3

 SIMULATION STEP PERFORMED
 SOURCE  1:
    SEED1:    2007510912   SEED2:             0
 Elapsed simulation  time in seconds:     0.00
 ESTIMATION STEP OMITTED:                 YES
 Elapsed finaloutput time in seconds:     0.01
  
1
 PROBLEM NO.:           1      SUBPROBLEM NO.:           4

 SIMULATION STEP PERFORMED
 SOURCE  1:
    SEED1:     379680037   SEED2:             0
 Elapsed simulation  time in seconds:     0.00
 ESTIMATION STEP OMITTED:                 YES
 Elapsed finaloutput time in seconds:     0.01
  
1
 PROBLEM NO.:           1      SUBPROBLEM NO.:           5

 SIMULATION STEP PERFORMED
 SOURCE  1:
    SEED1:    1030132397   SEED2:             0
 Elapsed simulation  time in seconds:     0.00
 ESTIMATION STEP OMITTED:                 YES
 Elapsed finaloutput time in seconds:     0.01
  
1
 PROBLEM NO.:           1      SUBPROBLEM NO.:           6

 SIMULATION STEP PERFORMED
 SOURCE  1:
    SEED1:    2058170358   SEED2:             0
 Elapsed simulation  time in seconds:     0.00
 ESTIMATION STEP OMITTED:                 YES
 Elapsed finaloutput time in seconds:     0.01
  
1
 PROBLEM NO.:           1      SUBPROBLEM NO.:           7

 SIMULATION STEP PERFORMED
 SOURCE  1:
    SEED1:    2039905141   SEED2:             0
 Elapsed simulation  time in seconds:     0.00
 ESTIMATION STEP OMITTED:                 YES
 Elapsed finaloutput time in seconds:     0.01
  
1
 PROBLEM NO.:           1      SUBPROBLEM NO.:           8

 SIMULATION STEP PERFORMED
 SOURCE  1:
    SEED1:    1296731684   SEED2:             0
 Elapsed simulation  time in seconds:     0.01
 ESTIMATION STEP OMITTED:                 YES
 Elapsed finaloutput time in seconds:     0.01
  
1
 PROBLEM NO.:           1      SUBPROBLEM NO.:           9

 SIMULATION STEP PERFORMED
 SOURCE  1:
    SEED1:     579294241   SEED2:             0
 Elapsed simulation  time in seconds:     0.01
 ESTIMATION STEP OMITTED:                 YES
 Elapsed finaloutput time in seconds:     0.01
  
1
 PROBLEM NO.:           1      SUBPROBLEM NO.:          10

 SIMULATION STEP PERFORMED
 SOURCE  1:
    SEED1:    1232643338   SEED2:             0
 Elapsed simulation  time in seconds:     0.00
 ESTIMATION STEP OMITTED:                 YES
 Elapsed finaloutput time in seconds:     0.01
  
1
 PROBLEM NO.:           1      SUBPROBLEM NO.:          11

 SIMULATION STEP PERFORMED
 SOURCE  1:
    SEED1:    1093029056   SEED2:             0
 Elapsed simulation  time in seconds:     0.00
 ESTIMATION STEP OMITTED:                 YES
 Elapsed finaloutput time in seconds:     0.01
  
1
 PROBLEM NO.:           1      SUBPROBLEM NO.:          12

 SIMULATION STEP PERFORMED
 SOURCE  1:
    SEED1:    2035163802   SEED2:             0
 Elapsed simulation  time in seconds:     0.00
 ESTIMATION STEP OMITTED:                 YES
 Elapsed finaloutput time in seconds:     0.01
  
1
 PROBLEM NO.:           1      SUBPROBLEM NO.:          13

 SIMULATION STEP PERFORMED
 SOURCE  1:
    SEED1:     903387253   SEED2:             0
 Elapsed simulation  time in seconds:     0.00
 ESTIMATION STEP OMITTED:                 YES
 Elapsed finaloutput time in seconds:     0.01
  
1
 PROBLEM NO.:           1      SUBPROBLEM NO.:          14

 SIMULATION STEP PERFORMED
 SOURCE  1:
    SEED1:    1436291579   SEED2:             0
 Elapsed simulation  time in seconds:     0.00
 ESTIMATION STEP OMITTED:                 YES
 Elapsed finaloutput time in seconds:     0.01
  
1
 PROBLEM NO.:           1      SUBPROBLEM NO.:          15

 SIMULATION STEP PERFORMED
 SOURCE  1:
    SEED1:      72537667   SEED2:             0
 Elapsed simulation  time in seconds:     0.00
 ESTIMATION STEP OMITTED:                 YES
 Elapsed finaloutput time in seconds:     0.01
  
1
 PROBLEM NO.:           1      SUBPROBLEM NO.:          16

 SIMULATION STEP PERFORMED
 SOURCE  1:
    SEED1:     339112233   SEED2:             0
 Elapsed simulation  time in seconds:     0.00
 ESTIMATION STEP OMITTED:                 YES
 Elapsed finaloutput time in seconds:     0.01
  
1
 PROBLEM NO.:           1      SUBPROBLEM NO.:          17

 SIMULATION STEP PERFORMED
 SOURCE  1:
    SEED1:    1756395608   SEED2:             0
 Elapsed simulation  time in seconds:     0.00
 ESTIMATION STEP OMITTED:                 YES
 Elapsed finaloutput time in seconds:     0.01
  
1
 PROBLEM NO.:           1      SUBPROBLEM NO.:          18

 SIMULATION STEP PERFORMED
 SOURCE  1:
    SEED1:     241575818   SEED2:             0
 Elapsed simulation  time in seconds:     0.00
 ESTIMATION STEP OMITTED:                 YES
 Elapsed finaloutput time in seconds:     0.01
  
1
 PROBLEM NO.:           1      SUBPROBLEM NO.:          19

 SIMULATION STEP PERFORMED
 SOURCE  1:
    SEED1:    1292319483   SEED2:             0
 Elapsed simulation  time in seconds:     0.01
 ESTIMATION STEP OMITTED:                 YES
 Elapsed finaloutput time in seconds:     0.01
  
1
 PROBLEM NO.:           1      SUBPROBLEM NO.:          20

 SIMULATION STEP PERFORMED
 SOURCE  1:
    SEED1:      33219723   SEED2:             0
 Elapsed simulation  time in seconds:     0.00
 ESTIMATION STEP OMITTED:                 YES
 Elapsed finaloutput time in seconds:     0.01
  
1
 PROBLEM NO.:           1      SUBPROBLEM NO.:          21

 SIMULATION STEP PERFORMED
 SOURCE  1:
    SEED1:    1843034574   SEED2:             0
 Elapsed simulation  time in seconds:     0.01
 ESTIMATION STEP OMITTED:                 YES
 Elapsed finaloutput time in seconds:     0.01
  
1
 PROBLEM NO.:           1      SUBPROBLEM NO.:          22

 SIMULATION STEP PERFORMED
 SOURCE  1:
    SEED1:     903247876   SEED2:             0
 Elapsed simulation  time in seconds:     0.00
 ESTIMATION STEP OMITTED:                 YES
 Elapsed finaloutput time in seconds:     0.01
  
1
 PROBLEM NO.:           1      SUBPROBLEM NO.:          23

 SIMULATION STEP PERFORMED
 SOURCE  1:
    SEED1:     656028533   SEED2:             0
 Elapsed simulation  time in seconds:     0.00
 ESTIMATION STEP OMITTED:                 YES
 Elapsed finaloutput time in seconds:     0.01
  
1
 PROBLEM NO.:           1      SUBPROBLEM NO.:          24

 SIMULATION STEP PERFORMED
 SOURCE  1:
    SEED1:    1424019608   SEED2:             0
 Elapsed simulation  time in seconds:     0.01
 ESTIMATION STEP OMITTED:                 YES
 Elapsed finaloutput time in seconds:     0.01
  
1
 PROBLEM NO.:           1      SUBPROBLEM NO.:          25

 SIMULATION STEP PERFORMED
 SOURCE  1:
    SEED1:     530455276   SEED2:             0
 Elapsed simulation  time in seconds:     0.00
 ESTIMATION STEP OMITTED:                 YES
 Elapsed finaloutput time in seconds:     0.01
  
1
 PROBLEM NO.:           1      SUBPROBLEM NO.:          26

 SIMULATION STEP PERFORMED
 SOURCE  1:
    SEED1:     130539675   SEED2:             0
 Elapsed simulation  time in seconds:     0.01
 ESTIMATION STEP OMITTED:                 YES
 Elapsed finaloutput time in seconds:     0.01
  
1
 PROBLEM NO.:           1      SUBPROBLEM NO.:          27

 SIMULATION STEP PERFORMED
 SOURCE  1:
    SEED1:    1919185617   SEED2:             0
 Elapsed simulation  time in seconds:     0.00
 ESTIMATION STEP OMITTED:                 YES
 Elapsed finaloutput time in seconds:     0.01
  
1
 PROBLEM NO.:           1      SUBPROBLEM NO.:          28

 SIMULATION STEP PERFORMED
 SOURCE  1:
    SEED1:    2129381369   SEED2:             0
 Elapsed simulation  time in seconds:     0.00
 ESTIMATION STEP OMITTED:                 YES
 Elapsed finaloutput time in seconds:     0.01
  
1
 PROBLEM NO.:           1      SUBPROBLEM NO.:          29

 SIMULATION STEP PERFORMED
 SOURCE  1:
    SEED1:    2077689434   SEED2:             0
 Elapsed simulation  time in seconds:     0.00
 ESTIMATION STEP OMITTED:                 YES
 Elapsed finaloutput time in seconds:     0.01
  
1
 PROBLEM NO.:           1      SUBPROBLEM NO.:          30

 SIMULATION STEP PERFORMED
 SOURCE  1:
    SEED1:     927555947   SEED2:             0
 Elapsed simulation  time in seconds:     0.00
 ESTIMATION STEP OMITTED:                 YES
 Elapsed finaloutput time in seconds:     0.01
  
1
 PROBLEM NO.:           1      SUBPROBLEM NO.:          31

 SIMULATION STEP PERFORMED
 SOURCE  1:
    SEED1:     203165396   SEED2:             0
 Elapsed simulation  time in seconds:     0.00
 ESTIMATION STEP OMITTED:                 YES
 Elapsed finaloutput time in seconds:     0.01
  
1
 PROBLEM NO.:           1      SUBPROBLEM NO.:          32

 SIMULATION STEP PERFORMED
 SOURCE  1:
    SEED1:    1458565464   SEED2:             0
 Elapsed simulation  time in seconds:     0.00
 ESTIMATION STEP OMITTED:                 YES
 Elapsed finaloutput time in seconds:     0.01
  
1
 PROBLEM NO.:           1      SUBPROBLEM NO.:          33

 SIMULATION STEP PERFORMED
 SOURCE  1:
    SEED1:     257374848   SEED2:             0
 Elapsed simulation  time in seconds:     0.00
 ESTIMATION STEP OMITTED:                 YES
 Elapsed finaloutput time in seconds:     0.01
  
1
 PROBLEM NO.:           1      SUBPROBLEM NO.:          34

 SIMULATION STEP PERFORMED
 SOURCE  1:
    SEED1:      91820035   SEED2:             0
 Elapsed simulation  time in seconds:     0.00
 ESTIMATION STEP OMITTED:                 YES
 Elapsed finaloutput time in seconds:     0.01
  
1
 PROBLEM NO.:           1      SUBPROBLEM NO.:          35

 SIMULATION STEP PERFORMED
 SOURCE  1:
    SEED1:    1639227635   SEED2:             0
 Elapsed simulation  time in seconds:     0.01
 ESTIMATION STEP OMITTED:                 YES
 Elapsed finaloutput time in seconds:     0.01
  
1
 PROBLEM NO.:           1      SUBPROBLEM NO.:          36

 SIMULATION STEP PERFORMED
 SOURCE  1:
    SEED1:    1160577891   SEED2:             0
 Elapsed simulation  time in seconds:     0.00
 ESTIMATION STEP OMITTED:                 YES
 Elapsed finaloutput time in seconds:     0.01
  
1
 PROBLEM NO.:           1      SUBPROBLEM NO.:          37

 SIMULATION STEP PERFORMED
 SOURCE  1:
    SEED1:    1195665928   SEED2:             0
 Elapsed simulation  time in seconds:     0.00
 ESTIMATION STEP OMITTED:                 YES
 Elapsed finaloutput time in seconds:     0.01
  
1
 PROBLEM NO.:           1      SUBPROBLEM NO.:          38

 SIMULATION STEP PERFORMED
 SOURCE  1:
    SEED1:     833700134   SEED2:             0
 Elapsed simulation  time in seconds:     0.01
 ESTIMATION STEP OMITTED:                 YES
 Elapsed finaloutput time in seconds:     0.01
  
1
 PROBLEM NO.:           1      SUBPROBLEM NO.:          39

 SIMULATION STEP PERFORMED
 SOURCE  1:
    SEED1:    1672970177   SEED2:             0
 Elapsed simulation  time in seconds:     0.00
 ESTIMATION STEP OMITTED:                 YES
 Elapsed finaloutput time in seconds:     0.01
  
1
 PROBLEM NO.:           1      SUBPROBLEM NO.:          40

 SIMULATION STEP PERFORMED
 SOURCE  1:
    SEED1:    1498171590   SEED2:             0
 Elapsed simulation  time in seconds:     0.00
 ESTIMATION STEP OMITTED:                 YES
 Elapsed finaloutput time in seconds:     0.01
  
1
 PROBLEM NO.:           1      SUBPROBLEM NO.:          41

 SIMULATION STEP PERFORMED
 SOURCE  1:
    SEED1:    1682085991   SEED2:             0
 Elapsed simulation  time in seconds:     0.00
 ESTIMATION STEP OMITTED:                 YES
 Elapsed finaloutput time in seconds:     0.01
  
1
 PROBLEM NO.:           1      SUBPROBLEM NO.:          42

 SIMULATION STEP PERFORMED
 SOURCE  1:
    SEED1:     456320889   SEED2:             0
 Elapsed simulation  time in seconds:     0.00
 ESTIMATION STEP OMITTED:                 YES
 Elapsed finaloutput time in seconds:     0.01
  
1
 PROBLEM NO.:           1      SUBPROBLEM NO.:          43

 SIMULATION STEP PERFORMED
 SOURCE  1:
    SEED1:    1409138955   SEED2:             0
 Elapsed simulation  time in seconds:     0.00
 ESTIMATION STEP OMITTED:                 YES
 Elapsed finaloutput time in seconds:     0.01
  
1
 PROBLEM NO.:           1      SUBPROBLEM NO.:          44

 SIMULATION STEP PERFORMED
 SOURCE  1:
    SEED1:    1167594575   SEED2:             0
 Elapsed simulation  time in seconds:     0.00
 ESTIMATION STEP OMITTED:                 YES
 Elapsed finaloutput time in seconds:     0.01
  
1
 PROBLEM NO.:           1      SUBPROBLEM NO.:          45

 SIMULATION STEP PERFORMED
 SOURCE  1:
    SEED1:    1916239367   SEED2:             0
 Elapsed simulation  time in seconds:     0.00
 ESTIMATION STEP OMITTED:                 YES
 Elapsed finaloutput time in seconds:     0.01
  
1
 PROBLEM NO.:           1      SUBPROBLEM NO.:          46

 SIMULATION STEP PERFORMED
 SOURCE  1:
    SEED1:    1945067122   SEED2:             0
 Elapsed simulation  time in seconds:     0.00
 ESTIMATION STEP OMITTED:                 YES
 Elapsed finaloutput time in seconds:     0.01
  
1
 PROBLEM NO.:           1      SUBPROBLEM NO.:          47

 SIMULATION STEP PERFORMED
 SOURCE  1:
    SEED1:    1593360018   SEED2:             0
 Elapsed simulation  time in seconds:     0.00
 ESTIMATION STEP OMITTED:                 YES
 Elapsed finaloutput time in seconds:     0.01
  
1
 PROBLEM NO.:           1      SUBPROBLEM NO.:          48

 SIMULATION STEP PERFORMED
 SOURCE  1:
    SEED1:     891794012   SEED2:             0
 Elapsed simulation  time in seconds:     0.00
 ESTIMATION STEP OMITTED:                 YES
 Elapsed finaloutput time in seconds:     0.01
  
1
 PROBLEM NO.:           1      SUBPROBLEM NO.:          49

 SIMULATION STEP PERFORMED
 SOURCE  1:
    SEED1:    1277770441   SEED2:             0
 Elapsed simulation  time in seconds:     0.00
 ESTIMATION STEP OMITTED:                 YES
 Elapsed finaloutput time in seconds:     0.01
  
1
 PROBLEM NO.:           1      SUBPROBLEM NO.:          50

 SIMULATION STEP PERFORMED
 SOURCE  1:
    SEED1:     463756344   SEED2:             0
 Elapsed simulation  time in seconds:     0.00
 ESTIMATION STEP OMITTED:                 YES
 Elapsed finaloutput time in seconds:     0.01
  
1
 PROBLEM NO.:           1      SUBPROBLEM NO.:          51

 SIMULATION STEP PERFORMED
 SOURCE  1:
    SEED1:    1027359041   SEED2:             0
 Elapsed simulation  time in seconds:     0.00
 ESTIMATION STEP OMITTED:                 YES
 Elapsed finaloutput time in seconds:     0.01
  
1
 PROBLEM NO.:           1      SUBPROBLEM NO.:          52

 SIMULATION STEP PERFORMED
 SOURCE  1:
    SEED1:    1653910889   SEED2:             0
 Elapsed simulation  time in seconds:     0.00
 ESTIMATION STEP OMITTED:                 YES
 Elapsed finaloutput time in seconds:     0.01
  
1
 PROBLEM NO.:           1      SUBPROBLEM NO.:          53

 SIMULATION STEP PERFORMED
 SOURCE  1:
    SEED1:      88407158   SEED2:             0
 Elapsed simulation  time in seconds:     0.00
 ESTIMATION STEP OMITTED:                 YES
 Elapsed finaloutput time in seconds:     0.01
  
1
 PROBLEM NO.:           1      SUBPROBLEM NO.:          54

 SIMULATION STEP PERFORMED
 SOURCE  1:
    SEED1:      11663945   SEED2:             0
 Elapsed simulation  time in seconds:     0.01
 ESTIMATION STEP OMITTED:                 YES
 Elapsed finaloutput time in seconds:     0.01
  
1
 PROBLEM NO.:           1      SUBPROBLEM NO.:          55

 SIMULATION STEP PERFORMED
 SOURCE  1:
    SEED1:     257769602   SEED2:             0
 Elapsed simulation  time in seconds:     0.00
 ESTIMATION STEP OMITTED:                 YES
 Elapsed finaloutput time in seconds:     0.01
  
1
 PROBLEM NO.:           1      SUBPROBLEM NO.:          56

 SIMULATION STEP PERFORMED
 SOURCE  1:
    SEED1:     889898175   SEED2:             0
 Elapsed simulation  time in seconds:     0.00
 ESTIMATION STEP OMITTED:                 YES
 Elapsed finaloutput time in seconds:     0.01
  
1
 PROBLEM NO.:           1      SUBPROBLEM NO.:          57

 SIMULATION STEP PERFORMED
 SOURCE  1:
    SEED1:     428231438   SEED2:             0
 Elapsed simulation  time in seconds:     0.01
 ESTIMATION STEP OMITTED:                 YES
 Elapsed finaloutput time in seconds:     0.01
  
1
 PROBLEM NO.:           1      SUBPROBLEM NO.:          58

 SIMULATION STEP PERFORMED
 SOURCE  1:
    SEED1:      19435015   SEED2:             0
 Elapsed simulation  time in seconds:     0.00
 ESTIMATION STEP OMITTED:                 YES
 Elapsed finaloutput time in seconds:     0.01
  
1
 PROBLEM NO.:           1      SUBPROBLEM NO.:          59

 SIMULATION STEP PERFORMED
 SOURCE  1:
    SEED1:    1925029964   SEED2:             0
 Elapsed simulation  time in seconds:     0.00
 ESTIMATION STEP OMITTED:                 YES
 Elapsed finaloutput time in seconds:     0.01
  
1
 PROBLEM NO.:           1      SUBPROBLEM NO.:          60

 SIMULATION STEP PERFORMED
 SOURCE  1:
    SEED1:    1613993800   SEED2:             0
 Elapsed simulation  time in seconds:     0.00
 ESTIMATION STEP OMITTED:                 YES
 Elapsed finaloutput time in seconds:     0.01
  
1
 PROBLEM NO.:           1      SUBPROBLEM NO.:          61

 SIMULATION STEP PERFORMED
 SOURCE  1:
    SEED1:    1414642549   SEED2:             0
 Elapsed simulation  time in seconds:     0.00
 ESTIMATION STEP OMITTED:                 YES
 Elapsed finaloutput time in seconds:     0.01
  
1
 PROBLEM NO.:           1      SUBPROBLEM NO.:          62

 SIMULATION STEP PERFORMED
 SOURCE  1:
    SEED1:    2106086671   SEED2:             0
 Elapsed simulation  time in seconds:     0.00
 ESTIMATION STEP OMITTED:                 YES
 Elapsed finaloutput time in seconds:     0.01
  
1
 PROBLEM NO.:           1      SUBPROBLEM NO.:          63

 SIMULATION STEP PERFORMED
 SOURCE  1:
    SEED1:     615913943   SEED2:             0
 Elapsed simulation  time in seconds:     0.00
 ESTIMATION STEP OMITTED:                 YES
 Elapsed finaloutput time in seconds:     0.01
  
1
 PROBLEM NO.:           1      SUBPROBLEM NO.:          64

 SIMULATION STEP PERFORMED
 SOURCE  1:
    SEED1:    1367446733   SEED2:             0
 Elapsed simulation  time in seconds:     0.00
 ESTIMATION STEP OMITTED:                 YES
 Elapsed finaloutput time in seconds:     0.01
  
1
 PROBLEM NO.:           1      SUBPROBLEM NO.:          65

 SIMULATION STEP PERFORMED
 SOURCE  1:
    SEED1:     378181825   SEED2:             0
 Elapsed simulation  time in seconds:     0.00
 ESTIMATION STEP OMITTED:                 YES
 Elapsed finaloutput time in seconds:     0.01
  
1
 PROBLEM NO.:           1      SUBPROBLEM NO.:          66

 SIMULATION STEP PERFORMED
 SOURCE  1:
    SEED1:    1380707742   SEED2:             0
 Elapsed simulation  time in seconds:     0.00
 ESTIMATION STEP OMITTED:                 YES
 Elapsed finaloutput time in seconds:     0.01
  
1
 PROBLEM NO.:           1      SUBPROBLEM NO.:          67

 SIMULATION STEP PERFORMED
 SOURCE  1:
    SEED1:     361932750   SEED2:             0
 Elapsed simulation  time in seconds:     0.00
 ESTIMATION STEP OMITTED:                 YES
 Elapsed finaloutput time in seconds:     0.01
  
1
 PROBLEM NO.:           1      SUBPROBLEM NO.:          68

 SIMULATION STEP PERFORMED
 SOURCE  1:
    SEED1:     934774051   SEED2:             0
 Elapsed simulation  time in seconds:     0.00
 ESTIMATION STEP OMITTED:                 YES
 Elapsed finaloutput time in seconds:     0.01
  
1
 PROBLEM NO.:           1      SUBPROBLEM NO.:          69

 SIMULATION STEP PERFORMED
 SOURCE  1:
    SEED1:     909064499   SEED2:             0
 Elapsed simulation  time in seconds:     0.00
 ESTIMATION STEP OMITTED:                 YES
 Elapsed finaloutput time in seconds:     0.01
  
1
 PROBLEM NO.:           1      SUBPROBLEM NO.:          70

 SIMULATION STEP PERFORMED
 SOURCE  1:
    SEED1:     271326417   SEED2:             0
 Elapsed simulation  time in seconds:     0.00
 ESTIMATION STEP OMITTED:                 YES
 Elapsed finaloutput time in seconds:     0.01
  
1
 PROBLEM NO.:           1      SUBPROBLEM NO.:          71

 SIMULATION STEP PERFORMED
 SOURCE  1:
    SEED1:      71532481   SEED2:             0
 Elapsed simulation  time in seconds:     0.00
 ESTIMATION STEP OMITTED:                 YES
 Elapsed finaloutput time in seconds:     0.01
  
1
 PROBLEM NO.:           1      SUBPROBLEM NO.:          72

 SIMULATION STEP PERFORMED
 SOURCE  1:
    SEED1:    1396335934   SEED2:             0
 Elapsed simulation  time in seconds:     0.01
 ESTIMATION STEP OMITTED:                 YES
 Elapsed finaloutput time in seconds:     0.01
  
1
 PROBLEM NO.:           1      SUBPROBLEM NO.:          73

 SIMULATION STEP PERFORMED
 SOURCE  1:
    SEED1:    1768899611   SEED2:             0
 Elapsed simulation  time in seconds:     0.00
 ESTIMATION STEP OMITTED:                 YES
 Elapsed finaloutput time in seconds:     0.01
  
1
 PROBLEM NO.:           1      SUBPROBLEM NO.:          74

 SIMULATION STEP PERFORMED
 SOURCE  1:
    SEED1:    1629953198   SEED2:             0
 Elapsed simulation  time in seconds:     0.00
 ESTIMATION STEP OMITTED:                 YES
 Elapsed finaloutput time in seconds:     0.01
  
1
 PROBLEM NO.:           1      SUBPROBLEM NO.:          75

 SIMULATION STEP PERFORMED
 SOURCE  1:
    SEED1:    1757194245   SEED2:             0
 Elapsed simulation  time in seconds:     0.00
 ESTIMATION STEP OMITTED:                 YES
 Elapsed finaloutput time in seconds:     0.01
  
1
 PROBLEM NO.:           1      SUBPROBLEM NO.:          76

 SIMULATION STEP PERFORMED
 SOURCE  1:
    SEED1:     764412682   SEED2:             0
 Elapsed simulation  time in seconds:     0.01
 ESTIMATION STEP OMITTED:                 YES
 Elapsed finaloutput time in seconds:     0.01
  
1
 PROBLEM NO.:           1      SUBPROBLEM NO.:          77

 SIMULATION STEP PERFORMED
 SOURCE  1:
    SEED1:     398509540   SEED2:             0
 Elapsed simulation  time in seconds:     0.00
 ESTIMATION STEP OMITTED:                 YES
 Elapsed finaloutput time in seconds:     0.01
  
1
 PROBLEM NO.:           1      SUBPROBLEM NO.:          78

 SIMULATION STEP PERFORMED
 SOURCE  1:
    SEED1:     755666868   SEED2:             0
 Elapsed simulation  time in seconds:     0.00
 ESTIMATION STEP OMITTED:                 YES
 Elapsed finaloutput time in seconds:     0.01
  
1
 PROBLEM NO.:           1      SUBPROBLEM NO.:          79

 SIMULATION STEP PERFORMED
 SOURCE  1:
    SEED1:     785642033   SEED2:             0
 Elapsed simulation  time in seconds:     0.01
 ESTIMATION STEP OMITTED:                 YES
 Elapsed finaloutput time in seconds:     0.01
  
1
 PROBLEM NO.:           1      SUBPROBLEM NO.:          80

 SIMULATION STEP PERFORMED
 SOURCE  1:
    SEED1:     714971871   SEED2:             0
 Elapsed simulation  time in seconds:     0.00
 ESTIMATION STEP OMITTED:                 YES
 Elapsed finaloutput time in seconds:     0.01
  
1
 PROBLEM NO.:           1      SUBPROBLEM NO.:          81

 SIMULATION STEP PERFORMED
 SOURCE  1:
    SEED1:    1727966537   SEED2:             0
 Elapsed simulation  time in seconds:     0.00
 ESTIMATION STEP OMITTED:                 YES
 Elapsed finaloutput time in seconds:     0.01
  
1
 PROBLEM NO.:           1      SUBPROBLEM NO.:          82

 SIMULATION STEP PERFORMED
 SOURCE  1:
    SEED1:      11874642   SEED2:             0
 Elapsed simulation  time in seconds:     0.00
 ESTIMATION STEP OMITTED:                 YES
 Elapsed finaloutput time in seconds:     0.01
  
1
 PROBLEM NO.:           1      SUBPROBLEM NO.:          83

 SIMULATION STEP PERFORMED
 SOURCE  1:
    SEED1:    2145067304   SEED2:             0
 Elapsed simulation  time in seconds:     0.00
 ESTIMATION STEP OMITTED:                 YES
 Elapsed finaloutput time in seconds:     0.01
  
1
 PROBLEM NO.:           1      SUBPROBLEM NO.:          84

 SIMULATION STEP PERFORMED
 SOURCE  1:
    SEED1:     925943992   SEED2:             0
 Elapsed simulation  time in seconds:     0.00
 ESTIMATION STEP OMITTED:                 YES
 Elapsed finaloutput time in seconds:     0.01
  
1
 PROBLEM NO.:           1      SUBPROBLEM NO.:          85

 SIMULATION STEP PERFORMED
 SOURCE  1:
    SEED1:     518484956   SEED2:             0
 Elapsed simulation  time in seconds:     0.01
 ESTIMATION STEP OMITTED:                 YES
 Elapsed finaloutput time in seconds:     0.01
  
1
 PROBLEM NO.:           1      SUBPROBLEM NO.:          86

 SIMULATION STEP PERFORMED
 SOURCE  1:
    SEED1:     368471213   SEED2:             0
 Elapsed simulation  time in seconds:     0.00
 ESTIMATION STEP OMITTED:                 YES
 Elapsed finaloutput time in seconds:     0.01
  
1
 PROBLEM NO.:           1      SUBPROBLEM NO.:          87

 SIMULATION STEP PERFORMED
 SOURCE  1:
    SEED1:     571475042   SEED2:             0
 Elapsed simulation  time in seconds:     0.00
 ESTIMATION STEP OMITTED:                 YES
 Elapsed finaloutput time in seconds:     0.01
  
1
 PROBLEM NO.:           1      SUBPROBLEM NO.:          88

 SIMULATION STEP PERFORMED
 SOURCE  1:
    SEED1:     672889171   SEED2:             0
 Elapsed simulation  time in seconds:     0.00
 ESTIMATION STEP OMITTED:                 YES
 Elapsed finaloutput time in seconds:     0.01
  
1
 PROBLEM NO.:           1      SUBPROBLEM NO.:          89

 SIMULATION STEP PERFORMED
 SOURCE  1:
    SEED1:    2060211957   SEED2:             0
 Elapsed simulation  time in seconds:     0.00
 ESTIMATION STEP OMITTED:                 YES
 Elapsed finaloutput time in seconds:     0.01
  
1
 PROBLEM NO.:           1      SUBPROBLEM NO.:          90

 SIMULATION STEP PERFORMED
 SOURCE  1:
    SEED1:    1816448309   SEED2:             0
 Elapsed simulation  time in seconds:     0.00
 ESTIMATION STEP OMITTED:                 YES
 Elapsed finaloutput time in seconds:     0.01
  
1
 PROBLEM NO.:           1      SUBPROBLEM NO.:          91

 SIMULATION STEP PERFORMED
 SOURCE  1:
    SEED1:     662838161   SEED2:             0
 Elapsed simulation  time in seconds:     0.00
 ESTIMATION STEP OMITTED:                 YES
 Elapsed finaloutput time in seconds:     0.01
  
1
 PROBLEM NO.:           1      SUBPROBLEM NO.:          92

 SIMULATION STEP PERFORMED
 SOURCE  1:
    SEED1:    1919064293   SEED2:             0
 Elapsed simulation  time in seconds:     0.00
 ESTIMATION STEP OMITTED:                 YES
 Elapsed finaloutput time in seconds:     0.01
  
1
 PROBLEM NO.:           1      SUBPROBLEM NO.:          93

 SIMULATION STEP PERFORMED
 SOURCE  1:
    SEED1:     624128174   SEED2:             0
 Elapsed simulation  time in seconds:     0.00
 ESTIMATION STEP OMITTED:                 YES
 Elapsed finaloutput time in seconds:     0.01
  
1
 PROBLEM NO.:           1      SUBPROBLEM NO.:          94

 SIMULATION STEP PERFORMED
 SOURCE  1:
    SEED1:    1813511137   SEED2:             0
 Elapsed simulation  time in seconds:     0.00
 ESTIMATION STEP OMITTED:                 YES
 Elapsed finaloutput time in seconds:     0.01
  
1
 PROBLEM NO.:           1      SUBPROBLEM NO.:          95

 SIMULATION STEP PERFORMED
 SOURCE  1:
    SEED1:    1078799729   SEED2:             0
 Elapsed simulation  time in seconds:     0.00
 ESTIMATION STEP OMITTED:                 YES
 Elapsed finaloutput time in seconds:     0.01
  
1
 PROBLEM NO.:           1      SUBPROBLEM NO.:          96

 SIMULATION STEP PERFORMED
 SOURCE  1:
    SEED1:    1538720385   SEED2:             0
 Elapsed simulation  time in seconds:     0.00
 ESTIMATION STEP OMITTED:                 YES
 Elapsed finaloutput time in seconds:     0.01
  
1
 PROBLEM NO.:           1      SUBPROBLEM NO.:          97

 SIMULATION STEP PERFORMED
 SOURCE  1:
    SEED1:    1092910042   SEED2:             0
 Elapsed simulation  time in seconds:     0.00
 ESTIMATION STEP OMITTED:                 YES
 Elapsed finaloutput time in seconds:     0.01
  
1
 PROBLEM NO.:           1      SUBPROBLEM NO.:          98

 SIMULATION STEP PERFORMED
 SOURCE  1:
    SEED1:      14141533   SEED2:             0
 Elapsed simulation  time in seconds:     0.00
 ESTIMATION STEP OMITTED:                 YES
 Elapsed finaloutput time in seconds:     0.01
  
1
 PROBLEM NO.:           1      SUBPROBLEM NO.:          99

 SIMULATION STEP PERFORMED
 SOURCE  1:
    SEED1:    2111991677   SEED2:             0
 Elapsed simulation  time in seconds:     0.00
 ESTIMATION STEP OMITTED:                 YES
 Elapsed finaloutput time in seconds:     0.01
  
1
 PROBLEM NO.:           1      SUBPROBLEM NO.:         100

 SIMULATION STEP PERFORMED
 SOURCE  1:
    SEED1:    1141083601   SEED2:             0
 Elapsed simulation  time in seconds:     0.00
 ESTIMATION STEP OMITTED:                 YES
 Elapsed finaloutput time in seconds:     0.01
  
1
 PROBLEM NO.:           1      SUBPROBLEM NO.:         101

 SIMULATION STEP PERFORMED
 SOURCE  1:
    SEED1:     689551422   SEED2:             0
 Elapsed simulation  time in seconds:     0.00
 ESTIMATION STEP OMITTED:                 YES
 Elapsed finaloutput time in seconds:     0.01
  
1
 PROBLEM NO.:           1      SUBPROBLEM NO.:         102

 SIMULATION STEP PERFORMED
 SOURCE  1:
    SEED1:     449762739   SEED2:             0
 Elapsed simulation  time in seconds:     0.00
 ESTIMATION STEP OMITTED:                 YES
 Elapsed finaloutput time in seconds:     0.01
  
1
 PROBLEM NO.:           1      SUBPROBLEM NO.:         103

 SIMULATION STEP PERFORMED
 SOURCE  1:
    SEED1:     409854436   SEED2:             0
 Elapsed simulation  time in seconds:     0.00
 ESTIMATION STEP OMITTED:                 YES
 Elapsed finaloutput time in seconds:     0.01
  
1
 PROBLEM NO.:           1      SUBPROBLEM NO.:         104

 SIMULATION STEP PERFORMED
 SOURCE  1:
    SEED1:     296842522   SEED2:             0
 Elapsed simulation  time in seconds:     0.00
 ESTIMATION STEP OMITTED:                 YES
 Elapsed finaloutput time in seconds:     0.01
  
1
 PROBLEM NO.:           1      SUBPROBLEM NO.:         105

 SIMULATION STEP PERFORMED
 SOURCE  1:
    SEED1:    1078228720   SEED2:             0
 Elapsed simulation  time in seconds:     0.00
 ESTIMATION STEP OMITTED:                 YES
 Elapsed finaloutput time in seconds:     0.01
  
1
 PROBLEM NO.:           1      SUBPROBLEM NO.:         106

 SIMULATION STEP PERFORMED
 SOURCE  1:
    SEED1:     342580510   SEED2:             0
 Elapsed simulation  time in seconds:     0.00
 ESTIMATION STEP OMITTED:                 YES
 Elapsed finaloutput time in seconds:     0.01
  
1
 PROBLEM NO.:           1      SUBPROBLEM NO.:         107

 SIMULATION STEP PERFORMED
 SOURCE  1:
    SEED1:    1287027523   SEED2:             0
 Elapsed simulation  time in seconds:     0.00
 ESTIMATION STEP OMITTED:                 YES
 Elapsed finaloutput time in seconds:     0.01
  
1
 PROBLEM NO.:           1      SUBPROBLEM NO.:         108

 SIMULATION STEP PERFORMED
 SOURCE  1:
    SEED1:     172263399   SEED2:             0
 Elapsed simulation  time in seconds:     0.00
 ESTIMATION STEP OMITTED:                 YES
 Elapsed finaloutput time in seconds:     0.01
  
1
 PROBLEM NO.:           1      SUBPROBLEM NO.:         109

 SIMULATION STEP PERFORMED
 SOURCE  1:
    SEED1:     754526193   SEED2:             0
 Elapsed simulation  time in seconds:     0.00
 ESTIMATION STEP OMITTED:                 YES
 Elapsed finaloutput time in seconds:     0.01
  
1
 PROBLEM NO.:           1      SUBPROBLEM NO.:         110

 SIMULATION STEP PERFORMED
 SOURCE  1:
    SEED1:    1566661434   SEED2:             0
 Elapsed simulation  time in seconds:     0.00
 ESTIMATION STEP OMITTED:                 YES
 Elapsed finaloutput time in seconds:     0.01
  
1
 PROBLEM NO.:           1      SUBPROBLEM NO.:         111

 SIMULATION STEP PERFORMED
 SOURCE  1:
    SEED1:    1384009784   SEED2:             0
 Elapsed simulation  time in seconds:     0.00
 ESTIMATION STEP OMITTED:                 YES
 Elapsed finaloutput time in seconds:     0.01
  
1
 PROBLEM NO.:           1      SUBPROBLEM NO.:         112

 SIMULATION STEP PERFORMED
 SOURCE  1:
    SEED1:    2026357903   SEED2:             0
 Elapsed simulation  time in seconds:     0.00
 ESTIMATION STEP OMITTED:                 YES
 Elapsed finaloutput time in seconds:     0.01
  
1
 PROBLEM NO.:           1      SUBPROBLEM NO.:         113

 SIMULATION STEP PERFORMED
 SOURCE  1:
    SEED1:     993810230   SEED2:             0
 Elapsed simulation  time in seconds:     0.00
 ESTIMATION STEP OMITTED:                 YES
 Elapsed finaloutput time in seconds:     0.01
  
1
 PROBLEM NO.:           1      SUBPROBLEM NO.:         114

 SIMULATION STEP PERFORMED
 SOURCE  1:
    SEED1:    1607213518   SEED2:             0
 Elapsed simulation  time in seconds:     0.00
 ESTIMATION STEP OMITTED:                 YES
 Elapsed finaloutput time in seconds:     0.01
  
1
 PROBLEM NO.:           1      SUBPROBLEM NO.:         115

 SIMULATION STEP PERFORMED
 SOURCE  1:
    SEED1:    1880724959   SEED2:             0
 Elapsed simulation  time in seconds:     0.00
 ESTIMATION STEP OMITTED:                 YES
 Elapsed finaloutput time in seconds:     0.01
  
1
 PROBLEM NO.:           1      SUBPROBLEM NO.:         116

 SIMULATION STEP PERFORMED
 SOURCE  1:
    SEED1:     541724042   SEED2:             0
 Elapsed simulation  time in seconds:     0.00
 ESTIMATION STEP OMITTED:                 YES
 Elapsed finaloutput time in seconds:     0.01
  
1
 PROBLEM NO.:           1      SUBPROBLEM NO.:         117

 SIMULATION STEP PERFORMED
 SOURCE  1:
    SEED1:     651956180   SEED2:             0
 Elapsed simulation  time in seconds:     0.01
 ESTIMATION STEP OMITTED:                 YES
 Elapsed finaloutput time in seconds:     0.01
  
1
 PROBLEM NO.:           1      SUBPROBLEM NO.:         118

 SIMULATION STEP PERFORMED
 SOURCE  1:
    SEED1:    1457534601   SEED2:             0
 Elapsed simulation  time in seconds:     0.00
 ESTIMATION STEP OMITTED:                 YES
 Elapsed finaloutput time in seconds:     0.01
  
1
 PROBLEM NO.:           1      SUBPROBLEM NO.:         119

 SIMULATION STEP PERFORMED
 SOURCE  1:
    SEED1:    1475371507   SEED2:             0
 Elapsed simulation  time in seconds:     0.00
 ESTIMATION STEP OMITTED:                 YES
 Elapsed finaloutput time in seconds:     0.01
  
1
 PROBLEM NO.:           1      SUBPROBLEM NO.:         120

 SIMULATION STEP PERFORMED
 SOURCE  1:
    SEED1:    1964782858   SEED2:             0
 Elapsed simulation  time in seconds:     0.00
 ESTIMATION STEP OMITTED:                 YES
 Elapsed finaloutput time in seconds:     0.01
  
1
 PROBLEM NO.:           1      SUBPROBLEM NO.:         121

 SIMULATION STEP PERFORMED
 SOURCE  1:
    SEED1:    2049735464   SEED2:             0
 Elapsed simulation  time in seconds:     0.00
 ESTIMATION STEP OMITTED:                 YES
 Elapsed finaloutput time in seconds:     0.01
  
1
 PROBLEM NO.:           1      SUBPROBLEM NO.:         122

 SIMULATION STEP PERFORMED
 SOURCE  1:
    SEED1:     581871319   SEED2:             0
 Elapsed simulation  time in seconds:     0.00
 ESTIMATION STEP OMITTED:                 YES
 Elapsed finaloutput time in seconds:     0.01
  
1
 PROBLEM NO.:           1      SUBPROBLEM NO.:         123

 SIMULATION STEP PERFORMED
 SOURCE  1:
    SEED1:    2059716990   SEED2:             0
 Elapsed simulation  time in seconds:     0.00
 ESTIMATION STEP OMITTED:                 YES
 Elapsed finaloutput time in seconds:     0.01
  
1
 PROBLEM NO.:           1      SUBPROBLEM NO.:         124

 SIMULATION STEP PERFORMED
 SOURCE  1:
    SEED1:    1643581774   SEED2:             0
 Elapsed simulation  time in seconds:     0.00
 ESTIMATION STEP OMITTED:                 YES
 Elapsed finaloutput time in seconds:     0.01
  
1
 PROBLEM NO.:           1      SUBPROBLEM NO.:         125

 SIMULATION STEP PERFORMED
 SOURCE  1:
    SEED1:    1595991787   SEED2:             0
 Elapsed simulation  time in seconds:     0.00
 ESTIMATION STEP OMITTED:                 YES
 Elapsed finaloutput time in seconds:     0.01
  
1
 PROBLEM NO.:           1      SUBPROBLEM NO.:         126

 SIMULATION STEP PERFORMED
 SOURCE  1:
    SEED1:      23806447   SEED2:             0
 Elapsed simulation  time in seconds:     0.00
 ESTIMATION STEP OMITTED:                 YES
 Elapsed finaloutput time in seconds:     0.01
  
1
 PROBLEM NO.:           1      SUBPROBLEM NO.:         127

 SIMULATION STEP PERFORMED
 SOURCE  1:
    SEED1:    1563435853   SEED2:             0
 Elapsed simulation  time in seconds:     0.00
 ESTIMATION STEP OMITTED:                 YES
 Elapsed finaloutput time in seconds:     0.01
  
1
 PROBLEM NO.:           1      SUBPROBLEM NO.:         128

 SIMULATION STEP PERFORMED
 SOURCE  1:
    SEED1:     256994187   SEED2:             0
 Elapsed simulation  time in seconds:     0.00
 ESTIMATION STEP OMITTED:                 YES
 Elapsed finaloutput time in seconds:     0.01
  
1
 PROBLEM NO.:           1      SUBPROBLEM NO.:         129

 SIMULATION STEP PERFORMED
 SOURCE  1:
    SEED1:     680060814   SEED2:             0
 Elapsed simulation  time in seconds:     0.00
 ESTIMATION STEP OMITTED:                 YES
 Elapsed finaloutput time in seconds:     0.01
  
1
 PROBLEM NO.:           1      SUBPROBLEM NO.:         130

 SIMULATION STEP PERFORMED
 SOURCE  1:
    SEED1:     550493484   SEED2:             0
 Elapsed simulation  time in seconds:     0.00
 ESTIMATION STEP OMITTED:                 YES
 Elapsed finaloutput time in seconds:     0.01
  
1
 PROBLEM NO.:           1      SUBPROBLEM NO.:         131

 SIMULATION STEP PERFORMED
 SOURCE  1:
    SEED1:     265916977   SEED2:             0
 Elapsed simulation  time in seconds:     0.00
 ESTIMATION STEP OMITTED:                 YES
 Elapsed finaloutput time in seconds:     0.01
  
1
 PROBLEM NO.:           1      SUBPROBLEM NO.:         132

 SIMULATION STEP PERFORMED
 SOURCE  1:
    SEED1:    1284880627   SEED2:             0
 Elapsed simulation  time in seconds:     0.00
 ESTIMATION STEP OMITTED:                 YES
 Elapsed finaloutput time in seconds:     0.01
  
1
 PROBLEM NO.:           1      SUBPROBLEM NO.:         133

 SIMULATION STEP PERFORMED
 SOURCE  1:
    SEED1:    1488584093   SEED2:             0
 Elapsed simulation  time in seconds:     0.00
 ESTIMATION STEP OMITTED:                 YES
 Elapsed finaloutput time in seconds:     0.01
  
1
 PROBLEM NO.:           1      SUBPROBLEM NO.:         134

 SIMULATION STEP PERFORMED
 SOURCE  1:
    SEED1:    1208470611   SEED2:             0
 Elapsed simulation  time in seconds:     0.00
 ESTIMATION STEP OMITTED:                 YES
 Elapsed finaloutput time in seconds:     0.01
  
1
 PROBLEM NO.:           1      SUBPROBLEM NO.:         135

 SIMULATION STEP PERFORMED
 SOURCE  1:
    SEED1:    1780099880   SEED2:             0
 Elapsed simulation  time in seconds:     0.00
 ESTIMATION STEP OMITTED:                 YES
 Elapsed finaloutput time in seconds:     0.01
  
1
 PROBLEM NO.:           1      SUBPROBLEM NO.:         136

 SIMULATION STEP PERFORMED
 SOURCE  1:
    SEED1:    1758294033   SEED2:             0
 Elapsed simulation  time in seconds:     0.00
 ESTIMATION STEP OMITTED:                 YES
 Elapsed finaloutput time in seconds:     0.01
  
1
 PROBLEM NO.:           1      SUBPROBLEM NO.:         137

 SIMULATION STEP PERFORMED
 SOURCE  1:
    SEED1:    1811061491   SEED2:             0
 Elapsed simulation  time in seconds:     0.00
 ESTIMATION STEP OMITTED:                 YES
 Elapsed finaloutput time in seconds:     0.01
  
1
 PROBLEM NO.:           1      SUBPROBLEM NO.:         138

 SIMULATION STEP PERFORMED
 SOURCE  1:
    SEED1:    1793253241   SEED2:             0
 Elapsed simulation  time in seconds:     0.01
 ESTIMATION STEP OMITTED:                 YES
 Elapsed finaloutput time in seconds:     0.01
  
1
 PROBLEM NO.:           1      SUBPROBLEM NO.:         139

 SIMULATION STEP PERFORMED
 SOURCE  1:
    SEED1:    1917020713   SEED2:             0
 Elapsed simulation  time in seconds:     0.00
 ESTIMATION STEP OMITTED:                 YES
 Elapsed finaloutput time in seconds:     0.01
  
1
 PROBLEM NO.:           1      SUBPROBLEM NO.:         140

 SIMULATION STEP PERFORMED
 SOURCE  1:
    SEED1:     925474593   SEED2:             0
 Elapsed simulation  time in seconds:     0.00
 ESTIMATION STEP OMITTED:                 YES
 Elapsed finaloutput time in seconds:     0.01
  
1
 PROBLEM NO.:           1      SUBPROBLEM NO.:         141

 SIMULATION STEP PERFORMED
 SOURCE  1:
    SEED1:     982648590   SEED2:             0
 Elapsed simulation  time in seconds:     0.00
 ESTIMATION STEP OMITTED:                 YES
 Elapsed finaloutput time in seconds:     0.01
  
1
 PROBLEM NO.:           1      SUBPROBLEM NO.:         142

 SIMULATION STEP PERFORMED
 SOURCE  1:
    SEED1:    1618626910   SEED2:             0
 Elapsed simulation  time in seconds:     0.00
 ESTIMATION STEP OMITTED:                 YES
 Elapsed finaloutput time in seconds:     0.01
  
1
 PROBLEM NO.:           1      SUBPROBLEM NO.:         143

 SIMULATION STEP PERFORMED
 SOURCE  1:
    SEED1:     837211336   SEED2:             0
 Elapsed simulation  time in seconds:     0.00
 ESTIMATION STEP OMITTED:                 YES
 Elapsed finaloutput time in seconds:     0.01
  
1
 PROBLEM NO.:           1      SUBPROBLEM NO.:         144

 SIMULATION STEP PERFORMED
 SOURCE  1:
    SEED1:    1343555099   SEED2:             0
 Elapsed simulation  time in seconds:     0.00
 ESTIMATION STEP OMITTED:                 YES
 Elapsed finaloutput time in seconds:     0.01
  
1
 PROBLEM NO.:           1      SUBPROBLEM NO.:         145

 SIMULATION STEP PERFORMED
 SOURCE  1:
    SEED1:     400422072   SEED2:             0
 Elapsed simulation  time in seconds:     0.00
 ESTIMATION STEP OMITTED:                 YES
 Elapsed finaloutput time in seconds:     0.01
  
1
 PROBLEM NO.:           1      SUBPROBLEM NO.:         146

 SIMULATION STEP PERFORMED
 SOURCE  1:
    SEED1:     220311542   SEED2:             0
 Elapsed simulation  time in seconds:     0.00
 ESTIMATION STEP OMITTED:                 YES
 Elapsed finaloutput time in seconds:     0.01
  
1
 PROBLEM NO.:           1      SUBPROBLEM NO.:         147

 SIMULATION STEP PERFORMED
 SOURCE  1:
    SEED1:    1820037771   SEED2:             0
 Elapsed simulation  time in seconds:     0.00
 ESTIMATION STEP OMITTED:                 YES
 Elapsed finaloutput time in seconds:     0.01
  
1
 PROBLEM NO.:           1      SUBPROBLEM NO.:         148

 SIMULATION STEP PERFORMED
 SOURCE  1:
    SEED1:    1080865399   SEED2:             0
 Elapsed simulation  time in seconds:     0.00
 ESTIMATION STEP OMITTED:                 YES
 Elapsed finaloutput time in seconds:     0.01
  
1
 PROBLEM NO.:           1      SUBPROBLEM NO.:         149

 SIMULATION STEP PERFORMED
 SOURCE  1:
    SEED1:     674531670   SEED2:             0
 Elapsed simulation  time in seconds:     0.00
 ESTIMATION STEP OMITTED:                 YES
 Elapsed finaloutput time in seconds:     0.02
  
1
 PROBLEM NO.:           1      SUBPROBLEM NO.:         150

 SIMULATION STEP PERFORMED
 SOURCE  1:
    SEED1:    1542354736   SEED2:             0
 Elapsed simulation  time in seconds:     0.00
 ESTIMATION STEP OMITTED:                 YES
 Elapsed finaloutput time in seconds:     0.01
  
1
 PROBLEM NO.:           1      SUBPROBLEM NO.:         151

 SIMULATION STEP PERFORMED
 SOURCE  1:
    SEED1:    2130865777   SEED2:             0
 Elapsed simulation  time in seconds:     0.00
 ESTIMATION STEP OMITTED:                 YES
 Elapsed finaloutput time in seconds:     0.01
  
1
 PROBLEM NO.:           1      SUBPROBLEM NO.:         152

 SIMULATION STEP PERFORMED
 SOURCE  1:
    SEED1:    1594507096   SEED2:             0
 Elapsed simulation  time in seconds:     0.00
 ESTIMATION STEP OMITTED:                 YES
 Elapsed finaloutput time in seconds:     0.01
  
1
 PROBLEM NO.:           1      SUBPROBLEM NO.:         153

 SIMULATION STEP PERFORMED
 SOURCE  1:
    SEED1:     824899247   SEED2:             0
 Elapsed simulation  time in seconds:     0.00
 ESTIMATION STEP OMITTED:                 YES
 Elapsed finaloutput time in seconds:     0.01
  
1
 PROBLEM NO.:           1      SUBPROBLEM NO.:         154

 SIMULATION STEP PERFORMED
 SOURCE  1:
    SEED1:    1763625064   SEED2:             0
 Elapsed simulation  time in seconds:     0.00
 ESTIMATION STEP OMITTED:                 YES
 Elapsed finaloutput time in seconds:     0.01
  
1
 PROBLEM NO.:           1      SUBPROBLEM NO.:         155

 SIMULATION STEP PERFORMED
 SOURCE  1:
    SEED1:     192181922   SEED2:             0
 Elapsed simulation  time in seconds:     0.00
 ESTIMATION STEP OMITTED:                 YES
 Elapsed finaloutput time in seconds:     0.01
  
1
 PROBLEM NO.:           1      SUBPROBLEM NO.:         156

 SIMULATION STEP PERFORMED
 SOURCE  1:
    SEED1:    2066081418   SEED2:             0
 Elapsed simulation  time in seconds:     0.00
 ESTIMATION STEP OMITTED:                 YES
 Elapsed finaloutput time in seconds:     0.01
  
1
 PROBLEM NO.:           1      SUBPROBLEM NO.:         157

 SIMULATION STEP PERFORMED
 SOURCE  1:
    SEED1:     414436253   SEED2:             0
 Elapsed simulation  time in seconds:     0.00
 ESTIMATION STEP OMITTED:                 YES
 Elapsed finaloutput time in seconds:     0.01
  
1
 PROBLEM NO.:           1      SUBPROBLEM NO.:         158

 SIMULATION STEP PERFORMED
 SOURCE  1:
    SEED1:    1702560523   SEED2:             0
 Elapsed simulation  time in seconds:     0.00
 ESTIMATION STEP OMITTED:                 YES
 Elapsed finaloutput time in seconds:     0.01
  
1
 PROBLEM NO.:           1      SUBPROBLEM NO.:         159

 SIMULATION STEP PERFORMED
 SOURCE  1:
    SEED1:    1655636352   SEED2:             0
 Elapsed simulation  time in seconds:     0.00
 ESTIMATION STEP OMITTED:                 YES
 Elapsed finaloutput time in seconds:     0.01
  
1
 PROBLEM NO.:           1      SUBPROBLEM NO.:         160

 SIMULATION STEP PERFORMED
 SOURCE  1:
    SEED1:    1961814714   SEED2:             0
 Elapsed simulation  time in seconds:     0.00
 ESTIMATION STEP OMITTED:                 YES
 Elapsed finaloutput time in seconds:     0.01
  
1
 PROBLEM NO.:           1      SUBPROBLEM NO.:         161

 SIMULATION STEP PERFORMED
 SOURCE  1:
    SEED1:     796664895   SEED2:             0
 Elapsed simulation  time in seconds:     0.00
 ESTIMATION STEP OMITTED:                 YES
 Elapsed finaloutput time in seconds:     0.01
  
1
 PROBLEM NO.:           1      SUBPROBLEM NO.:         162

 SIMULATION STEP PERFORMED
 SOURCE  1:
    SEED1:    1488946702   SEED2:             0
 Elapsed simulation  time in seconds:     0.00
 ESTIMATION STEP OMITTED:                 YES
 Elapsed finaloutput time in seconds:     0.01
  
1
 PROBLEM NO.:           1      SUBPROBLEM NO.:         163

 SIMULATION STEP PERFORMED
 SOURCE  1:
    SEED1:     175501281   SEED2:             0
 Elapsed simulation  time in seconds:     0.00
 ESTIMATION STEP OMITTED:                 YES
 Elapsed finaloutput time in seconds:     0.01
  
1
 PROBLEM NO.:           1      SUBPROBLEM NO.:         164

 SIMULATION STEP PERFORMED
 SOURCE  1:
    SEED1:    1312247990   SEED2:             0
 Elapsed simulation  time in seconds:     0.00
 ESTIMATION STEP OMITTED:                 YES
 Elapsed finaloutput time in seconds:     0.01
  
1
 PROBLEM NO.:           1      SUBPROBLEM NO.:         165

 SIMULATION STEP PERFORMED
 SOURCE  1:
    SEED1:     889346534   SEED2:             0
 Elapsed simulation  time in seconds:     0.00
 ESTIMATION STEP OMITTED:                 YES
 Elapsed finaloutput time in seconds:     0.01
  
1
 PROBLEM NO.:           1      SUBPROBLEM NO.:         166

 SIMULATION STEP PERFORMED
 SOURCE  1:
    SEED1:      72785813   SEED2:             0
 Elapsed simulation  time in seconds:     0.00
 ESTIMATION STEP OMITTED:                 YES
 Elapsed finaloutput time in seconds:     0.01
  
1
 PROBLEM NO.:           1      SUBPROBLEM NO.:         167

 SIMULATION STEP PERFORMED
 SOURCE  1:
    SEED1:    1802245141   SEED2:             0
 Elapsed simulation  time in seconds:     0.00
 ESTIMATION STEP OMITTED:                 YES
 Elapsed finaloutput time in seconds:     0.01
  
1
 PROBLEM NO.:           1      SUBPROBLEM NO.:         168

 SIMULATION STEP PERFORMED
 SOURCE  1:
    SEED1:     989407547   SEED2:             0
 Elapsed simulation  time in seconds:     0.01
 ESTIMATION STEP OMITTED:                 YES
 Elapsed finaloutput time in seconds:     0.01
  
1
 PROBLEM NO.:           1      SUBPROBLEM NO.:         169

 SIMULATION STEP PERFORMED
 SOURCE  1:
    SEED1:     233778448   SEED2:             0
 Elapsed simulation  time in seconds:     0.01
 ESTIMATION STEP OMITTED:                 YES
 Elapsed finaloutput time in seconds:     0.01
  
1
 PROBLEM NO.:           1      SUBPROBLEM NO.:         170

 SIMULATION STEP PERFORMED
 SOURCE  1:
    SEED1:     523625846   SEED2:             0
 Elapsed simulation  time in seconds:     0.00
 ESTIMATION STEP OMITTED:                 YES
 Elapsed finaloutput time in seconds:     0.01
  
1
 PROBLEM NO.:           1      SUBPROBLEM NO.:         171

 SIMULATION STEP PERFORMED
 SOURCE  1:
    SEED1:    1794059495   SEED2:             0
 Elapsed simulation  time in seconds:     0.00
 ESTIMATION STEP OMITTED:                 YES
 Elapsed finaloutput time in seconds:     0.01
  
1
 PROBLEM NO.:           1      SUBPROBLEM NO.:         172

 SIMULATION STEP PERFORMED
 SOURCE  1:
    SEED1:     454687433   SEED2:             0
 Elapsed simulation  time in seconds:     0.00
 ESTIMATION STEP OMITTED:                 YES
 Elapsed finaloutput time in seconds:     0.01
  
1
 PROBLEM NO.:           1      SUBPROBLEM NO.:         173

 SIMULATION STEP PERFORMED
 SOURCE  1:
    SEED1:     517753551   SEED2:             0
 Elapsed simulation  time in seconds:     0.00
 ESTIMATION STEP OMITTED:                 YES
 Elapsed finaloutput time in seconds:     0.01
  
1
 PROBLEM NO.:           1      SUBPROBLEM NO.:         174

 SIMULATION STEP PERFORMED
 SOURCE  1:
    SEED1:     316632736   SEED2:             0
 Elapsed simulation  time in seconds:     0.00
 ESTIMATION STEP OMITTED:                 YES
 Elapsed finaloutput time in seconds:     0.01
  
1
 PROBLEM NO.:           1      SUBPROBLEM NO.:         175

 SIMULATION STEP PERFORMED
 SOURCE  1:
    SEED1:     194373415   SEED2:             0
 Elapsed simulation  time in seconds:     0.00
 ESTIMATION STEP OMITTED:                 YES
 Elapsed finaloutput time in seconds:     0.01
  
1
 PROBLEM NO.:           1      SUBPROBLEM NO.:         176

 SIMULATION STEP PERFORMED
 SOURCE  1:
    SEED1:    1477649748   SEED2:             0
 Elapsed simulation  time in seconds:     0.00
 ESTIMATION STEP OMITTED:                 YES
 Elapsed finaloutput time in seconds:     0.01
  
1
 PROBLEM NO.:           1      SUBPROBLEM NO.:         177

 SIMULATION STEP PERFORMED
 SOURCE  1:
    SEED1:    1368367985   SEED2:             0
 Elapsed simulation  time in seconds:     0.00
 ESTIMATION STEP OMITTED:                 YES
 Elapsed finaloutput time in seconds:     0.01
  
1
 PROBLEM NO.:           1      SUBPROBLEM NO.:         178

 SIMULATION STEP PERFORMED
 SOURCE  1:
    SEED1:    1980434025   SEED2:             0
 Elapsed simulation  time in seconds:     0.00
 ESTIMATION STEP OMITTED:                 YES
 Elapsed finaloutput time in seconds:     0.01
  
1
 PROBLEM NO.:           1      SUBPROBLEM NO.:         179

 SIMULATION STEP PERFORMED
 SOURCE  1:
    SEED1:     632444736   SEED2:             0
 Elapsed simulation  time in seconds:     0.00
 ESTIMATION STEP OMITTED:                 YES
 Elapsed finaloutput time in seconds:     0.01
  
1
 PROBLEM NO.:           1      SUBPROBLEM NO.:         180

 SIMULATION STEP PERFORMED
 SOURCE  1:
    SEED1:     218802327   SEED2:             0
 Elapsed simulation  time in seconds:     0.00
 ESTIMATION STEP OMITTED:                 YES
 Elapsed finaloutput time in seconds:     0.01
  
1
 PROBLEM NO.:           1      SUBPROBLEM NO.:         181

 SIMULATION STEP PERFORMED
 SOURCE  1:
    SEED1:     568489098   SEED2:             0
 Elapsed simulation  time in seconds:     0.00
 ESTIMATION STEP OMITTED:                 YES
 Elapsed finaloutput time in seconds:     0.01
  
1
 PROBLEM NO.:           1      SUBPROBLEM NO.:         182

 SIMULATION STEP PERFORMED
 SOURCE  1:
    SEED1:     558720937   SEED2:             0
 Elapsed simulation  time in seconds:     0.00
 ESTIMATION STEP OMITTED:                 YES
 Elapsed finaloutput time in seconds:     0.01
  
1
 PROBLEM NO.:           1      SUBPROBLEM NO.:         183

 SIMULATION STEP PERFORMED
 SOURCE  1:
    SEED1:     868555675   SEED2:             0
 Elapsed simulation  time in seconds:     0.00
 ESTIMATION STEP OMITTED:                 YES
 Elapsed finaloutput time in seconds:     0.01
  
1
 PROBLEM NO.:           1      SUBPROBLEM NO.:         184

 SIMULATION STEP PERFORMED
 SOURCE  1:
    SEED1:    1048307150   SEED2:             0
 Elapsed simulation  time in seconds:     0.00
 ESTIMATION STEP OMITTED:                 YES
 Elapsed finaloutput time in seconds:     0.01
  
1
 PROBLEM NO.:           1      SUBPROBLEM NO.:         185

 SIMULATION STEP PERFORMED
 SOURCE  1:
    SEED1:     829631043   SEED2:             0
 Elapsed simulation  time in seconds:     0.00
 ESTIMATION STEP OMITTED:                 YES
 Elapsed finaloutput time in seconds:     0.01
  
1
 PROBLEM NO.:           1      SUBPROBLEM NO.:         186

 SIMULATION STEP PERFORMED
 SOURCE  1:
    SEED1:      15042842   SEED2:             0
 Elapsed simulation  time in seconds:     0.00
 ESTIMATION STEP OMITTED:                 YES
 Elapsed finaloutput time in seconds:     0.01
  
1
 PROBLEM NO.:           1      SUBPROBLEM NO.:         187

 SIMULATION STEP PERFORMED
 SOURCE  1:
    SEED1:    1151936969   SEED2:             0
 Elapsed simulation  time in seconds:     0.00
 ESTIMATION STEP OMITTED:                 YES
 Elapsed finaloutput time in seconds:     0.01
  
1
 PROBLEM NO.:           1      SUBPROBLEM NO.:         188

 SIMULATION STEP PERFORMED
 SOURCE  1:
    SEED1:    1779605719   SEED2:             0
 Elapsed simulation  time in seconds:     0.01
 ESTIMATION STEP OMITTED:                 YES
 Elapsed finaloutput time in seconds:     0.01
  
1
 PROBLEM NO.:           1      SUBPROBLEM NO.:         189

 SIMULATION STEP PERFORMED
 SOURCE  1:
    SEED1:    1537476331   SEED2:             0
 Elapsed simulation  time in seconds:     0.00
 ESTIMATION STEP OMITTED:                 YES
 Elapsed finaloutput time in seconds:     0.01
  
1
 PROBLEM NO.:           1      SUBPROBLEM NO.:         190

 SIMULATION STEP PERFORMED
 SOURCE  1:
    SEED1:    1419254173   SEED2:             0
 Elapsed simulation  time in seconds:     0.00
 ESTIMATION STEP OMITTED:                 YES
 Elapsed finaloutput time in seconds:     0.01
  
1
 PROBLEM NO.:           1      SUBPROBLEM NO.:         191

 SIMULATION STEP PERFORMED
 SOURCE  1:
    SEED1:    2103522817   SEED2:             0
 Elapsed simulation  time in seconds:     0.00
 ESTIMATION STEP OMITTED:                 YES
 Elapsed finaloutput time in seconds:     0.01
  
1
 PROBLEM NO.:           1      SUBPROBLEM NO.:         192

 SIMULATION STEP PERFORMED
 SOURCE  1:
    SEED1:    1900944479   SEED2:             0
 Elapsed simulation  time in seconds:     0.00
 ESTIMATION STEP OMITTED:                 YES
 Elapsed finaloutput time in seconds:     0.01
  
1
 PROBLEM NO.:           1      SUBPROBLEM NO.:         193

 SIMULATION STEP PERFORMED
 SOURCE  1:
    SEED1:    2125144664   SEED2:             0
 Elapsed simulation  time in seconds:     0.00
 ESTIMATION STEP OMITTED:                 YES
 Elapsed finaloutput time in seconds:     0.01
  
1
 PROBLEM NO.:           1      SUBPROBLEM NO.:         194

 SIMULATION STEP PERFORMED
 SOURCE  1:
    SEED1:     687940093   SEED2:             0
 Elapsed simulation  time in seconds:     0.00
 ESTIMATION STEP OMITTED:                 YES
 Elapsed finaloutput time in seconds:     0.01
  
1
 PROBLEM NO.:           1      SUBPROBLEM NO.:         195

 SIMULATION STEP PERFORMED
 SOURCE  1:
    SEED1:     813099726   SEED2:             0
 Elapsed simulation  time in seconds:     0.01
 ESTIMATION STEP OMITTED:                 YES
 Elapsed finaloutput time in seconds:     0.01
  
1
 PROBLEM NO.:           1      SUBPROBLEM NO.:         196

 SIMULATION STEP PERFORMED
 SOURCE  1:
    SEED1:    2063446653   SEED2:             0
 Elapsed simulation  time in seconds:     0.00
 ESTIMATION STEP OMITTED:                 YES
 Elapsed finaloutput time in seconds:     0.01
  
1
 PROBLEM NO.:           1      SUBPROBLEM NO.:         197

 SIMULATION STEP PERFORMED
 SOURCE  1:
    SEED1:    1066337114   SEED2:             0
 Elapsed simulation  time in seconds:     0.00
 ESTIMATION STEP OMITTED:                 YES
 Elapsed finaloutput time in seconds:     0.01
  
1
 PROBLEM NO.:           1      SUBPROBLEM NO.:         198

 SIMULATION STEP PERFORMED
 SOURCE  1:
    SEED1:     704125373   SEED2:             0
 Elapsed simulation  time in seconds:     0.01
 ESTIMATION STEP OMITTED:                 YES
 Elapsed finaloutput time in seconds:     0.01
  
1
 PROBLEM NO.:           1      SUBPROBLEM NO.:         199

 SIMULATION STEP PERFORMED
 SOURCE  1:
    SEED1:     554250314   SEED2:             0
 Elapsed simulation  time in seconds:     0.00
 ESTIMATION STEP OMITTED:                 YES
 Elapsed finaloutput time in seconds:     0.01
  
1
 PROBLEM NO.:           1      SUBPROBLEM NO.:         200

 SIMULATION STEP PERFORMED
 SOURCE  1:
    SEED1:     403757723   SEED2:             0
 Elapsed simulation  time in seconds:     0.00
 ESTIMATION STEP OMITTED:                 YES
 Elapsed finaloutput time in seconds:     0.01
 #CPUT: Total CPU Time in Seconds,        4.898
Stop Time: 
2018-10-19 
¿ÀÈÄ 06:01
