2018-10-19 
¿ÀÈÄ 05:56
$PROBLEM    THEOPHYLLINE ORAL P:ROOT F:BASE
$INPUT      ID AMT TIME DV BWT
$DATA      THEOPP
$SUBROUTINE ADVAN2 TRANS2
$PK
  TVCL  = THETA(1)
  TVV   = THETA(2)
  TVKA  = THETA(3)
  CL    = TVCL * EXP(ETA(1))
  V     = TVV  * EXP(ETA(2))
  KA    = TVKA * EXP(ETA(3))
  S2    = V
  K     = CL / V

$ERROR
  IPRED = F
  W     = SQRT(THETA(4)**2 + THETA(5)**2 * IPRED**2)
  IRES  = DV - IPRED
  IWRES  = IRES / W
  Y     = IPRED + W * EPS(1)

$THETA  (0,0.1)
 (0,1)
 (0,10)
 (0,1)
 0.01 FIX
$OMEGA  BLOCK(3)
 0.2
 0.1 0.2
 0.1 0.1 0.2
$SIGMA  1  FIX
$SIMULATION (1029882034) ONLYSIMULATION NSUBPROBLEMS=200
$TABLE      ID MDV TIME DV ONEHEADER NOPRINT NOAPPEND FILE=npctab.dta

  
NM-TRAN MESSAGES 
  
 WARNINGS AND ERRORS (IF ANY) FOR PROBLEM    1
             
 (WARNING  2) NM-TRAN INFERS THAT THE DATA ARE POPULATION.
  
License Registered to: Asan Medical Center
Expiration Date:    14 DEC 2018
Current Date:       19 OCT 2018
Days until program expires :  55
1NONLINEAR MIXED EFFECTS MODEL PROGRAM (NONMEM) VERSION 7.4.3
 ORIGINALLY DEVELOPED BY STUART BEAL, LEWIS SHEINER, AND ALISON BOECKMANN
 CURRENT DEVELOPERS ARE ROBERT BAUER, ICON DEVELOPMENT SOLUTIONS,
 AND ALISON BOECKMANN. IMPLEMENTATION, EFFICIENCY, AND STANDARDIZATION
 PERFORMED BY NOUS INFOSYSTEMS.

 PROBLEM NO.:         1
 THEOPHYLLINE ORAL P:ROOT F:BASE
0DATA CHECKOUT RUN:              NO
 DATA SET LOCATED ON UNIT NO.:    2
 THIS UNIT TO BE REWOUND:        NO
 NO. OF DATA RECS IN DATA SET:      144
 NO. OF DATA ITEMS IN DATA SET:   7
 ID DATA ITEM IS DATA ITEM NO.:   1
 DEP VARIABLE IS DATA ITEM NO.:   4
 MDV DATA ITEM IS DATA ITEM NO.:  7
0INDICES PASSED TO SUBROUTINE PRED:
   6   3   2   0   0   0   0   0   0   0   0
0LABELS FOR DATA ITEMS:
 ID AMT TIME DV BWT EVID MDV
0FORMAT FOR DATA:
 (5E6.0,2F2.0)

 TOT. NO. OF OBS RECS:      132
 TOT. NO. OF INDIVIDUALS:       12
0LENGTH OF THETA:   5
0DEFAULT THETA BOUNDARY TEST OMITTED:    NO
0OMEGA HAS BLOCK FORM:
  1
  1  1
  1  1  1
0DEFAULT OMEGA BOUNDARY TEST OMITTED:    NO
0SIGMA HAS SIMPLE DIAGONAL FORM WITH DIMENSION:   1
0DEFAULT SIGMA BOUNDARY TEST OMITTED:    NO
0INITIAL ESTIMATE OF THETA:
 LOWER BOUND    INITIAL EST    UPPER BOUND
  0.0000E+00     0.1000E+00     0.1000E+07
  0.0000E+00     0.1000E+01     0.1000E+07
  0.0000E+00     0.1000E+02     0.1000E+07
  0.0000E+00     0.1000E+01     0.1000E+07
  0.1000E-01     0.1000E-01     0.1000E-01
0INITIAL ESTIMATE OF OMEGA:
 BLOCK SET NO.   BLOCK                                                                    FIXED
        1                                                                                   NO
                  0.2000E+00
                  0.1000E+00   0.2000E+00
                  0.1000E+00   0.1000E+00   0.2000E+00
0INITIAL ESTIMATE OF SIGMA:
 0.1000E+01
0SIGMA CONSTRAINED TO BE THIS INITIAL ESTIMATE
0SIMULATION STEP OMITTED:    NO
 OBJ FUNC EVALUATED:         NO
 ORIGINAL DATA USED ON EACH NEW SIMULATION:         NO
 SEEDS RESET ON EACH NEW SUPERSET ITERATION:        YES
0SIMULATION RANDOM METHOD SELECTED (RANMETHOD): 4U
SEED   1 RESET TO INITIAL: YES
 SOURCE   1:
   SEED1:    1029882034   SEED2:             0   PSEUDO-NORMAL
 NUMBER OF SUBPROBLEMS:  200
0TABLES STEP OMITTED:    NO
 NO. OF TABLES:           1
 SEED NUMBER (SEED):    11456
 RANMETHOD:             3U
 MC SAMPLES (ESAMPLE):    300
 WRES SQUARE ROOT TYPE (WRESCHOL): EIGENVALUE
0-- TABLE   1 --
0RECORDS ONLY:    ALL
04 COLUMNS APPENDED:    NO
 PRINTED:                NO
 HEADER:                YES
 FILE TO BE FORWARDED:   NO
 FORMAT:                S1PE11.4
 LFORMAT:
 RFORMAT:
 FIXED_EFFECT_ETAS:
0USER-CHOSEN ITEMS:
 ID MDV TIME DV
1DOUBLE PRECISION PREDPP VERSION 7.4.3

 ONE COMPARTMENT MODEL WITH FIRST-ORDER ABSORPTION (ADVAN2)
0MAXIMUM NO. OF BASIC PK PARAMETERS:   3
0BASIC PK PARAMETERS (AFTER TRANSLATION):
   ELIMINATION RATE (K) IS BASIC PK PARAMETER NO.:  1
   ABSORPTION RATE (KA) IS BASIC PK PARAMETER NO.:  3

 TRANSLATOR WILL CONVERT PARAMETERS
 CLEARANCE (CL) AND VOLUME (V) TO K (TRANS2)
0COMPARTMENT ATTRIBUTES
 COMPT. NO.   FUNCTION   INITIAL    ON/OFF      DOSE      DEFAULT    DEFAULT
                         STATUS     ALLOWED    ALLOWED    FOR DOSE   FOR OBS.
    1         DEPOT        OFF        YES        YES        YES        NO
    2         CENTRAL      ON         NO         YES        NO         YES
    3         OUTPUT       OFF        YES        NO         NO         NO
1
 ADDITIONAL PK PARAMETERS - ASSIGNMENT OF ROWS IN GG
 COMPT. NO.                             INDICES
              SCALE      BIOAVAIL.   ZERO-ORDER  ZERO-ORDER  ABSORB
                         FRACTION    RATE        DURATION    LAG
    1            *           *           *           *           *
    2            4           *           *           *           *
    3            *           -           -           -           -
             - PARAMETER IS NOT ALLOWED FOR THIS MODEL
             * PARAMETER IS NOT SUPPLIED BY PK SUBROUTINE;
               WILL DEFAULT TO ONE IF APPLICABLE
0DATA ITEM INDICES USED BY PRED ARE:
   EVENT ID DATA ITEM IS DATA ITEM NO.:      6
   TIME DATA ITEM IS DATA ITEM NO.:          3
   DOSE AMOUNT DATA ITEM IS DATA ITEM NO.:   2

0PK SUBROUTINE CALLED WITH EVERY EVENT RECORD.
 PK SUBROUTINE NOT CALLED AT NONEVENT (ADDITIONAL OR LAGGED) DOSE TIMES.
0ERROR SUBROUTINE CALLED WITH EVERY EVENT RECORD.
1
 PROBLEM NO.:           1      SUBPROBLEM NO.:           1

 SIMULATION STEP PERFORMED
 SOURCE  1:
    SEED1:    1848633421   SEED2:             0
 Elapsed simulation  time in seconds:     0.00
 ESTIMATION STEP OMITTED:                 YES
 Elapsed finaloutput time in seconds:     0.01
  
1
 PROBLEM NO.:           1      SUBPROBLEM NO.:           2

 SIMULATION STEP PERFORMED
 SOURCE  1:
    SEED1:     520466173   SEED2:             0
 Elapsed simulation  time in seconds:     0.00
 ESTIMATION STEP OMITTED:                 YES
 Elapsed finaloutput time in seconds:     0.01
  
1
 PROBLEM NO.:           1      SUBPROBLEM NO.:           3

 SIMULATION STEP PERFORMED
 SOURCE  1:
    SEED1:    1509891598   SEED2:             0
 Elapsed simulation  time in seconds:     0.00
 ESTIMATION STEP OMITTED:                 YES
 Elapsed finaloutput time in seconds:     0.01
  
1
 PROBLEM NO.:           1      SUBPROBLEM NO.:           4

 SIMULATION STEP PERFORMED
 SOURCE  1:
    SEED1:    1708505932   SEED2:             0
 Elapsed simulation  time in seconds:     0.00
 ESTIMATION STEP OMITTED:                 YES
 Elapsed finaloutput time in seconds:     0.01
  
1
 PROBLEM NO.:           1      SUBPROBLEM NO.:           5

 SIMULATION STEP PERFORMED
 SOURCE  1:
    SEED1:    1708789439   SEED2:             0
 Elapsed simulation  time in seconds:     0.00
 ESTIMATION STEP OMITTED:                 YES
 Elapsed finaloutput time in seconds:     0.01
  
1
 PROBLEM NO.:           1      SUBPROBLEM NO.:           6

 SIMULATION STEP PERFORMED
 SOURCE  1:
    SEED1:    1284012867   SEED2:             0
 Elapsed simulation  time in seconds:     0.00
 ESTIMATION STEP OMITTED:                 YES
 Elapsed finaloutput time in seconds:     0.01
  
1
 PROBLEM NO.:           1      SUBPROBLEM NO.:           7

 SIMULATION STEP PERFORMED
 SOURCE  1:
    SEED1:     524654132   SEED2:             0
 Elapsed simulation  time in seconds:     0.00
 ESTIMATION STEP OMITTED:                 YES
 Elapsed finaloutput time in seconds:     0.01
  
1
 PROBLEM NO.:           1      SUBPROBLEM NO.:           8

 SIMULATION STEP PERFORMED
 SOURCE  1:
    SEED1:    2021595995   SEED2:             0
 Elapsed simulation  time in seconds:     0.00
 ESTIMATION STEP OMITTED:                 YES
 Elapsed finaloutput time in seconds:     0.01
  
1
 PROBLEM NO.:           1      SUBPROBLEM NO.:           9

 SIMULATION STEP PERFORMED
 SOURCE  1:
    SEED1:     137625111   SEED2:             0
 Elapsed simulation  time in seconds:     0.00
 ESTIMATION STEP OMITTED:                 YES
 Elapsed finaloutput time in seconds:     0.01
  
1
 PROBLEM NO.:           1      SUBPROBLEM NO.:          10

 SIMULATION STEP PERFORMED
 SOURCE  1:
    SEED1:    1107309512   SEED2:             0
 Elapsed simulation  time in seconds:     0.00
 ESTIMATION STEP OMITTED:                 YES
 Elapsed finaloutput time in seconds:     0.01
  
1
 PROBLEM NO.:           1      SUBPROBLEM NO.:          11

 SIMULATION STEP PERFORMED
 SOURCE  1:
    SEED1:    1256280222   SEED2:             0
 Elapsed simulation  time in seconds:     0.00
 ESTIMATION STEP OMITTED:                 YES
 Elapsed finaloutput time in seconds:     0.01
  
1
 PROBLEM NO.:           1      SUBPROBLEM NO.:          12

 SIMULATION STEP PERFORMED
 SOURCE  1:
    SEED1:    2078756089   SEED2:             0
 Elapsed simulation  time in seconds:     0.00
 ESTIMATION STEP OMITTED:                 YES
 Elapsed finaloutput time in seconds:     0.01
  
1
 PROBLEM NO.:           1      SUBPROBLEM NO.:          13

 SIMULATION STEP PERFORMED
 SOURCE  1:
    SEED1:     479030800   SEED2:             0
 Elapsed simulation  time in seconds:     0.00
 ESTIMATION STEP OMITTED:                 YES
 Elapsed finaloutput time in seconds:     0.01
  
1
 PROBLEM NO.:           1      SUBPROBLEM NO.:          14

 SIMULATION STEP PERFORMED
 SOURCE  1:
    SEED1:    1194252436   SEED2:             0
 Elapsed simulation  time in seconds:     0.00
 ESTIMATION STEP OMITTED:                 YES
 Elapsed finaloutput time in seconds:     0.01
  
1
 PROBLEM NO.:           1      SUBPROBLEM NO.:          15

 SIMULATION STEP PERFORMED
 SOURCE  1:
    SEED1:     396385941   SEED2:             0
 Elapsed simulation  time in seconds:     0.00
 ESTIMATION STEP OMITTED:                 YES
 Elapsed finaloutput time in seconds:     0.01
  
1
 PROBLEM NO.:           1      SUBPROBLEM NO.:          16

 SIMULATION STEP PERFORMED
 SOURCE  1:
    SEED1:     555430445   SEED2:             0
 Elapsed simulation  time in seconds:     0.00
 ESTIMATION STEP OMITTED:                 YES
 Elapsed finaloutput time in seconds:     0.01
  
1
 PROBLEM NO.:           1      SUBPROBLEM NO.:          17

 SIMULATION STEP PERFORMED
 SOURCE  1:
    SEED1:     920252446   SEED2:             0
 Elapsed simulation  time in seconds:     0.00
 ESTIMATION STEP OMITTED:                 YES
 Elapsed finaloutput time in seconds:     0.01
  
1
 PROBLEM NO.:           1      SUBPROBLEM NO.:          18

 SIMULATION STEP PERFORMED
 SOURCE  1:
    SEED1:    1910733635   SEED2:             0
 Elapsed simulation  time in seconds:     0.00
 ESTIMATION STEP OMITTED:                 YES
 Elapsed finaloutput time in seconds:     0.01
  
1
 PROBLEM NO.:           1      SUBPROBLEM NO.:          19

 SIMULATION STEP PERFORMED
 SOURCE  1:
    SEED1:      46706871   SEED2:             0
 Elapsed simulation  time in seconds:     0.00
 ESTIMATION STEP OMITTED:                 YES
 Elapsed finaloutput time in seconds:     0.01
  
1
 PROBLEM NO.:           1      SUBPROBLEM NO.:          20

 SIMULATION STEP PERFORMED
 SOURCE  1:
    SEED1:    1255389071   SEED2:             0
 Elapsed simulation  time in seconds:     0.00
 ESTIMATION STEP OMITTED:                 YES
 Elapsed finaloutput time in seconds:     0.01
  
1
 PROBLEM NO.:           1      SUBPROBLEM NO.:          21

 SIMULATION STEP PERFORMED
 SOURCE  1:
    SEED1:     915791401   SEED2:             0
 Elapsed simulation  time in seconds:     0.00
 ESTIMATION STEP OMITTED:                 YES
 Elapsed finaloutput time in seconds:     0.01
  
1
 PROBLEM NO.:           1      SUBPROBLEM NO.:          22

 SIMULATION STEP PERFORMED
 SOURCE  1:
    SEED1:    1302413482   SEED2:             0
 Elapsed simulation  time in seconds:     0.01
 ESTIMATION STEP OMITTED:                 YES
 Elapsed finaloutput time in seconds:     0.01
  
1
 PROBLEM NO.:           1      SUBPROBLEM NO.:          23

 SIMULATION STEP PERFORMED
 SOURCE  1:
    SEED1:     614251239   SEED2:             0
 Elapsed simulation  time in seconds:     0.00
 ESTIMATION STEP OMITTED:                 YES
 Elapsed finaloutput time in seconds:     0.01
  
1
 PROBLEM NO.:           1      SUBPROBLEM NO.:          24

 SIMULATION STEP PERFORMED
 SOURCE  1:
    SEED1:     846618572   SEED2:             0
 Elapsed simulation  time in seconds:     0.00
 ESTIMATION STEP OMITTED:                 YES
 Elapsed finaloutput time in seconds:     0.01
  
1
 PROBLEM NO.:           1      SUBPROBLEM NO.:          25

 SIMULATION STEP PERFORMED
 SOURCE  1:
    SEED1:    1502903190   SEED2:             0
 Elapsed simulation  time in seconds:     0.00
 ESTIMATION STEP OMITTED:                 YES
 Elapsed finaloutput time in seconds:     0.01
  
1
 PROBLEM NO.:           1      SUBPROBLEM NO.:          26

 SIMULATION STEP PERFORMED
 SOURCE  1:
    SEED1:    1565102387   SEED2:             0
 Elapsed simulation  time in seconds:     0.00
 ESTIMATION STEP OMITTED:                 YES
 Elapsed finaloutput time in seconds:     0.01
  
1
 PROBLEM NO.:           1      SUBPROBLEM NO.:          27

 SIMULATION STEP PERFORMED
 SOURCE  1:
    SEED1:     406088990   SEED2:             0
 Elapsed simulation  time in seconds:     0.00
 ESTIMATION STEP OMITTED:                 YES
 Elapsed finaloutput time in seconds:     0.01
  
1
 PROBLEM NO.:           1      SUBPROBLEM NO.:          28

 SIMULATION STEP PERFORMED
 SOURCE  1:
    SEED1:     314565605   SEED2:             0
 Elapsed simulation  time in seconds:     0.00
 ESTIMATION STEP OMITTED:                 YES
 Elapsed finaloutput time in seconds:     0.01
  
1
 PROBLEM NO.:           1      SUBPROBLEM NO.:          29

 SIMULATION STEP PERFORMED
 SOURCE  1:
    SEED1:     620599818   SEED2:             0
 Elapsed simulation  time in seconds:     0.00
 ESTIMATION STEP OMITTED:                 YES
 Elapsed finaloutput time in seconds:     0.01
  
1
 PROBLEM NO.:           1      SUBPROBLEM NO.:          30

 SIMULATION STEP PERFORMED
 SOURCE  1:
    SEED1:    1410308447   SEED2:             0
 Elapsed simulation  time in seconds:     0.00
 ESTIMATION STEP OMITTED:                 YES
 Elapsed finaloutput time in seconds:     0.01
  
1
 PROBLEM NO.:           1      SUBPROBLEM NO.:          31

 SIMULATION STEP PERFORMED
 SOURCE  1:
    SEED1:    1653604233   SEED2:             0
 Elapsed simulation  time in seconds:     0.00
 ESTIMATION STEP OMITTED:                 YES
 Elapsed finaloutput time in seconds:     0.01
  
1
 PROBLEM NO.:           1      SUBPROBLEM NO.:          32

 SIMULATION STEP PERFORMED
 SOURCE  1:
    SEED1:     710065007   SEED2:             0
 Elapsed simulation  time in seconds:     0.00
 ESTIMATION STEP OMITTED:                 YES
 Elapsed finaloutput time in seconds:     0.01
  
1
 PROBLEM NO.:           1      SUBPROBLEM NO.:          33

 SIMULATION STEP PERFORMED
 SOURCE  1:
    SEED1:    1896826086   SEED2:             0
 Elapsed simulation  time in seconds:     0.00
 ESTIMATION STEP OMITTED:                 YES
 Elapsed finaloutput time in seconds:     0.01
  
1
 PROBLEM NO.:           1      SUBPROBLEM NO.:          34

 SIMULATION STEP PERFORMED
 SOURCE  1:
    SEED1:    1412708191   SEED2:             0
 Elapsed simulation  time in seconds:     0.00
 ESTIMATION STEP OMITTED:                 YES
 Elapsed finaloutput time in seconds:     0.01
  
1
 PROBLEM NO.:           1      SUBPROBLEM NO.:          35

 SIMULATION STEP PERFORMED
 SOURCE  1:
    SEED1:    1488709014   SEED2:             0
 Elapsed simulation  time in seconds:     0.00
 ESTIMATION STEP OMITTED:                 YES
 Elapsed finaloutput time in seconds:     0.01
  
1
 PROBLEM NO.:           1      SUBPROBLEM NO.:          36

 SIMULATION STEP PERFORMED
 SOURCE  1:
    SEED1:       8540732   SEED2:             0
 Elapsed simulation  time in seconds:     0.00
 ESTIMATION STEP OMITTED:                 YES
 Elapsed finaloutput time in seconds:     0.01
  
1
 PROBLEM NO.:           1      SUBPROBLEM NO.:          37

 SIMULATION STEP PERFORMED
 SOURCE  1:
    SEED1:    1055029125   SEED2:             0
 Elapsed simulation  time in seconds:     0.00
 ESTIMATION STEP OMITTED:                 YES
 Elapsed finaloutput time in seconds:     0.01
  
1
 PROBLEM NO.:           1      SUBPROBLEM NO.:          38

 SIMULATION STEP PERFORMED
 SOURCE  1:
    SEED1:    1218644460   SEED2:             0
 Elapsed simulation  time in seconds:     0.00
 ESTIMATION STEP OMITTED:                 YES
 Elapsed finaloutput time in seconds:     0.01
  
1
 PROBLEM NO.:           1      SUBPROBLEM NO.:          39

 SIMULATION STEP PERFORMED
 SOURCE  1:
    SEED1:     829195367   SEED2:             0
 Elapsed simulation  time in seconds:     0.00
 ESTIMATION STEP OMITTED:                 YES
 Elapsed finaloutput time in seconds:     0.01
  
1
 PROBLEM NO.:           1      SUBPROBLEM NO.:          40

 SIMULATION STEP PERFORMED
 SOURCE  1:
    SEED1:    1182598119   SEED2:             0
 Elapsed simulation  time in seconds:     0.00
 ESTIMATION STEP OMITTED:                 YES
 Elapsed finaloutput time in seconds:     0.01
  
1
 PROBLEM NO.:           1      SUBPROBLEM NO.:          41

 SIMULATION STEP PERFORMED
 SOURCE  1:
    SEED1:    1638701254   SEED2:             0
 Elapsed simulation  time in seconds:     0.00
 ESTIMATION STEP OMITTED:                 YES
 Elapsed finaloutput time in seconds:     0.01
  
1
 PROBLEM NO.:           1      SUBPROBLEM NO.:          42

 SIMULATION STEP PERFORMED
 SOURCE  1:
    SEED1:     938269339   SEED2:             0
 Elapsed simulation  time in seconds:     0.00
 ESTIMATION STEP OMITTED:                 YES
 Elapsed finaloutput time in seconds:     0.01
  
1
 PROBLEM NO.:           1      SUBPROBLEM NO.:          43

 SIMULATION STEP PERFORMED
 SOURCE  1:
    SEED1:    1094789025   SEED2:             0
 Elapsed simulation  time in seconds:     0.01
 ESTIMATION STEP OMITTED:                 YES
 Elapsed finaloutput time in seconds:     0.01
  
1
 PROBLEM NO.:           1      SUBPROBLEM NO.:          44

 SIMULATION STEP PERFORMED
 SOURCE  1:
    SEED1:    1402770876   SEED2:             0
 Elapsed simulation  time in seconds:     0.00
 ESTIMATION STEP OMITTED:                 YES
 Elapsed finaloutput time in seconds:     0.01
  
1
 PROBLEM NO.:           1      SUBPROBLEM NO.:          45

 SIMULATION STEP PERFORMED
 SOURCE  1:
    SEED1:    1694739913   SEED2:             0
 Elapsed simulation  time in seconds:     0.00
 ESTIMATION STEP OMITTED:                 YES
 Elapsed finaloutput time in seconds:     0.01
  
1
 PROBLEM NO.:           1      SUBPROBLEM NO.:          46

 SIMULATION STEP PERFORMED
 SOURCE  1:
    SEED1:     154043342   SEED2:             0
 Elapsed simulation  time in seconds:     0.00
 ESTIMATION STEP OMITTED:                 YES
 Elapsed finaloutput time in seconds:     0.01
  
1
 PROBLEM NO.:           1      SUBPROBLEM NO.:          47

 SIMULATION STEP PERFORMED
 SOURCE  1:
    SEED1:    1465093289   SEED2:             0
 Elapsed simulation  time in seconds:     0.00
 ESTIMATION STEP OMITTED:                 YES
 Elapsed finaloutput time in seconds:     0.01
  
1
 PROBLEM NO.:           1      SUBPROBLEM NO.:          48

 SIMULATION STEP PERFORMED
 SOURCE  1:
    SEED1:     841355721   SEED2:             0
 Elapsed simulation  time in seconds:     0.01
 ESTIMATION STEP OMITTED:                 YES
 Elapsed finaloutput time in seconds:     0.01
  
1
 PROBLEM NO.:           1      SUBPROBLEM NO.:          49

 SIMULATION STEP PERFORMED
 SOURCE  1:
    SEED1:     653531751   SEED2:             0
 Elapsed simulation  time in seconds:     0.00
 ESTIMATION STEP OMITTED:                 YES
 Elapsed finaloutput time in seconds:     0.01
  
1
 PROBLEM NO.:           1      SUBPROBLEM NO.:          50

 SIMULATION STEP PERFORMED
 SOURCE  1:
    SEED1:    1356479595   SEED2:             0
 Elapsed simulation  time in seconds:     0.00
 ESTIMATION STEP OMITTED:                 YES
 Elapsed finaloutput time in seconds:     0.01
  
1
 PROBLEM NO.:           1      SUBPROBLEM NO.:          51

 SIMULATION STEP PERFORMED
 SOURCE  1:
    SEED1:     770505585   SEED2:             0
 Elapsed simulation  time in seconds:     0.00
 ESTIMATION STEP OMITTED:                 YES
 Elapsed finaloutput time in seconds:     0.01
  
1
 PROBLEM NO.:           1      SUBPROBLEM NO.:          52

 SIMULATION STEP PERFORMED
 SOURCE  1:
    SEED1:     650441160   SEED2:             0
 Elapsed simulation  time in seconds:     0.00
 ESTIMATION STEP OMITTED:                 YES
 Elapsed finaloutput time in seconds:     0.01
  
1
 PROBLEM NO.:           1      SUBPROBLEM NO.:          53

 SIMULATION STEP PERFORMED
 SOURCE  1:
    SEED1:      79747614   SEED2:             0
 Elapsed simulation  time in seconds:     0.00
 ESTIMATION STEP OMITTED:                 YES
 Elapsed finaloutput time in seconds:     0.01
  
1
 PROBLEM NO.:           1      SUBPROBLEM NO.:          54

 SIMULATION STEP PERFORMED
 SOURCE  1:
    SEED1:    1170603615   SEED2:             0
 Elapsed simulation  time in seconds:     0.01
 ESTIMATION STEP OMITTED:                 YES
 Elapsed finaloutput time in seconds:     0.01
  
1
 PROBLEM NO.:           1      SUBPROBLEM NO.:          55

 SIMULATION STEP PERFORMED
 SOURCE  1:
    SEED1:    1551591661   SEED2:             0
 Elapsed simulation  time in seconds:     0.00
 ESTIMATION STEP OMITTED:                 YES
 Elapsed finaloutput time in seconds:     0.01
  
1
 PROBLEM NO.:           1      SUBPROBLEM NO.:          56

 SIMULATION STEP PERFORMED
 SOURCE  1:
    SEED1:     488764672   SEED2:             0
 Elapsed simulation  time in seconds:     0.00
 ESTIMATION STEP OMITTED:                 YES
 Elapsed finaloutput time in seconds:     0.01
  
1
 PROBLEM NO.:           1      SUBPROBLEM NO.:          57

 SIMULATION STEP PERFORMED
 SOURCE  1:
    SEED1:     816846979   SEED2:             0
 Elapsed simulation  time in seconds:     0.00
 ESTIMATION STEP OMITTED:                 YES
 Elapsed finaloutput time in seconds:     0.01
  
1
 PROBLEM NO.:           1      SUBPROBLEM NO.:          58

 SIMULATION STEP PERFORMED
 SOURCE  1:
    SEED1:    1175090900   SEED2:             0
 Elapsed simulation  time in seconds:     0.00
 ESTIMATION STEP OMITTED:                 YES
 Elapsed finaloutput time in seconds:     0.02
  
1
 PROBLEM NO.:           1      SUBPROBLEM NO.:          59

 SIMULATION STEP PERFORMED
 SOURCE  1:
    SEED1:     577506738   SEED2:             0
 Elapsed simulation  time in seconds:     0.01
 ESTIMATION STEP OMITTED:                 YES
 Elapsed finaloutput time in seconds:     0.01
  
1
 PROBLEM NO.:           1      SUBPROBLEM NO.:          60

 SIMULATION STEP PERFORMED
 SOURCE  1:
    SEED1:     939984358   SEED2:             0
 Elapsed simulation  time in seconds:     0.00
 ESTIMATION STEP OMITTED:                 YES
 Elapsed finaloutput time in seconds:     0.01
  
1
 PROBLEM NO.:           1      SUBPROBLEM NO.:          61

 SIMULATION STEP PERFORMED
 SOURCE  1:
    SEED1:     328347951   SEED2:             0
 Elapsed simulation  time in seconds:     0.00
 ESTIMATION STEP OMITTED:                 YES
 Elapsed finaloutput time in seconds:     0.01
  
1
 PROBLEM NO.:           1      SUBPROBLEM NO.:          62

 SIMULATION STEP PERFORMED
 SOURCE  1:
    SEED1:    1750203786   SEED2:             0
 Elapsed simulation  time in seconds:     0.00
 ESTIMATION STEP OMITTED:                 YES
 Elapsed finaloutput time in seconds:     0.01
  
1
 PROBLEM NO.:           1      SUBPROBLEM NO.:          63

 SIMULATION STEP PERFORMED
 SOURCE  1:
    SEED1:     974829138   SEED2:             0
 Elapsed simulation  time in seconds:     0.00
 ESTIMATION STEP OMITTED:                 YES
 Elapsed finaloutput time in seconds:     0.01
  
1
 PROBLEM NO.:           1      SUBPROBLEM NO.:          64

 SIMULATION STEP PERFORMED
 SOURCE  1:
    SEED1:     644960557   SEED2:             0
 Elapsed simulation  time in seconds:     0.01
 ESTIMATION STEP OMITTED:                 YES
 Elapsed finaloutput time in seconds:     0.01
  
1
 PROBLEM NO.:           1      SUBPROBLEM NO.:          65

 SIMULATION STEP PERFORMED
 SOURCE  1:
    SEED1:    1223818846   SEED2:             0
 Elapsed simulation  time in seconds:     0.00
 ESTIMATION STEP OMITTED:                 YES
 Elapsed finaloutput time in seconds:     0.01
  
1
 PROBLEM NO.:           1      SUBPROBLEM NO.:          66

 SIMULATION STEP PERFORMED
 SOURCE  1:
    SEED1:      48864317   SEED2:             0
 Elapsed simulation  time in seconds:     0.00
 ESTIMATION STEP OMITTED:                 YES
 Elapsed finaloutput time in seconds:     0.01
  
1
 PROBLEM NO.:           1      SUBPROBLEM NO.:          67

 SIMULATION STEP PERFORMED
 SOURCE  1:
    SEED1:     995302686   SEED2:             0
 Elapsed simulation  time in seconds:     0.00
 ESTIMATION STEP OMITTED:                 YES
 Elapsed finaloutput time in seconds:     0.01
  
1
 PROBLEM NO.:           1      SUBPROBLEM NO.:          68

 SIMULATION STEP PERFORMED
 SOURCE  1:
    SEED1:    1796242028   SEED2:             0
 Elapsed simulation  time in seconds:     0.00
 ESTIMATION STEP OMITTED:                 YES
 Elapsed finaloutput time in seconds:     0.01
  
1
 PROBLEM NO.:           1      SUBPROBLEM NO.:          69

 SIMULATION STEP PERFORMED
 SOURCE  1:
    SEED1:     825610403   SEED2:             0
 Elapsed simulation  time in seconds:     0.00
 ESTIMATION STEP OMITTED:                 YES
 Elapsed finaloutput time in seconds:     0.01
  
1
 PROBLEM NO.:           1      SUBPROBLEM NO.:          70

 SIMULATION STEP PERFORMED
 SOURCE  1:
    SEED1:     704793431   SEED2:             0
 Elapsed simulation  time in seconds:     0.01
 ESTIMATION STEP OMITTED:                 YES
 Elapsed finaloutput time in seconds:     0.01
  
1
 PROBLEM NO.:           1      SUBPROBLEM NO.:          71

 SIMULATION STEP PERFORMED
 SOURCE  1:
    SEED1:    2000821603   SEED2:             0
 Elapsed simulation  time in seconds:     0.00
 ESTIMATION STEP OMITTED:                 YES
 Elapsed finaloutput time in seconds:     0.01
  
1
 PROBLEM NO.:           1      SUBPROBLEM NO.:          72

 SIMULATION STEP PERFORMED
 SOURCE  1:
    SEED1:     136143491   SEED2:             0
 Elapsed simulation  time in seconds:     0.00
 ESTIMATION STEP OMITTED:                 YES
 Elapsed finaloutput time in seconds:     0.01
  
1
 PROBLEM NO.:           1      SUBPROBLEM NO.:          73

 SIMULATION STEP PERFORMED
 SOURCE  1:
    SEED1:     294932396   SEED2:             0
 Elapsed simulation  time in seconds:     0.00
 ESTIMATION STEP OMITTED:                 YES
 Elapsed finaloutput time in seconds:     0.01
  
1
 PROBLEM NO.:           1      SUBPROBLEM NO.:          74

 SIMULATION STEP PERFORMED
 SOURCE  1:
    SEED1:     473969416   SEED2:             0
 Elapsed simulation  time in seconds:     0.00
 ESTIMATION STEP OMITTED:                 YES
 Elapsed finaloutput time in seconds:     0.01
  
1
 PROBLEM NO.:           1      SUBPROBLEM NO.:          75

 SIMULATION STEP PERFORMED
 SOURCE  1:
    SEED1:    1188002583   SEED2:             0
 Elapsed simulation  time in seconds:     0.00
 ESTIMATION STEP OMITTED:                 YES
 Elapsed finaloutput time in seconds:     0.01
  
1
 PROBLEM NO.:           1      SUBPROBLEM NO.:          76

 SIMULATION STEP PERFORMED
 SOURCE  1:
    SEED1:    1264920938   SEED2:             0
 Elapsed simulation  time in seconds:     0.00
 ESTIMATION STEP OMITTED:                 YES
 Elapsed finaloutput time in seconds:     0.01
  
1
 PROBLEM NO.:           1      SUBPROBLEM NO.:          77

 SIMULATION STEP PERFORMED
 SOURCE  1:
    SEED1:    1938700034   SEED2:             0
 Elapsed simulation  time in seconds:     0.00
 ESTIMATION STEP OMITTED:                 YES
 Elapsed finaloutput time in seconds:     0.01
  
1
 PROBLEM NO.:           1      SUBPROBLEM NO.:          78

 SIMULATION STEP PERFORMED
 SOURCE  1:
    SEED1:     422959389   SEED2:             0
 Elapsed simulation  time in seconds:     0.00
 ESTIMATION STEP OMITTED:                 YES
 Elapsed finaloutput time in seconds:     0.01
  
1
 PROBLEM NO.:           1      SUBPROBLEM NO.:          79

 SIMULATION STEP PERFORMED
 SOURCE  1:
    SEED1:    1497078353   SEED2:             0
 Elapsed simulation  time in seconds:     0.00
 ESTIMATION STEP OMITTED:                 YES
 Elapsed finaloutput time in seconds:     0.01
  
1
 PROBLEM NO.:           1      SUBPROBLEM NO.:          80

 SIMULATION STEP PERFORMED
 SOURCE  1:
    SEED1:      29885978   SEED2:             0
 Elapsed simulation  time in seconds:     0.00
 ESTIMATION STEP OMITTED:                 YES
 Elapsed finaloutput time in seconds:     0.01
  
1
 PROBLEM NO.:           1      SUBPROBLEM NO.:          81

 SIMULATION STEP PERFORMED
 SOURCE  1:
    SEED1:    1022939125   SEED2:             0
 Elapsed simulation  time in seconds:     0.00
 ESTIMATION STEP OMITTED:                 YES
 Elapsed finaloutput time in seconds:     0.01
  
1
 PROBLEM NO.:           1      SUBPROBLEM NO.:          82

 SIMULATION STEP PERFORMED
 SOURCE  1:
    SEED1:    1761322177   SEED2:             0
 Elapsed simulation  time in seconds:     0.00
 ESTIMATION STEP OMITTED:                 YES
 Elapsed finaloutput time in seconds:     0.01
  
1
 PROBLEM NO.:           1      SUBPROBLEM NO.:          83

 SIMULATION STEP PERFORMED
 SOURCE  1:
    SEED1:    1855199667   SEED2:             0
 Elapsed simulation  time in seconds:     0.00
 ESTIMATION STEP OMITTED:                 YES
 Elapsed finaloutput time in seconds:     0.01
  
1
 PROBLEM NO.:           1      SUBPROBLEM NO.:          84

 SIMULATION STEP PERFORMED
 SOURCE  1:
    SEED1:    1880038762   SEED2:             0
 Elapsed simulation  time in seconds:     0.00
 ESTIMATION STEP OMITTED:                 YES
 Elapsed finaloutput time in seconds:     0.01
  
1
 PROBLEM NO.:           1      SUBPROBLEM NO.:          85

 SIMULATION STEP PERFORMED
 SOURCE  1:
    SEED1:    1631703340   SEED2:             0
 Elapsed simulation  time in seconds:     0.00
 ESTIMATION STEP OMITTED:                 YES
 Elapsed finaloutput time in seconds:     0.01
  
1
 PROBLEM NO.:           1      SUBPROBLEM NO.:          86

 SIMULATION STEP PERFORMED
 SOURCE  1:
    SEED1:     470503828   SEED2:             0
 Elapsed simulation  time in seconds:     0.00
 ESTIMATION STEP OMITTED:                 YES
 Elapsed finaloutput time in seconds:     0.01
  
1
 PROBLEM NO.:           1      SUBPROBLEM NO.:          87

 SIMULATION STEP PERFORMED
 SOURCE  1:
    SEED1:     199845576   SEED2:             0
 Elapsed simulation  time in seconds:     0.00
 ESTIMATION STEP OMITTED:                 YES
 Elapsed finaloutput time in seconds:     0.01
  
1
 PROBLEM NO.:           1      SUBPROBLEM NO.:          88

 SIMULATION STEP PERFORMED
 SOURCE  1:
    SEED1:     969035010   SEED2:             0
 Elapsed simulation  time in seconds:     0.00
 ESTIMATION STEP OMITTED:                 YES
 Elapsed finaloutput time in seconds:     0.01
  
1
 PROBLEM NO.:           1      SUBPROBLEM NO.:          89

 SIMULATION STEP PERFORMED
 SOURCE  1:
    SEED1:    1324632864   SEED2:             0
 Elapsed simulation  time in seconds:     0.00
 ESTIMATION STEP OMITTED:                 YES
 Elapsed finaloutput time in seconds:     0.01
  
1
 PROBLEM NO.:           1      SUBPROBLEM NO.:          90

 SIMULATION STEP PERFORMED
 SOURCE  1:
    SEED1:    1630366031   SEED2:             0
 Elapsed simulation  time in seconds:     0.00
 ESTIMATION STEP OMITTED:                 YES
 Elapsed finaloutput time in seconds:     0.01
  
1
 PROBLEM NO.:           1      SUBPROBLEM NO.:          91

 SIMULATION STEP PERFORMED
 SOURCE  1:
    SEED1:    1482367094   SEED2:             0
 Elapsed simulation  time in seconds:     0.00
 ESTIMATION STEP OMITTED:                 YES
 Elapsed finaloutput time in seconds:     0.01
  
1
 PROBLEM NO.:           1      SUBPROBLEM NO.:          92

 SIMULATION STEP PERFORMED
 SOURCE  1:
    SEED1:    1358698873   SEED2:             0
 Elapsed simulation  time in seconds:     0.00
 ESTIMATION STEP OMITTED:                 YES
 Elapsed finaloutput time in seconds:     0.01
  
1
 PROBLEM NO.:           1      SUBPROBLEM NO.:          93

 SIMULATION STEP PERFORMED
 SOURCE  1:
    SEED1:    1712991760   SEED2:             0
 Elapsed simulation  time in seconds:     0.00
 ESTIMATION STEP OMITTED:                 YES
 Elapsed finaloutput time in seconds:     0.01
  
1
 PROBLEM NO.:           1      SUBPROBLEM NO.:          94

 SIMULATION STEP PERFORMED
 SOURCE  1:
    SEED1:    2060318345   SEED2:             0
 Elapsed simulation  time in seconds:     0.00
 ESTIMATION STEP OMITTED:                 YES
 Elapsed finaloutput time in seconds:     0.01
  
1
 PROBLEM NO.:           1      SUBPROBLEM NO.:          95

 SIMULATION STEP PERFORMED
 SOURCE  1:
    SEED1:     165769065   SEED2:             0
 Elapsed simulation  time in seconds:     0.00
 ESTIMATION STEP OMITTED:                 YES
 Elapsed finaloutput time in seconds:     0.01
  
1
 PROBLEM NO.:           1      SUBPROBLEM NO.:          96

 SIMULATION STEP PERFORMED
 SOURCE  1:
    SEED1:    1665735841   SEED2:             0
 Elapsed simulation  time in seconds:     0.00
 ESTIMATION STEP OMITTED:                 YES
 Elapsed finaloutput time in seconds:     0.01
  
1
 PROBLEM NO.:           1      SUBPROBLEM NO.:          97

 SIMULATION STEP PERFORMED
 SOURCE  1:
    SEED1:    1763287760   SEED2:             0
 Elapsed simulation  time in seconds:     0.00
 ESTIMATION STEP OMITTED:                 YES
 Elapsed finaloutput time in seconds:     0.01
  
1
 PROBLEM NO.:           1      SUBPROBLEM NO.:          98

 SIMULATION STEP PERFORMED
 SOURCE  1:
    SEED1:     260554353   SEED2:             0
 Elapsed simulation  time in seconds:     0.00
 ESTIMATION STEP OMITTED:                 YES
 Elapsed finaloutput time in seconds:     0.01
  
1
 PROBLEM NO.:           1      SUBPROBLEM NO.:          99

 SIMULATION STEP PERFORMED
 SOURCE  1:
    SEED1:    1780568073   SEED2:             0
 Elapsed simulation  time in seconds:     0.00
 ESTIMATION STEP OMITTED:                 YES
 Elapsed finaloutput time in seconds:     0.01
  
1
 PROBLEM NO.:           1      SUBPROBLEM NO.:         100

 SIMULATION STEP PERFORMED
 SOURCE  1:
    SEED1:    1078126520   SEED2:             0
 Elapsed simulation  time in seconds:     0.00
 ESTIMATION STEP OMITTED:                 YES
 Elapsed finaloutput time in seconds:     0.01
  
1
 PROBLEM NO.:           1      SUBPROBLEM NO.:         101

 SIMULATION STEP PERFORMED
 SOURCE  1:
    SEED1:    1621542961   SEED2:             0
 Elapsed simulation  time in seconds:     0.00
 ESTIMATION STEP OMITTED:                 YES
 Elapsed finaloutput time in seconds:     0.01
  
1
 PROBLEM NO.:           1      SUBPROBLEM NO.:         102

 SIMULATION STEP PERFORMED
 SOURCE  1:
    SEED1:    1398037380   SEED2:             0
 Elapsed simulation  time in seconds:     0.00
 ESTIMATION STEP OMITTED:                 YES
 Elapsed finaloutput time in seconds:     0.01
  
1
 PROBLEM NO.:           1      SUBPROBLEM NO.:         103

 SIMULATION STEP PERFORMED
 SOURCE  1:
    SEED1:    1247771366   SEED2:             0
 Elapsed simulation  time in seconds:     0.00
 ESTIMATION STEP OMITTED:                 YES
 Elapsed finaloutput time in seconds:     0.01
  
1
 PROBLEM NO.:           1      SUBPROBLEM NO.:         104

 SIMULATION STEP PERFORMED
 SOURCE  1:
    SEED1:    1829008625   SEED2:             0
 Elapsed simulation  time in seconds:     0.01
 ESTIMATION STEP OMITTED:                 YES
 Elapsed finaloutput time in seconds:     0.01
  
1
 PROBLEM NO.:           1      SUBPROBLEM NO.:         105

 SIMULATION STEP PERFORMED
 SOURCE  1:
    SEED1:    1447966872   SEED2:             0
 Elapsed simulation  time in seconds:     0.00
 ESTIMATION STEP OMITTED:                 YES
 Elapsed finaloutput time in seconds:     0.01
  
1
 PROBLEM NO.:           1      SUBPROBLEM NO.:         106

 SIMULATION STEP PERFORMED
 SOURCE  1:
    SEED1:    2106405423   SEED2:             0
 Elapsed simulation  time in seconds:     0.00
 ESTIMATION STEP OMITTED:                 YES
 Elapsed finaloutput time in seconds:     0.01
  
1
 PROBLEM NO.:           1      SUBPROBLEM NO.:         107

 SIMULATION STEP PERFORMED
 SOURCE  1:
    SEED1:     846610977   SEED2:             0
 Elapsed simulation  time in seconds:     0.00
 ESTIMATION STEP OMITTED:                 YES
 Elapsed finaloutput time in seconds:     0.01
  
1
 PROBLEM NO.:           1      SUBPROBLEM NO.:         108

 SIMULATION STEP PERFORMED
 SOURCE  1:
    SEED1:    1376582051   SEED2:             0
 Elapsed simulation  time in seconds:     0.00
 ESTIMATION STEP OMITTED:                 YES
 Elapsed finaloutput time in seconds:     0.01
  
1
 PROBLEM NO.:           1      SUBPROBLEM NO.:         109

 SIMULATION STEP PERFORMED
 SOURCE  1:
    SEED1:       9072052   SEED2:             0
 Elapsed simulation  time in seconds:     0.01
 ESTIMATION STEP OMITTED:                 YES
 Elapsed finaloutput time in seconds:     0.01
  
1
 PROBLEM NO.:           1      SUBPROBLEM NO.:         110

 SIMULATION STEP PERFORMED
 SOURCE  1:
    SEED1:     767688807   SEED2:             0
 Elapsed simulation  time in seconds:     0.00
 ESTIMATION STEP OMITTED:                 YES
 Elapsed finaloutput time in seconds:     0.01
  
1
 PROBLEM NO.:           1      SUBPROBLEM NO.:         111

 SIMULATION STEP PERFORMED
 SOURCE  1:
    SEED1:    1635837894   SEED2:             0
 Elapsed simulation  time in seconds:     0.01
 ESTIMATION STEP OMITTED:                 YES
 Elapsed finaloutput time in seconds:     0.01
  
1
 PROBLEM NO.:           1      SUBPROBLEM NO.:         112

 SIMULATION STEP PERFORMED
 SOURCE  1:
    SEED1:    1657574142   SEED2:             0
 Elapsed simulation  time in seconds:     0.00
 ESTIMATION STEP OMITTED:                 YES
 Elapsed finaloutput time in seconds:     0.01
  
1
 PROBLEM NO.:           1      SUBPROBLEM NO.:         113

 SIMULATION STEP PERFORMED
 SOURCE  1:
    SEED1:    1751550214   SEED2:             0
 Elapsed simulation  time in seconds:     0.00
 ESTIMATION STEP OMITTED:                 YES
 Elapsed finaloutput time in seconds:     0.01
  
1
 PROBLEM NO.:           1      SUBPROBLEM NO.:         114

 SIMULATION STEP PERFORMED
 SOURCE  1:
    SEED1:    1996898868   SEED2:             0
 Elapsed simulation  time in seconds:     0.00
 ESTIMATION STEP OMITTED:                 YES
 Elapsed finaloutput time in seconds:     0.01
  
1
 PROBLEM NO.:           1      SUBPROBLEM NO.:         115

 SIMULATION STEP PERFORMED
 SOURCE  1:
    SEED1:     524497796   SEED2:             0
 Elapsed simulation  time in seconds:     0.00
 ESTIMATION STEP OMITTED:                 YES
 Elapsed finaloutput time in seconds:     0.01
  
1
 PROBLEM NO.:           1      SUBPROBLEM NO.:         116

 SIMULATION STEP PERFORMED
 SOURCE  1:
    SEED1:      46835263   SEED2:             0
 Elapsed simulation  time in seconds:     0.00
 ESTIMATION STEP OMITTED:                 YES
 Elapsed finaloutput time in seconds:     0.01
  
1
 PROBLEM NO.:           1      SUBPROBLEM NO.:         117

 SIMULATION STEP PERFORMED
 SOURCE  1:
    SEED1:     853427969   SEED2:             0
 Elapsed simulation  time in seconds:     0.00
 ESTIMATION STEP OMITTED:                 YES
 Elapsed finaloutput time in seconds:     0.01
  
1
 PROBLEM NO.:           1      SUBPROBLEM NO.:         118

 SIMULATION STEP PERFORMED
 SOURCE  1:
    SEED1:    1620028053   SEED2:             0
 Elapsed simulation  time in seconds:     0.00
 ESTIMATION STEP OMITTED:                 YES
 Elapsed finaloutput time in seconds:     0.01
  
1
 PROBLEM NO.:           1      SUBPROBLEM NO.:         119

 SIMULATION STEP PERFORMED
 SOURCE  1:
    SEED1:       8258460   SEED2:             0
 Elapsed simulation  time in seconds:     0.00
 ESTIMATION STEP OMITTED:                 YES
 Elapsed finaloutput time in seconds:     0.01
  
1
 PROBLEM NO.:           1      SUBPROBLEM NO.:         120

 SIMULATION STEP PERFORMED
 SOURCE  1:
    SEED1:    2133705628   SEED2:             0
 Elapsed simulation  time in seconds:     0.00
 ESTIMATION STEP OMITTED:                 YES
 Elapsed finaloutput time in seconds:     0.01
  
1
 PROBLEM NO.:           1      SUBPROBLEM NO.:         121

 SIMULATION STEP PERFORMED
 SOURCE  1:
    SEED1:    1264020758   SEED2:             0
 Elapsed simulation  time in seconds:     0.00
 ESTIMATION STEP OMITTED:                 YES
 Elapsed finaloutput time in seconds:     0.01
  
1
 PROBLEM NO.:           1      SUBPROBLEM NO.:         122

 SIMULATION STEP PERFORMED
 SOURCE  1:
    SEED1:     841301700   SEED2:             0
 Elapsed simulation  time in seconds:     0.00
 ESTIMATION STEP OMITTED:                 YES
 Elapsed finaloutput time in seconds:     0.01
  
1
 PROBLEM NO.:           1      SUBPROBLEM NO.:         123

 SIMULATION STEP PERFORMED
 SOURCE  1:
    SEED1:     321111476   SEED2:             0
 Elapsed simulation  time in seconds:     0.00
 ESTIMATION STEP OMITTED:                 YES
 Elapsed finaloutput time in seconds:     0.01
  
1
 PROBLEM NO.:           1      SUBPROBLEM NO.:         124

 SIMULATION STEP PERFORMED
 SOURCE  1:
    SEED1:      77686854   SEED2:             0
 Elapsed simulation  time in seconds:     0.00
 ESTIMATION STEP OMITTED:                 YES
 Elapsed finaloutput time in seconds:     0.01
  
1
 PROBLEM NO.:           1      SUBPROBLEM NO.:         125

 SIMULATION STEP PERFORMED
 SOURCE  1:
    SEED1:    1087247408   SEED2:             0
 Elapsed simulation  time in seconds:     0.01
 ESTIMATION STEP OMITTED:                 YES
 Elapsed finaloutput time in seconds:     0.01
  
1
 PROBLEM NO.:           1      SUBPROBLEM NO.:         126

 SIMULATION STEP PERFORMED
 SOURCE  1:
    SEED1:    1071808768   SEED2:             0
 Elapsed simulation  time in seconds:     0.00
 ESTIMATION STEP OMITTED:                 YES
 Elapsed finaloutput time in seconds:     0.01
  
1
 PROBLEM NO.:           1      SUBPROBLEM NO.:         127

 SIMULATION STEP PERFORMED
 SOURCE  1:
    SEED1:     537404963   SEED2:             0
 Elapsed simulation  time in seconds:     0.01
 ESTIMATION STEP OMITTED:                 YES
 Elapsed finaloutput time in seconds:     0.01
  
1
 PROBLEM NO.:           1      SUBPROBLEM NO.:         128

 SIMULATION STEP PERFORMED
 SOURCE  1:
    SEED1:     374127043   SEED2:             0
 Elapsed simulation  time in seconds:     0.00
 ESTIMATION STEP OMITTED:                 YES
 Elapsed finaloutput time in seconds:     0.01
  
1
 PROBLEM NO.:           1      SUBPROBLEM NO.:         129

 SIMULATION STEP PERFORMED
 SOURCE  1:
    SEED1:    1852930472   SEED2:             0
 Elapsed simulation  time in seconds:     0.00
 ESTIMATION STEP OMITTED:                 YES
 Elapsed finaloutput time in seconds:     0.01
  
1
 PROBLEM NO.:           1      SUBPROBLEM NO.:         130

 SIMULATION STEP PERFORMED
 SOURCE  1:
    SEED1:    1853022204   SEED2:             0
 Elapsed simulation  time in seconds:     0.01
 ESTIMATION STEP OMITTED:                 YES
 Elapsed finaloutput time in seconds:     0.01
  
1
 PROBLEM NO.:           1      SUBPROBLEM NO.:         131

 SIMULATION STEP PERFORMED
 SOURCE  1:
    SEED1:     237656159   SEED2:             0
 Elapsed simulation  time in seconds:     0.00
 ESTIMATION STEP OMITTED:                 YES
 Elapsed finaloutput time in seconds:     0.01
  
1
 PROBLEM NO.:           1      SUBPROBLEM NO.:         132

 SIMULATION STEP PERFORMED
 SOURCE  1:
    SEED1:     661061313   SEED2:             0
 Elapsed simulation  time in seconds:     0.00
 ESTIMATION STEP OMITTED:                 YES
 Elapsed finaloutput time in seconds:     0.01
  
1
 PROBLEM NO.:           1      SUBPROBLEM NO.:         133

 SIMULATION STEP PERFORMED
 SOURCE  1:
    SEED1:     121260354   SEED2:             0
 Elapsed simulation  time in seconds:     0.00
 ESTIMATION STEP OMITTED:                 YES
 Elapsed finaloutput time in seconds:     0.01
  
1
 PROBLEM NO.:           1      SUBPROBLEM NO.:         134

 SIMULATION STEP PERFORMED
 SOURCE  1:
    SEED1:     967948104   SEED2:             0
 Elapsed simulation  time in seconds:     0.00
 ESTIMATION STEP OMITTED:                 YES
 Elapsed finaloutput time in seconds:     0.01
  
1
 PROBLEM NO.:           1      SUBPROBLEM NO.:         135

 SIMULATION STEP PERFORMED
 SOURCE  1:
    SEED1:     854441654   SEED2:             0
 Elapsed simulation  time in seconds:     0.00
 ESTIMATION STEP OMITTED:                 YES
 Elapsed finaloutput time in seconds:     0.01
  
1
 PROBLEM NO.:           1      SUBPROBLEM NO.:         136

 SIMULATION STEP PERFORMED
 SOURCE  1:
    SEED1:    1972858662   SEED2:             0
 Elapsed simulation  time in seconds:     0.00
 ESTIMATION STEP OMITTED:                 YES
 Elapsed finaloutput time in seconds:     0.01
  
1
 PROBLEM NO.:           1      SUBPROBLEM NO.:         137

 SIMULATION STEP PERFORMED
 SOURCE  1:
    SEED1:     731817321   SEED2:             0
 Elapsed simulation  time in seconds:     0.00
 ESTIMATION STEP OMITTED:                 YES
 Elapsed finaloutput time in seconds:     0.01
  
1
 PROBLEM NO.:           1      SUBPROBLEM NO.:         138

 SIMULATION STEP PERFORMED
 SOURCE  1:
    SEED1:    1919562855   SEED2:             0
 Elapsed simulation  time in seconds:     0.00
 ESTIMATION STEP OMITTED:                 YES
 Elapsed finaloutput time in seconds:     0.01
  
1
 PROBLEM NO.:           1      SUBPROBLEM NO.:         139

 SIMULATION STEP PERFORMED
 SOURCE  1:
    SEED1:     431249035   SEED2:             0
 Elapsed simulation  time in seconds:     0.00
 ESTIMATION STEP OMITTED:                 YES
 Elapsed finaloutput time in seconds:     0.02
  
1
 PROBLEM NO.:           1      SUBPROBLEM NO.:         140

 SIMULATION STEP PERFORMED
 SOURCE  1:
    SEED1:    1940633723   SEED2:             0
 Elapsed simulation  time in seconds:     0.00
 ESTIMATION STEP OMITTED:                 YES
 Elapsed finaloutput time in seconds:     0.01
  
1
 PROBLEM NO.:           1      SUBPROBLEM NO.:         141

 SIMULATION STEP PERFORMED
 SOURCE  1:
    SEED1:    1898099838   SEED2:             0
 Elapsed simulation  time in seconds:     0.00
 ESTIMATION STEP OMITTED:                 YES
 Elapsed finaloutput time in seconds:     0.01
  
1
 PROBLEM NO.:           1      SUBPROBLEM NO.:         142

 SIMULATION STEP PERFORMED
 SOURCE  1:
    SEED1:     475885332   SEED2:             0
 Elapsed simulation  time in seconds:     0.00
 ESTIMATION STEP OMITTED:                 YES
 Elapsed finaloutput time in seconds:     0.01
  
1
 PROBLEM NO.:           1      SUBPROBLEM NO.:         143

 SIMULATION STEP PERFORMED
 SOURCE  1:
    SEED1:     136927878   SEED2:             0
 Elapsed simulation  time in seconds:     0.00
 ESTIMATION STEP OMITTED:                 YES
 Elapsed finaloutput time in seconds:     0.01
  
1
 PROBLEM NO.:           1      SUBPROBLEM NO.:         144

 SIMULATION STEP PERFORMED
 SOURCE  1:
    SEED1:     541176246   SEED2:             0
 Elapsed simulation  time in seconds:     0.00
 ESTIMATION STEP OMITTED:                 YES
 Elapsed finaloutput time in seconds:     0.01
  
1
 PROBLEM NO.:           1      SUBPROBLEM NO.:         145

 SIMULATION STEP PERFORMED
 SOURCE  1:
    SEED1:    1706349520   SEED2:             0
 Elapsed simulation  time in seconds:     0.00
 ESTIMATION STEP OMITTED:                 YES
 Elapsed finaloutput time in seconds:     0.02
  
1
 PROBLEM NO.:           1      SUBPROBLEM NO.:         146

 SIMULATION STEP PERFORMED
 SOURCE  1:
    SEED1:    1513033285   SEED2:             0
 Elapsed simulation  time in seconds:     0.00
 ESTIMATION STEP OMITTED:                 YES
 Elapsed finaloutput time in seconds:     0.01
  
1
 PROBLEM NO.:           1      SUBPROBLEM NO.:         147

 SIMULATION STEP PERFORMED
 SOURCE  1:
    SEED1:    1655922370   SEED2:             0
 Elapsed simulation  time in seconds:     0.00
 ESTIMATION STEP OMITTED:                 YES
 Elapsed finaloutput time in seconds:     0.01
  
1
 PROBLEM NO.:           1      SUBPROBLEM NO.:         148

 SIMULATION STEP PERFORMED
 SOURCE  1:
    SEED1:    2131011538   SEED2:             0
 Elapsed simulation  time in seconds:     0.01
 ESTIMATION STEP OMITTED:                 YES
 Elapsed finaloutput time in seconds:     0.01
  
1
 PROBLEM NO.:           1      SUBPROBLEM NO.:         149

 SIMULATION STEP PERFORMED
 SOURCE  1:
    SEED1:    1691229961   SEED2:             0
 Elapsed simulation  time in seconds:     0.00
 ESTIMATION STEP OMITTED:                 YES
 Elapsed finaloutput time in seconds:     0.01
  
1
 PROBLEM NO.:           1      SUBPROBLEM NO.:         150

 SIMULATION STEP PERFORMED
 SOURCE  1:
    SEED1:     771447027   SEED2:             0
 Elapsed simulation  time in seconds:     0.01
 ESTIMATION STEP OMITTED:                 YES
 Elapsed finaloutput time in seconds:     0.02
  
1
 PROBLEM NO.:           1      SUBPROBLEM NO.:         151

 SIMULATION STEP PERFORMED
 SOURCE  1:
    SEED1:    1509806419   SEED2:             0
 Elapsed simulation  time in seconds:     0.00
 ESTIMATION STEP OMITTED:                 YES
 Elapsed finaloutput time in seconds:     0.01
  
1
 PROBLEM NO.:           1      SUBPROBLEM NO.:         152

 SIMULATION STEP PERFORMED
 SOURCE  1:
    SEED1:     378883373   SEED2:             0
 Elapsed simulation  time in seconds:     0.00
 ESTIMATION STEP OMITTED:                 YES
 Elapsed finaloutput time in seconds:     0.01
  
1
 PROBLEM NO.:           1      SUBPROBLEM NO.:         153

 SIMULATION STEP PERFORMED
 SOURCE  1:
    SEED1:    1197220958   SEED2:             0
 Elapsed simulation  time in seconds:     0.01
 ESTIMATION STEP OMITTED:                 YES
 Elapsed finaloutput time in seconds:     0.01
  
1
 PROBLEM NO.:           1      SUBPROBLEM NO.:         154

 SIMULATION STEP PERFORMED
 SOURCE  1:
    SEED1:    1877419192   SEED2:             0
 Elapsed simulation  time in seconds:     0.00
 ESTIMATION STEP OMITTED:                 YES
 Elapsed finaloutput time in seconds:     0.01
  
1
 PROBLEM NO.:           1      SUBPROBLEM NO.:         155

 SIMULATION STEP PERFORMED
 SOURCE  1:
    SEED1:     982620273   SEED2:             0
 Elapsed simulation  time in seconds:     0.01
 ESTIMATION STEP OMITTED:                 YES
 Elapsed finaloutput time in seconds:     0.01
  
1
 PROBLEM NO.:           1      SUBPROBLEM NO.:         156

 SIMULATION STEP PERFORMED
 SOURCE  1:
    SEED1:    1755283482   SEED2:             0
 Elapsed simulation  time in seconds:     0.00
 ESTIMATION STEP OMITTED:                 YES
 Elapsed finaloutput time in seconds:     0.01
  
1
 PROBLEM NO.:           1      SUBPROBLEM NO.:         157

 SIMULATION STEP PERFORMED
 SOURCE  1:
    SEED1:      94139769   SEED2:             0
 Elapsed simulation  time in seconds:     0.00
 ESTIMATION STEP OMITTED:                 YES
 Elapsed finaloutput time in seconds:     0.01
  
1
 PROBLEM NO.:           1      SUBPROBLEM NO.:         158

 SIMULATION STEP PERFORMED
 SOURCE  1:
    SEED1:    1182699509   SEED2:             0
 Elapsed simulation  time in seconds:     0.00
 ESTIMATION STEP OMITTED:                 YES
 Elapsed finaloutput time in seconds:     0.01
  
1
 PROBLEM NO.:           1      SUBPROBLEM NO.:         159

 SIMULATION STEP PERFORMED
 SOURCE  1:
    SEED1:     791597476   SEED2:             0
 Elapsed simulation  time in seconds:     0.00
 ESTIMATION STEP OMITTED:                 YES
 Elapsed finaloutput time in seconds:     0.01
  
1
 PROBLEM NO.:           1      SUBPROBLEM NO.:         160

 SIMULATION STEP PERFORMED
 SOURCE  1:
    SEED1:    1956303660   SEED2:             0
 Elapsed simulation  time in seconds:     0.01
 ESTIMATION STEP OMITTED:                 YES
 Elapsed finaloutput time in seconds:     0.01
  
1
 PROBLEM NO.:           1      SUBPROBLEM NO.:         161

 SIMULATION STEP PERFORMED
 SOURCE  1:
    SEED1:     733617038   SEED2:             0
 Elapsed simulation  time in seconds:     0.00
 ESTIMATION STEP OMITTED:                 YES
 Elapsed finaloutput time in seconds:     0.01
  
1
 PROBLEM NO.:           1      SUBPROBLEM NO.:         162

 SIMULATION STEP PERFORMED
 SOURCE  1:
    SEED1:     329239879   SEED2:             0
 Elapsed simulation  time in seconds:     0.01
 ESTIMATION STEP OMITTED:                 YES
 Elapsed finaloutput time in seconds:     0.01
  
1
 PROBLEM NO.:           1      SUBPROBLEM NO.:         163

 SIMULATION STEP PERFORMED
 SOURCE  1:
    SEED1:     279837608   SEED2:             0
 Elapsed simulation  time in seconds:     0.00
 ESTIMATION STEP OMITTED:                 YES
 Elapsed finaloutput time in seconds:     0.01
  
1
 PROBLEM NO.:           1      SUBPROBLEM NO.:         164

 SIMULATION STEP PERFORMED
 SOURCE  1:
    SEED1:     627314429   SEED2:             0
 Elapsed simulation  time in seconds:     0.00
 ESTIMATION STEP OMITTED:                 YES
 Elapsed finaloutput time in seconds:     0.01
  
1
 PROBLEM NO.:           1      SUBPROBLEM NO.:         165

 SIMULATION STEP PERFORMED
 SOURCE  1:
    SEED1:    2050920547   SEED2:             0
 Elapsed simulation  time in seconds:     0.00
 ESTIMATION STEP OMITTED:                 YES
 Elapsed finaloutput time in seconds:     0.01
  
1
 PROBLEM NO.:           1      SUBPROBLEM NO.:         166

 SIMULATION STEP PERFORMED
 SOURCE  1:
    SEED1:     414759601   SEED2:             0
 Elapsed simulation  time in seconds:     0.00
 ESTIMATION STEP OMITTED:                 YES
 Elapsed finaloutput time in seconds:     0.01
  
1
 PROBLEM NO.:           1      SUBPROBLEM NO.:         167

 SIMULATION STEP PERFORMED
 SOURCE  1:
    SEED1:    1057680798   SEED2:             0
 Elapsed simulation  time in seconds:     0.00
 ESTIMATION STEP OMITTED:                 YES
 Elapsed finaloutput time in seconds:     0.01
  
1
 PROBLEM NO.:           1      SUBPROBLEM NO.:         168

 SIMULATION STEP PERFORMED
 SOURCE  1:
    SEED1:    1287352869   SEED2:             0
 Elapsed simulation  time in seconds:     0.00
 ESTIMATION STEP OMITTED:                 YES
 Elapsed finaloutput time in seconds:     0.01
  
1
 PROBLEM NO.:           1      SUBPROBLEM NO.:         169

 SIMULATION STEP PERFORMED
 SOURCE  1:
    SEED1:    1039112657   SEED2:             0
 Elapsed simulation  time in seconds:     0.00
 ESTIMATION STEP OMITTED:                 YES
 Elapsed finaloutput time in seconds:     0.01
  
1
 PROBLEM NO.:           1      SUBPROBLEM NO.:         170

 SIMULATION STEP PERFORMED
 SOURCE  1:
    SEED1:    1609903212   SEED2:             0
 Elapsed simulation  time in seconds:     0.00
 ESTIMATION STEP OMITTED:                 YES
 Elapsed finaloutput time in seconds:     0.01
  
1
 PROBLEM NO.:           1      SUBPROBLEM NO.:         171

 SIMULATION STEP PERFORMED
 SOURCE  1:
    SEED1:     313586391   SEED2:             0
 Elapsed simulation  time in seconds:     0.00
 ESTIMATION STEP OMITTED:                 YES
 Elapsed finaloutput time in seconds:     0.01
  
1
 PROBLEM NO.:           1      SUBPROBLEM NO.:         172

 SIMULATION STEP PERFORMED
 SOURCE  1:
    SEED1:      47417581   SEED2:             0
 Elapsed simulation  time in seconds:     0.00
 ESTIMATION STEP OMITTED:                 YES
 Elapsed finaloutput time in seconds:     0.01
  
1
 PROBLEM NO.:           1      SUBPROBLEM NO.:         173

 SIMULATION STEP PERFORMED
 SOURCE  1:
    SEED1:      52571417   SEED2:             0
 Elapsed simulation  time in seconds:     0.00
 ESTIMATION STEP OMITTED:                 YES
 Elapsed finaloutput time in seconds:     0.01
  
1
 PROBLEM NO.:           1      SUBPROBLEM NO.:         174

 SIMULATION STEP PERFORMED
 SOURCE  1:
    SEED1:     207064496   SEED2:             0
 Elapsed simulation  time in seconds:     0.00
 ESTIMATION STEP OMITTED:                 YES
 Elapsed finaloutput time in seconds:     0.01
  
1
 PROBLEM NO.:           1      SUBPROBLEM NO.:         175

 SIMULATION STEP PERFORMED
 SOURCE  1:
    SEED1:     667214181   SEED2:             0
 Elapsed simulation  time in seconds:     0.00
 ESTIMATION STEP OMITTED:                 YES
 Elapsed finaloutput time in seconds:     0.01
  
1
 PROBLEM NO.:           1      SUBPROBLEM NO.:         176

 SIMULATION STEP PERFORMED
 SOURCE  1:
    SEED1:    1449708435   SEED2:             0
 Elapsed simulation  time in seconds:     0.01
 ESTIMATION STEP OMITTED:                 YES
 Elapsed finaloutput time in seconds:     0.01
  
1
 PROBLEM NO.:           1      SUBPROBLEM NO.:         177

 SIMULATION STEP PERFORMED
 SOURCE  1:
    SEED1:     645359875   SEED2:             0
 Elapsed simulation  time in seconds:     0.00
 ESTIMATION STEP OMITTED:                 YES
 Elapsed finaloutput time in seconds:     0.01
  
1
 PROBLEM NO.:           1      SUBPROBLEM NO.:         178

 SIMULATION STEP PERFORMED
 SOURCE  1:
    SEED1:    2070096628   SEED2:             0
 Elapsed simulation  time in seconds:     0.00
 ESTIMATION STEP OMITTED:                 YES
 Elapsed finaloutput time in seconds:     0.01
  
1
 PROBLEM NO.:           1      SUBPROBLEM NO.:         179

 SIMULATION STEP PERFORMED
 SOURCE  1:
    SEED1:    1188082485   SEED2:             0
 Elapsed simulation  time in seconds:     0.00
 ESTIMATION STEP OMITTED:                 YES
 Elapsed finaloutput time in seconds:     0.01
  
1
 PROBLEM NO.:           1      SUBPROBLEM NO.:         180

 SIMULATION STEP PERFORMED
 SOURCE  1:
    SEED1:    1184638272   SEED2:             0
 Elapsed simulation  time in seconds:     0.00
 ESTIMATION STEP OMITTED:                 YES
 Elapsed finaloutput time in seconds:     0.01
  
1
 PROBLEM NO.:           1      SUBPROBLEM NO.:         181

 SIMULATION STEP PERFORMED
 SOURCE  1:
    SEED1:     611370786   SEED2:             0
 Elapsed simulation  time in seconds:     0.00
 ESTIMATION STEP OMITTED:                 YES
 Elapsed finaloutput time in seconds:     0.01
  
1
 PROBLEM NO.:           1      SUBPROBLEM NO.:         182

 SIMULATION STEP PERFORMED
 SOURCE  1:
    SEED1:     347425258   SEED2:             0
 Elapsed simulation  time in seconds:     0.00
 ESTIMATION STEP OMITTED:                 YES
 Elapsed finaloutput time in seconds:     0.01
  
1
 PROBLEM NO.:           1      SUBPROBLEM NO.:         183

 SIMULATION STEP PERFORMED
 SOURCE  1:
    SEED1:    1403224576   SEED2:             0
 Elapsed simulation  time in seconds:     0.00
 ESTIMATION STEP OMITTED:                 YES
 Elapsed finaloutput time in seconds:     0.01
  
1
 PROBLEM NO.:           1      SUBPROBLEM NO.:         184

 SIMULATION STEP PERFORMED
 SOURCE  1:
    SEED1:    1511782082   SEED2:             0
 Elapsed simulation  time in seconds:     0.00
 ESTIMATION STEP OMITTED:                 YES
 Elapsed finaloutput time in seconds:     0.01
  
1
 PROBLEM NO.:           1      SUBPROBLEM NO.:         185

 SIMULATION STEP PERFORMED
 SOURCE  1:
    SEED1:    1999931383   SEED2:             0
 Elapsed simulation  time in seconds:     0.00
 ESTIMATION STEP OMITTED:                 YES
 Elapsed finaloutput time in seconds:     0.01
  
1
 PROBLEM NO.:           1      SUBPROBLEM NO.:         186

 SIMULATION STEP PERFORMED
 SOURCE  1:
    SEED1:     886761779   SEED2:             0
 Elapsed simulation  time in seconds:     0.00
 ESTIMATION STEP OMITTED:                 YES
 Elapsed finaloutput time in seconds:     0.01
  
1
 PROBLEM NO.:           1      SUBPROBLEM NO.:         187

 SIMULATION STEP PERFORMED
 SOURCE  1:
    SEED1:     547043954   SEED2:             0
 Elapsed simulation  time in seconds:     0.00
 ESTIMATION STEP OMITTED:                 YES
 Elapsed finaloutput time in seconds:     0.01
  
1
 PROBLEM NO.:           1      SUBPROBLEM NO.:         188

 SIMULATION STEP PERFORMED
 SOURCE  1:
    SEED1:    2121819326   SEED2:             0
 Elapsed simulation  time in seconds:     0.00
 ESTIMATION STEP OMITTED:                 YES
 Elapsed finaloutput time in seconds:     0.01
  
1
 PROBLEM NO.:           1      SUBPROBLEM NO.:         189

 SIMULATION STEP PERFORMED
 SOURCE  1:
    SEED1:    1517837004   SEED2:             0
 Elapsed simulation  time in seconds:     0.00
 ESTIMATION STEP OMITTED:                 YES
 Elapsed finaloutput time in seconds:     0.01
  
1
 PROBLEM NO.:           1      SUBPROBLEM NO.:         190

 SIMULATION STEP PERFORMED
 SOURCE  1:
    SEED1:      48634920   SEED2:             0
 Elapsed simulation  time in seconds:     0.00
 ESTIMATION STEP OMITTED:                 YES
 Elapsed finaloutput time in seconds:     0.01
  
1
 PROBLEM NO.:           1      SUBPROBLEM NO.:         191

 SIMULATION STEP PERFORMED
 SOURCE  1:
    SEED1:     726750289   SEED2:             0
 Elapsed simulation  time in seconds:     0.00
 ESTIMATION STEP OMITTED:                 YES
 Elapsed finaloutput time in seconds:     0.01
  
1
 PROBLEM NO.:           1      SUBPROBLEM NO.:         192

 SIMULATION STEP PERFORMED
 SOURCE  1:
    SEED1:     677348783   SEED2:             0
 Elapsed simulation  time in seconds:     0.00
 ESTIMATION STEP OMITTED:                 YES
 Elapsed finaloutput time in seconds:     0.01
  
1
 PROBLEM NO.:           1      SUBPROBLEM NO.:         193

 SIMULATION STEP PERFORMED
 SOURCE  1:
    SEED1:    1690700903   SEED2:             0
 Elapsed simulation  time in seconds:     0.00
 ESTIMATION STEP OMITTED:                 YES
 Elapsed finaloutput time in seconds:     0.01
  
1
 PROBLEM NO.:           1      SUBPROBLEM NO.:         194

 SIMULATION STEP PERFORMED
 SOURCE  1:
    SEED1:     854941049   SEED2:             0
 Elapsed simulation  time in seconds:     0.00
 ESTIMATION STEP OMITTED:                 YES
 Elapsed finaloutput time in seconds:     0.01
  
1
 PROBLEM NO.:           1      SUBPROBLEM NO.:         195

 SIMULATION STEP PERFORMED
 SOURCE  1:
    SEED1:     214394514   SEED2:             0
 Elapsed simulation  time in seconds:     0.00
 ESTIMATION STEP OMITTED:                 YES
 Elapsed finaloutput time in seconds:     0.01
  
1
 PROBLEM NO.:           1      SUBPROBLEM NO.:         196

 SIMULATION STEP PERFORMED
 SOURCE  1:
    SEED1:    1930158957   SEED2:             0
 Elapsed simulation  time in seconds:     0.00
 ESTIMATION STEP OMITTED:                 YES
 Elapsed finaloutput time in seconds:     0.01
  
1
 PROBLEM NO.:           1      SUBPROBLEM NO.:         197

 SIMULATION STEP PERFORMED
 SOURCE  1:
    SEED1:    1341439775   SEED2:             0
 Elapsed simulation  time in seconds:     0.00
 ESTIMATION STEP OMITTED:                 YES
 Elapsed finaloutput time in seconds:     0.01
  
1
 PROBLEM NO.:           1      SUBPROBLEM NO.:         198

 SIMULATION STEP PERFORMED
 SOURCE  1:
    SEED1:    1634223825   SEED2:             0
 Elapsed simulation  time in seconds:     0.00
 ESTIMATION STEP OMITTED:                 YES
 Elapsed finaloutput time in seconds:     0.01
  
1
 PROBLEM NO.:           1      SUBPROBLEM NO.:         199

 SIMULATION STEP PERFORMED
 SOURCE  1:
    SEED1:     857064158   SEED2:             0
 Elapsed simulation  time in seconds:     0.00
 ESTIMATION STEP OMITTED:                 YES
 Elapsed finaloutput time in seconds:     0.01
  
1
 PROBLEM NO.:           1      SUBPROBLEM NO.:         200

 SIMULATION STEP PERFORMED
 SOURCE  1:
    SEED1:     198660188   SEED2:             0
 Elapsed simulation  time in seconds:     0.01
 ESTIMATION STEP OMITTED:                 YES
 Elapsed finaloutput time in seconds:     0.01
 #CPUT: Total CPU Time in Seconds,        5.179
Stop Time: 
2018-10-19 
¿ÀÈÄ 05:56
