NONLINEAR MIXED EFFECTS MODEL PROGRAM (NONMEM) VERSION 7.4.1
ORIGINALLY DEVELOPED BY STUART BEAL, LEWIS SHEINER, AND ALISON BOECKMANN
CURRENT DEVELOPERS ARE ROBERT BAUER, ICON DEVELOPMENT SOLUTIONS,
AND ALISON BOECKMANN. IMPLEMENTATION, EFFICIENCY, AND STANDARDIZATION
PERFORMED BY NOUS INFOSYSTEMS.

PROBLEM NO.:         1
THEOPHYLLINE ORAL

DATA CHECKOUT RUN:              NO
DATA SET LOCATED ON UNIT NO.:    2
THIS UNIT TO BE REWOUND:        NO
NO. OF DATA RECS IN DATA SET:      132
NO. OF DATA ITEMS IN DATA SET:   4
ID DATA ITEM IS DATA ITEM NO.:   1
DEP VARIABLE IS DATA ITEM NO.:   3

LABELS FOR DATA ITEMS:
ID TIME DV BWT

(NONBLANK) LABELS FOR PRED-DEFINED ITEMS:
IPRE G11 G21 G31 H11

FORMAT FOR DATA:
(4E6.0)

TOT. NO. OF OBS RECS:      132
TOT. NO. OF INDIVIDUALS:       12

LENGTH OF THETA:   3

DEFAULT THETA BOUNDARY TEST OMITTED:    NO

OMEGA HAS BLOCK FORM:
 1
 1  1
 1  1  1

DEFAULT OMEGA BOUNDARY TEST OMITTED:    NO

SIGMA HAS SIMPLE DIAGONAL FORM WITH DIMENSION:   1

DEFAULT SIGMA BOUNDARY TEST OMITTED:    NO

INITIAL ESTIMATE OF THETA:
LOWER BOUND    INITIAL EST    UPPER BOUND
 0.0000E+00     0.5000E+02     0.5000E+03
 0.0000E+00     0.1000E+01     0.1000E+02
 0.0000E+00     0.5000E+01     0.5000E+02

INITIAL ESTIMATE OF OMEGA:
BLOCK SET NO.   BLOCK                                                                    FIXED
       1                                                                                   NO
                 0.2000E+00
                 0.1000E+00   0.2000E+00
                 0.1000E+00   0.1000E+00   0.2000E+00

INITIAL ESTIMATE OF SIGMA:
0.1000E+00

COVARIANCE STEP OMITTED:        NO
EIGENVLS. PRINTED:              NO
SPECIAL COMPUTATION:            NO
COMPRESSED FORMAT:              NO
GRADIENT METHOD USED:     NOSLOW
SIGDIGITS ETAHAT (SIGLO):                  -1
SIGDIGITS GRADIENTS (SIGL):                -1
EXCLUDE COV FOR FOCE (NOFCOV):              NO
TURN OFF Cholesky Transposition of R Matrix (CHOLROFF): NO
KNUTHSUMOFF:                                -1
RESUME COV ANALYSIS (RESUME):               NO
SIR SAMPLE SIZE (SIRSAMPLE):              -1
NON-LINEARLY TRANSFORM THETAS DURING COV (THBND): 1
PRECONDTIONING CYCLES (PRECOND):        0
PRECONDTIONING TYPES (PRECONDS):        TOS
FORCED PRECONDTIONING CYCLES (PFCOND):0
PRECONDTIONING TYPE (PRETYPE):        0
FORCED POS. DEFINITE SETTING: (FPOSDEF):0

TABLES STEP OMITTED:    NO
NO. OF TABLES:           2
SEED NUMBER (SEED):    11456
RANMETHOD:             3U
MC SAMPLES (ESAMPLE):    300
WRES SQUARE ROOT TYPE (WRESCHOL): EIGENVALUE

-- TABLE   1 --

RECORDS ONLY:    ALL

4 COLUMNS APPENDED:    YES
PRINTED:                NO
HEADER:                YES
FILE TO BE FORWARDED:   NO
FORMAT:                S1PE11.4
LFORMAT:
RFORMAT:
FIXED_EFFECT_ETAS:

USER-CHOSEN ITEMS:
ID TIME IPRE CPRED CPREDI CWRES G11 G21 G31 H11

-- TABLE   2 --

RECORDS ONLY:    FIRSTONLY

4 COLUMNS APPENDED:    NO
PRINTED:                NO
HEADER:                YES
FILE TO BE FORWARDED:   NO
FORMAT:                S1PE11.4
LFORMAT:
RFORMAT:
FIXED_EFFECT_ETAS:

USER-CHOSEN ITEMS:
ID ETA1 ETA2 ETA3



#TBLN:      1
#METH: First Order Conditional Estimation

ESTIMATION STEP OMITTED:                 NO
ANALYSIS TYPE:                           POPULATION
NUMBER OF SADDLE POINT RESET ITERATIONS:      0
GRADIENT METHOD USED:               NOSLOW
CONDITIONAL ESTIMATES USED:              YES
CENTERED ETA:                            NO
EPS-ETA INTERACTION:                     NO
LAPLACIAN OBJ. FUNC.:                    NO
NO. OF FUNCT. EVALS. ALLOWED:            9999
NO. OF SIG. FIGURES REQUIRED:            3
INTERMEDIATE PRINTOUT:                   YES
ESTIMATE OUTPUT TO MSF:                  NO
IND. OBJ. FUNC. VALUES SORTED:           NO
NUMERICAL DERIVATIVE
      FILE REQUEST (NUMDER):               NONE
MAP (ETAHAT) ESTIMATION METHOD (OPTMAP):   0
ETA HESSIAN EVALUATION METHOD (ETADER):    0
INITIAL ETA FOR MAP ESTIMATION (MCETA):    0
SIGDIGITS FOR MAP ESTIMATION (SIGLO):      100
GRADIENT SIGDIGITS OF
      FIXED EFFECTS PARAMETERS (SIGL):     100
NOPRIOR SETTING (NOPRIOR):                 OFF
NOCOV SETTING (NOCOV):                     OFF
DERCONT SETTING (DERCONT):                 OFF
FINAL ETA RE-EVALUATION (FNLETA):          ON
EXCLUDE NON-INFLUENTIAL (NON-INFL.) ETAS
      IN SHRINKAGE (ETASTYPE):             NO
NON-INFL. ETA CORRECTION (NONINFETA):      OFF
RAW OUTPUT FILE (FILE): C02-1.ext
EXCLUDE TITLE (NOTITLE):                   NO
EXCLUDE COLUMN LABELS (NOLABEL):           NO
FORMAT FOR ADDITIONAL FILES (FORMAT):      S1PE12.5
PARAMETER ORDER FOR OUTPUTS (ORDER):       TSOL
WISHART PRIOR DF INTERPRETATION (WISHTYPE):0
KNUTHSUMOFF:                               0
INCLUDE LNTWOPI:                           NO
INCLUDE CONSTANT TERM TO PRIOR (PRIORC):   NO
INCLUDE CONSTANT TERM TO OMEGA (ETA) (OLNTWOPI):NO
ADDITIONAL CONVERGENCE TEST (CTYPE=4)?:    NO
EM OR BAYESIAN METHOD USED:                 NONE


THE FOLLOWING LABELS ARE EQUIVALENT
PRED=NPRED
RES=NRES
WRES=NWRES
IWRS=NIWRES
IPRD=NIPRED
IRS=NIRES

MONITORING OF SEARCH:



ITERATION NO.:    0    OBJECTIVE VALUE:   754.160639238166        NO. OF FUNC. EVALS.:   6
CUMULATIVE NO. OF FUNC. EVALS.:        6
NPARAMETR:  5.0000E+01  1.0000E+00  5.0000E+00  2.0000E-01  1.0000E-01  1.0000E-01  2.0000E-01  1.0000E-01  2.0000E-01  1.0000E-01

PARAMETER:  1.0000E-01  1.0000E-01  1.0000E-01  1.0000E-01  1.0000E-01  1.0000E-01  1.0000E-01  1.0000E-01  1.0000E-01  1.0000E-01

GRADIENT:  -1.1032E+02  2.8951E+02  4.2371E+01  8.4058E+01 -7.4772E+02 -1.5849E+02 -6.6062E+02 -2.9683E+02 -6.1768E+01 -7.7889E+02



ITERATION NO.:   49    OBJECTIVE VALUE:   103.494673948722        NO. OF FUNC. EVALS.: 469
CUMULATIVE NO. OF FUNC. EVALS.:      475
NPARAMETR:  3.2136E+01  8.7707E-02  1.5877E+00  1.8994E-02  1.3597E-02  5.6470E-02  1.8605E-02 -7.8013E-03  4.3007E-01  4.7717E-01

PARAMETER: -3.8097E-01 -2.4303E+00 -1.1202E+00 -1.0771E+00  4.4123E-02  1.8324E-01 -1.3139E+00 -3.9662E-01 -5.0119E+00  8.8135E-01

GRADIENT:  -7.9572E-03  1.0235E-02  2.6945E-03  2.4614E-03 -1.5010E-02 -5.7537E-03 -3.8698E-04  2.0263E-03  0.0000E+00 -4.5369E-05


#TERM:

MINIMIZATION SUCCESSFUL
NO. OF FUNCTION EVALUATIONS USED:      475
NO. OF SIG. DIGITS IN FINAL EST.:  3.1

PARAMETER ESTIMATE IS NEAR ITS BOUNDARY

ETABAR IS THE ARITHMETIC MEAN OF THE ETA-ESTIMATES,
AND THE P-VALUE IS GIVEN FOR THE NULL HYPOTHESIS THAT THE TRUE MEAN IS 0.

ETABAR:        -2.2191E-03 -1.2953E-03 -8.1904E-03
SE:             3.8471E-02  3.7960E-02  1.8012E-01
N:                      12          12          12

P VAL.:         9.5400E-01  9.7278E-01  9.6373E-01

ETASHRINKSD(%)  1.0000E-10  1.0000E-10  6.2263E-01
ETASHRINKVR(%)  1.0000E-10  1.0000E-10  1.2414E+00
EBVSHRINKSD(%)  2.7001E+00  3.2597E+00  3.2701E+00
EBVSHRINKVR(%)  5.3273E+00  6.4132E+00  6.4332E+00
EPSSHRINKSD(%)  8.7339E+00
EPSSHRINKVR(%)  1.6705E+01


TOTAL DATA POINTS NORMALLY DISTRIBUTED (N):          132
N*LOG(2PI) CONSTANT TO OBJECTIVE FUNCTION:    242.59977276603360
OBJECTIVE FUNCTION VALUE WITHOUT CONSTANT:    103.49467394872190
OBJECTIVE FUNCTION VALUE WITH CONSTANT:       346.09444671475546
REPORTED OBJECTIVE FUNCTION DOES NOT CONTAIN CONSTANT

TOTAL EFFECTIVE ETAS (NIND*NETA):                            36

#TERE:
Elapsed estimation  time in seconds:     1.05

S MATRIX ALGORITHMICALLY SINGULAR

S MATRIX IS OUTPUT

INVERSE COVARIANCE MATRIX SET TO RS*RMAT, WHERE S* IS A PSEUDO INVERSE OF S
Elapsed covariance  time in seconds:     0.25
Elapsed postprocess time in seconds:     0.02





















************************************************************************************************************************
********************                                                                                ********************
********************                        FIRST ORDER CONDITIONAL ESTIMATION                      ********************
#OBJT:**************                       MINIMUM VALUE OF OBJECTIVE FUNCTION                      ********************
********************                                                                                ********************
************************************************************************************************************************






#OBJV:********************************************      103.495       **************************************************

************************************************************************************************************************
********************                                                                                ********************
********************                        FIRST ORDER CONDITIONAL ESTIMATION                      ********************
********************                             FINAL PARAMETER ESTIMATE                           ********************
********************                                                                                ********************
************************************************************************************************************************



THETA - VECTOR OF FIXED EFFECTS PARAMETERS   *********


        TH 1      TH 2      TH 3

        3.21E+01  8.77E-02  1.59E+00



OMEGA - COV MATRIX FOR RANDOM EFFECTS - ETAS  ********


        ETA1      ETA2      ETA3

ETA1    1.90E-02

ETA2    1.36E-02  1.86E-02

ETA3    5.65E-02 -7.80E-03  4.30E-01



SIGMA - COV MATRIX FOR RANDOM EFFECTS - EPSILONS  ****


        EPS1

EPS1    4.77E-01




OMEGA - CORR MATRIX FOR RANDOM EFFECTS - ETAS  *******


        ETA1      ETA2      ETA3

ETA1    1.38E-01

ETA2    7.23E-01  1.36E-01

ETA3    6.25E-01 -8.72E-02  6.56E-01



SIGMA - CORR MATRIX FOR RANDOM EFFECTS - EPSILONS  ***


        EPS1

EPS1    6.91E-01


************************************************************************************************************************
********************                                                                                ********************
********************                        FIRST ORDER CONDITIONAL ESTIMATION                      ********************
********************                            STANDARD ERROR OF ESTIMATE                          ********************
********************                                                                                ********************
************************************************************************************************************************



THETA - VECTOR OF FIXED EFFECTS PARAMETERS   *********


        TH 1      TH 2      TH 3

        1.50E+00  4.28E-03  3.09E-01



OMEGA - COV MATRIX FOR RANDOM EFFECTS - ETAS  ********


        ETA1      ETA2      ETA3

ETA1    7.10E-03

ETA2    6.83E-03  1.91E-02

ETA3    3.31E-02  2.14E-02  2.17E-01



SIGMA - COV MATRIX FOR RANDOM EFFECTS - EPSILONS  ****


        EPS1

EPS1    1.24E-01




OMEGA - CORR MATRIX FOR RANDOM EFFECTS - ETAS  *******


        ETA1      ETA2      ETA3

ETA1    2.58E-02

ETA2    2.07E-01  6.99E-02

ETA3    2.15E-01  2.35E-01  1.66E-01



SIGMA - CORR MATRIX FOR RANDOM EFFECTS - EPSILONS  ***


        EPS1

EPS1    8.98E-02


************************************************************************************************************************
********************                                                                                ********************
********************                        FIRST ORDER CONDITIONAL ESTIMATION                      ********************
********************                          COVARIANCE MATRIX OF ESTIMATE                         ********************
********************                                                                                ********************
************************************************************************************************************************


           TH 1      TH 2      TH 3      OM11      OM12      OM13      OM22      OM23      OM33      SG11

TH 1    2.26E+00

TH 2    1.52E-03  1.84E-05

TH 3    2.61E-01 -8.35E-05  9.54E-02

OM11   -6.29E-04  1.36E-05 -1.63E-04  5.04E-05

OM12    5.18E-04 -1.91E-05 -3.02E-04 -8.20E-06  4.67E-05

OM13   -4.94E-03  9.16E-06  5.00E-03  1.16E-04 -6.78E-05  1.09E-03

OM22   -3.20E-03 -6.48E-05  3.46E-04 -8.36E-05  9.67E-05 -1.13E-04  3.64E-04

OM23   -8.42E-04 -9.80E-06  2.26E-04  5.24E-05  3.66E-05  1.73E-04 -7.34E-05  4.58E-04

OM33    1.04E-01  8.38E-05  4.11E-02  5.03E-04 -3.14E-04  5.97E-03 -3.55E-04 -1.73E-04  4.72E-02

SG11   -7.49E-02 -2.90E-05 -3.94E-03 -1.62E-04 -7.26E-05 -1.25E-03 -5.19E-05 -1.26E-04 -1.21E-02  1.54E-02


************************************************************************************************************************
********************                                                                                ********************
********************                        FIRST ORDER CONDITIONAL ESTIMATION                      ********************
********************                          CORRELATION MATRIX OF ESTIMATE                        ********************
********************                                                                                ********************
************************************************************************************************************************


           TH 1      TH 2      TH 3      OM11      OM12      OM13      OM22      OM23      OM33      SG11

TH 1    1.50E+00

TH 2    2.36E-01  4.28E-03

TH 3    5.62E-01 -6.31E-02  3.09E-01

OM11   -5.89E-02  4.47E-01 -7.43E-02  7.10E-03

OM12    5.04E-02 -6.51E-01 -1.43E-01 -1.69E-01  6.83E-03

OM13   -9.93E-02  6.47E-02  4.90E-01  4.93E-01 -3.00E-01  3.31E-02

OM22   -1.11E-01 -7.93E-01  5.87E-02 -6.17E-01  7.42E-01 -1.80E-01  1.91E-02

OM23   -2.62E-02 -1.07E-01  3.43E-02  3.45E-01  2.50E-01  2.44E-01 -1.80E-01  2.14E-02

OM33    3.19E-01  9.00E-02  6.13E-01  3.26E-01 -2.11E-01  8.31E-01 -8.57E-02 -3.71E-02  2.17E-01

SG11   -4.02E-01 -5.46E-02 -1.03E-01 -1.84E-01 -8.56E-02 -3.05E-01 -2.19E-02 -4.74E-02 -4.47E-01  1.24E-01


************************************************************************************************************************
********************                                                                                ********************
********************                        FIRST ORDER CONDITIONAL ESTIMATION                      ********************
********************                      INVERSE COVARIANCE MATRIX OF ESTIMATE                     ********************
********************                                                                                ********************
************************************************************************************************************************


           TH 1      TH 2      TH 3      OM11      OM12      OM13      OM22      OM23      OM33      SG11

TH 1    4.91E-02

TH 2   -3.49E+01  2.69E+04

TH 3   -2.34E-01  1.83E+02  1.24E+00

OM11    1.99E+01  4.14E+03  4.99E+01  1.69E+05

OM12   -5.16E+01  6.78E+03  9.13E+00 -2.83E+05  4.83E+05

OM13   -3.63E+00 -1.20E+03 -1.26E+01 -3.47E+04  5.81E+04  7.13E+03

OM22    2.29E+01 -4.73E+03 -1.75E+01  1.11E+05 -1.91E+05 -2.27E+04  7.53E+04

OM23    6.89E+00 -9.53E+02 -1.58E+00  3.75E+04 -6.40E+04 -7.68E+03  2.52E+04  8.47E+03

OM33    1.9E-143  1.0E-140  9.6E-143  2.1E-139 -3.6E-139 -4.5E-140  1.4E-139  4.8E-140  2.8E-283

SG11   -1.60E-01  8.37E+01  5.23E-01 -3.27E+02  5.97E+02  6.61E+01 -2.41E+02 -7.92E+01 -4.1E-142  9.50E-01


************************************************************************************************************************
********************                                                                                ********************
********************                        FIRST ORDER CONDITIONAL ESTIMATION                      ********************
********************                                     S MATRIX                                   ********************
********************                                                                                ********************
************************************************************************************************************************


           TH 1      TH 2      TH 3      OM11      OM12      OM13      OM22      OM23      OM33      SG11

TH 1    7.62E-01

TH 2   -2.98E+01  3.24E+04

TH 3   -2.35E+00  2.07E+02  1.77E+01

OM11   -1.02E+02 -7.51E+03 -3.05E+02  1.21E+05

OM12    2.13E+02  2.62E+04  3.55E+01 -1.85E+05  3.31E+05

OM13    1.26E+01  2.08E+03  1.22E+02 -2.89E+04  4.27E+04  7.29E+03

OM22   -6.61E+01 -2.22E+04 -8.58E+01  7.35E+04 -1.36E+05 -1.72E+04  6.09E+04

OM23   -3.14E+01 -4.67E+03  1.17E+01  2.51E+04 -4.67E+04 -5.66E+03  1.95E+04  6.76E+03

OM33    0.00E+00  0.00E+00  0.00E+00  0.00E+00  0.00E+00  0.00E+00  0.00E+00  0.00E+00  0.00E+00

SG11   -1.32E+01  6.72E+02  3.45E+01  3.51E+03 -5.19E+03 -9.57E+02  1.84E+03  6.93E+02  0.00E+00  8.58E+02

Elapsed finaloutput time in seconds:     0.11
#CPUT: Total CPU Time in Seconds,        1.139
